
**** Build of configuration Debug for project helloWorld ****

/home/dell/ti/ccs9/ccs/utils/bin/gmake -k -j 8 all -O 
 
Building file: "../hello.c"
Invoking: ARM Compiler
"/home/dell/ti/ccs9/ccs/tools/compiler/ti-cgt-arm_18.12.2.LTS/bin/armcl" -mv4 --code_state=32 --include_path="/home/dell/Documents/work/ccs_workspace/helloWorld" --include_path="/home/dell/ti/ccs9/ccs/tools/compiler/ti-cgt-arm_18.12.2.LTS/include" -g --diag_warning=225 --diag_wrap=off --display_error_number --preproc_with_compile --preproc_dependency="hello.d_raw"  "../hello.c"
Finished building: "../hello.c"
 
Building target: "helloWorld.out"
Invoking: ARM Linker
"/home/dell/ti/ccs9/ccs/tools/compiler/ti-cgt-arm_18.12.2.LTS/bin/armcl" -mv4 --code_state=32 -g --diag_warning=225 --diag_wrap=off --display_error_number -z -m"helloWorld.map" -i"/home/dell/ti/ccs9/ccs/tools/compiler/ti-cgt-arm_18.12.2.LTS/lib" -i"/home/dell/ti/ccs9/ccs/tools/compiler/ti-cgt-arm_18.12.2.LTS/include" --reread_libs --diag_wrap=off --display_error_number --warn_sections --xml_link_info="helloWorld_linkInfo.xml" --rom_model -o "helloWorld.out" "./hello.obj"  -llibc.a 
<Linking>
warning #10366-D: automatic library build: using library "/home/dell/ti/ccs9/ccs/tools/compiler/ti-cgt-arm_18.12.2.LTS/lib/rtsv4_A_be_eabi.lib" for the first time, so it must be built.  This may take a few minutes.
Creating library /tmp/TI_MKLIBrhByQE/rtsv4_A_be_eabi.lib
warning #10247-D: creating output section ".text" without a SECTIONS specification
warning #10247-D: creating output section ".const" without a SECTIONS specification
warning #10247-D: creating output section ".data" without a SECTIONS specification
warning #10247-D: creating output section ".bss" without a SECTIONS specification
warning #10247-D: creating output section ".cinit" without a SECTIONS specification
warning #10247-D: creating output section ".sysmem" without a SECTIONS specification
warning #10210-D: creating ".stack" section with default size of 0x800; use the -stack option to change the default size
warning #10210-D: creating ".sysmem" section with default size of 0x800; use the -heap option to change the default size
Finished building target: "helloWorld.out"
 

**** Build Finished ****

**** Build of configuration Debug for project uartconsole_EK_TM4C123GXL_TI ****

/home/dell/ti/ccs9/ccs/utils/bin/gmake -k -j 8 all -O 
 
Building file: "../uartconsole.cfg"
Invoking: XDCtools
"/home/dell/ti/xdctools_3_32_00_06_core/xs" --xdcpath="/home/dell/ti/tirtos_tivac_2_16_00_08/packages;/home/dell/ti/tirtos_tivac_2_16_00_08/products/tidrivers_tivac_2_16_00_08/packages;/home/dell/ti/tirtos_tivac_2_16_00_08/products/bios_6_45_01_29/packages;/home/dell/ti/tirtos_tivac_2_16_00_08/products/ndk_2_25_00_09/packages;/home/dell/ti/tirtos_tivac_2_16_00_08/products/uia_2_00_05_50/packages;/home/dell/ti/tirtos_tivac_2_16_00_08/products/ns_1_11_00_10/packages;" xdc.tools.configuro -o configPkg -t ti.targets.arm.elf.M4F -p ti.platforms.tiva:TM4C123GH6PM -r release -c "/home/dell/ti/ccs9/ccs/tools/compiler/ti-cgt-arm_18.12.2.LTS" --compileOptions "-mv7M4 --code_state=16 --float_support=FPv4SPD16 -me --include_path=\"/home/dell/Documents/work/ccs_workspace/uartconsole_EK_TM4C123GXL_TI\" --include_path=\"/home/dell/Documents/work/ccs_workspace/uartconsole_EK_TM4C123GXL_TI\" --include_path=\"/home/dell/ti/tirtos_tivac_2_16_00_08/products/TivaWare_C_Series-2.1.1.71b\" --include_path=\"/home/dell/ti/tirtos_tivac_2_16_00_08/products/bios_6_45_01_29/packages/ti/sysbios/posix\" --include_path=\"/home/dell/ti/ccs9/ccs/tools/compiler/ti-cgt-arm_18.12.2.LTS/include\" --define=ccs=\"ccs\" --define=PART_TM4C123GH6PM --define=ccs --define=TIVAWARE -g --gcc --diag_warning=225 --diag_warning=255 --diag_wrap=off --display_error_number --gen_func_subsections=on --abi=eabi  " "../uartconsole.cfg"
making package.mak (because of package.bld) ...
generating interfaces for package configPkg (because package/package.xdc.inc is older than package.xdc) ...
configuring uartconsole.xem4f from package/cfg/uartconsole_pem4f.cfg ...
generating custom ti.sysbios library makefile ... 
Starting build of library sources ...
making /home/dell/Documents/work/ccs_workspace/uartconsole_EK_TM4C123GXL_TI/src/sysbios/sysbios.aem4f ...
gmake[1]: Entering directory `/home/dell/Documents/work/ccs_workspace/uartconsole_EK_TM4C123GXL_TI/src/sysbios'
clem4f /home/dell/ti/tirtos_tivac_2_16_00_08/products/bios_6_45_01_29/packages/ti/sysbios/BIOS.c ...
asmem4f /home/dell/ti/tirtos_tivac_2_16_00_08/products/bios_6_45_01_29/packages/ti/sysbios/family/arm/m3/Hwi_asm.sv7M ...
asmem4f /home/dell/ti/tirtos_tivac_2_16_00_08/products/bios_6_45_01_29/packages/ti/sysbios/family/arm/m3/Hwi_asm_switch.sv7M ...
asmem4f /home/dell/ti/tirtos_tivac_2_16_00_08/products/bios_6_45_01_29/packages/ti/sysbios/family/arm/m3/IntrinsicsSupport_asm.sv7M ...
asmem4f /home/dell/ti/tirtos_tivac_2_16_00_08/products/bios_6_45_01_29/packages/ti/sysbios/family/arm/m3/TaskSupport_asm.sv7M ...
arem4f BIOS.obj m3_Hwi_asm.obj m3_Hwi_asm_switch.obj m3_IntrinsicsSupport_asm.obj m3_TaskSupport_asm.obj ...
gmake[1]: Leaving directory `/home/dell/Documents/work/ccs_workspace/uartconsole_EK_TM4C123GXL_TI/src/sysbios'
Build of libraries done.
clem4f package/cfg/uartconsole_pem4f.c ...
"package/cfg/uartconsole_pem4f.c", line 19174: warning #112-D: statement is unreachable
"package/cfg/uartconsole_pem4f.c", line 19660: warning #112-D: statement is unreachable
"package/cfg/uartconsole_pem4f.c", line 19895: warning #112-D: statement is unreachable
"package/cfg/uartconsole_pem4f.c", line 20115: warning #112-D: statement is unreachable
"package/cfg/uartconsole_pem4f.c", line 20296: warning #112-D: statement is unreachable
Finished building: "../uartconsole.cfg"
 
making ../src/sysbios/sysbios.aem4f ...
gmake[1]: Nothing to be done for 'all'.
Building file: "../UARTUtils.c"
Invoking: ARM Compiler
"/home/dell/ti/ccs9/ccs/tools/compiler/ti-cgt-arm_18.12.2.LTS/bin/armcl" -mv7M4 --code_state=16 --float_support=FPv4SPD16 -me --include_path="/home/dell/Documents/work/ccs_workspace/uartconsole_EK_TM4C123GXL_TI" --include_path="/home/dell/Documents/work/ccs_workspace/uartconsole_EK_TM4C123GXL_TI" --include_path="/home/dell/ti/tirtos_tivac_2_16_00_08/products/TivaWare_C_Series-2.1.1.71b" --include_path="/home/dell/ti/tirtos_tivac_2_16_00_08/products/bios_6_45_01_29/packages/ti/sysbios/posix" --include_path="/home/dell/ti/ccs9/ccs/tools/compiler/ti-cgt-arm_18.12.2.LTS/include" --define=ccs="ccs" --define=PART_TM4C123GH6PM --define=ccs --define=TIVAWARE -g --gcc --diag_warning=225 --diag_warning=255 --diag_wrap=off --display_error_number --gen_func_subsections=on --abi=eabi --preproc_with_compile --preproc_dependency="UARTUtils.d_raw" --cmd_file="configPkg/compiler.opt" "../UARTUtils.c"
Finished building: "../UARTUtils.c"
 
Building file: "../uartconsole.c"
Invoking: ARM Compiler
"/home/dell/ti/ccs9/ccs/tools/compiler/ti-cgt-arm_18.12.2.LTS/bin/armcl" -mv7M4 --code_state=16 --float_support=FPv4SPD16 -me --include_path="/home/dell/Documents/work/ccs_workspace/uartconsole_EK_TM4C123GXL_TI" --include_path="/home/dell/Documents/work/ccs_workspace/uartconsole_EK_TM4C123GXL_TI" --include_path="/home/dell/ti/tirtos_tivac_2_16_00_08/products/TivaWare_C_Series-2.1.1.71b" --include_path="/home/dell/ti/tirtos_tivac_2_16_00_08/products/bios_6_45_01_29/packages/ti/sysbios/posix" --include_path="/home/dell/ti/ccs9/ccs/tools/compiler/ti-cgt-arm_18.12.2.LTS/include" --define=ccs="ccs" --define=PART_TM4C123GH6PM --define=ccs --define=TIVAWARE -g --gcc --diag_warning=225 --diag_warning=255 --diag_wrap=off --display_error_number --gen_func_subsections=on --abi=eabi --preproc_with_compile --preproc_dependency="uartconsole.d_raw" --cmd_file="configPkg/compiler.opt" "../uartconsole.c"
Finished building: "../uartconsole.c"
 
Building file: "../USBCDCD_LoggerIdle.c"
Invoking: ARM Compiler
"/home/dell/ti/ccs9/ccs/tools/compiler/ti-cgt-arm_18.12.2.LTS/bin/armcl" -mv7M4 --code_state=16 --float_support=FPv4SPD16 -me --include_path="/home/dell/Documents/work/ccs_workspace/uartconsole_EK_TM4C123GXL_TI" --include_path="/home/dell/Documents/work/ccs_workspace/uartconsole_EK_TM4C123GXL_TI" --include_path="/home/dell/ti/tirtos_tivac_2_16_00_08/products/TivaWare_C_Series-2.1.1.71b" --include_path="/home/dell/ti/tirtos_tivac_2_16_00_08/products/bios_6_45_01_29/packages/ti/sysbios/posix" --include_path="/home/dell/ti/ccs9/ccs/tools/compiler/ti-cgt-arm_18.12.2.LTS/include" --define=ccs="ccs" --define=PART_TM4C123GH6PM --define=ccs --define=TIVAWARE -g --gcc --diag_warning=225 --diag_warning=255 --diag_wrap=off --display_error_number --gen_func_subsections=on --abi=eabi --preproc_with_compile --preproc_dependency="USBCDCD_LoggerIdle.d_raw" --cmd_file="configPkg/compiler.opt" "../USBCDCD_LoggerIdle.c"
Finished building: "../USBCDCD_LoggerIdle.c"
 
Building file: "../EK_TM4C123GXL.c"
Invoking: ARM Compiler
"/home/dell/ti/ccs9/ccs/tools/compiler/ti-cgt-arm_18.12.2.LTS/bin/armcl" -mv7M4 --code_state=16 --float_support=FPv4SPD16 -me --include_path="/home/dell/Documents/work/ccs_workspace/uartconsole_EK_TM4C123GXL_TI" --include_path="/home/dell/Documents/work/ccs_workspace/uartconsole_EK_TM4C123GXL_TI" --include_path="/home/dell/ti/tirtos_tivac_2_16_00_08/products/TivaWare_C_Series-2.1.1.71b" --include_path="/home/dell/ti/tirtos_tivac_2_16_00_08/products/bios_6_45_01_29/packages/ti/sysbios/posix" --include_path="/home/dell/ti/ccs9/ccs/tools/compiler/ti-cgt-arm_18.12.2.LTS/include" --define=ccs="ccs" --define=PART_TM4C123GH6PM --define=ccs --define=TIVAWARE -g --gcc --diag_warning=225 --diag_warning=255 --diag_wrap=off --display_error_number --gen_func_subsections=on --abi=eabi --preproc_with_compile --preproc_dependency="EK_TM4C123GXL.d_raw" --cmd_file="configPkg/compiler.opt" "../EK_TM4C123GXL.c"
Finished building: "../EK_TM4C123GXL.c"
 
making ../src/sysbios/sysbios.aem4f ...
gmake[2]: Nothing to be done for 'all'.
Building target: "uartconsole_EK_TM4C123GXL_TI.out"
Invoking: ARM Linker
"/home/dell/ti/ccs9/ccs/tools/compiler/ti-cgt-arm_18.12.2.LTS/bin/armcl" -mv7M4 --code_state=16 --float_support=FPv4SPD16 -me --define=ccs="ccs" --define=PART_TM4C123GH6PM --define=ccs --define=TIVAWARE -g --gcc --diag_warning=225 --diag_warning=255 --diag_wrap=off --display_error_number --gen_func_subsections=on --abi=eabi -z -m"uartconsole_EK_TM4C123GXL_TI.map" --heap_size=0 --stack_size=512 -i"/home/dell/ti/ccs9/ccs/tools/compiler/ti-cgt-arm_18.12.2.LTS/lib" -i"/home/dell/ti/ccs9/ccs/tools/compiler/ti-cgt-arm_18.12.2.LTS/include" --reread_libs --diag_wrap=off --display_error_number --warn_sections --xml_link_info="uartconsole_EK_TM4C123GXL_TI_linkInfo.xml" --rom_model -o "uartconsole_EK_TM4C123GXL_TI.out" "./EK_TM4C123GXL.obj" "./UARTUtils.obj" "./USBCDCD_LoggerIdle.obj" "./uartconsole.obj" "../EK_TM4C123GXL.cmd" -l"configPkg/linker.cmd" -l"/home/dell/ti/tirtos_tivac_2_16_00_08/products/TivaWare_C_Series-2.1.1.71b/grlib/ccs/Debug/grlib.lib" -l"/home/dell/ti/tirtos_tivac_2_16_00_08/products/TivaWare_C_Series-2.1.1.71b/usblib/ccs/Debug/usblib.lib" -l"/home/dell/ti/tirtos_tivac_2_16_00_08/products/TivaWare_C_Series-2.1.1.71b/driverlib/ccs/Debug/driverlib.lib" -llibc.a 
<Linking>
Finished building target: "uartconsole_EK_TM4C123GXL_TI.out"
 

**** Build Finished ****

**** Build of configuration Debug for project pwmled_EK_TM4C123GXL_TI ****

/home/dell/ti/ccs9/ccs/utils/bin/gmake -k -j 8 all -O 
 
Building file: "../pwmled.cfg"
Invoking: XDCtools
"/home/dell/ti/xdctools_3_32_00_06_core/xs" --xdcpath="/home/dell/ti/tirtos_tivac_2_16_00_08/packages;/home/dell/ti/tirtos_tivac_2_16_00_08/products/tidrivers_tivac_2_16_00_08/packages;/home/dell/ti/tirtos_tivac_2_16_00_08/products/bios_6_45_01_29/packages;/home/dell/ti/tirtos_tivac_2_16_00_08/products/ndk_2_25_00_09/packages;/home/dell/ti/tirtos_tivac_2_16_00_08/products/uia_2_00_05_50/packages;/home/dell/ti/tirtos_tivac_2_16_00_08/products/ns_1_11_00_10/packages;" xdc.tools.configuro -o configPkg -t ti.targets.arm.elf.M4F -p ti.platforms.tiva:TM4C123GH6PM -r release -c "/home/dell/ti/ccs9/ccs/tools/compiler/ti-cgt-arm_18.12.2.LTS" --compileOptions "-mv7M4 --code_state=16 --float_support=FPv4SPD16 -me --include_path=\"/home/dell/Documents/work/ccs_workspace/pwmled_EK_TM4C123GXL_TI\" --include_path=\"/home/dell/Documents/work/ccs_workspace/pwmled_EK_TM4C123GXL_TI\" --include_path=\"/home/dell/ti/tirtos_tivac_2_16_00_08/products/TivaWare_C_Series-2.1.1.71b\" --include_path=\"/home/dell/ti/tirtos_tivac_2_16_00_08/products/bios_6_45_01_29/packages/ti/sysbios/posix\" --include_path=\"/home/dell/ti/ccs9/ccs/tools/compiler/ti-cgt-arm_18.12.2.LTS/include\" --define=ccs=\"ccs\" --define=PART_TM4C123GH6PM --define=ccs --define=TIVAWARE -g --gcc --diag_warning=225 --diag_warning=255 --diag_wrap=off --display_error_number --gen_func_subsections=on --abi=eabi  " "../pwmled.cfg"
making package.mak (because of package.bld) ...
generating interfaces for package configPkg (because package/package.xdc.inc is older than package.xdc) ...
configuring pwmled.xem4f from package/cfg/pwmled_pem4f.cfg ...
generating custom ti.sysbios library makefile ... 
Starting build of library sources ...
making /home/dell/Documents/work/ccs_workspace/pwmled_EK_TM4C123GXL_TI/src/sysbios/sysbios.aem4f ...
gmake[1]: Entering directory `/home/dell/Documents/work/ccs_workspace/pwmled_EK_TM4C123GXL_TI/src/sysbios'
clem4f /home/dell/ti/tirtos_tivac_2_16_00_08/products/bios_6_45_01_29/packages/ti/sysbios/BIOS.c ...
asmem4f /home/dell/ti/tirtos_tivac_2_16_00_08/products/bios_6_45_01_29/packages/ti/sysbios/family/arm/m3/Hwi_asm.sv7M ...
asmem4f /home/dell/ti/tirtos_tivac_2_16_00_08/products/bios_6_45_01_29/packages/ti/sysbios/family/arm/m3/Hwi_asm_switch.sv7M ...
asmem4f /home/dell/ti/tirtos_tivac_2_16_00_08/products/bios_6_45_01_29/packages/ti/sysbios/family/arm/m3/IntrinsicsSupport_asm.sv7M ...
asmem4f /home/dell/ti/tirtos_tivac_2_16_00_08/products/bios_6_45_01_29/packages/ti/sysbios/family/arm/m3/TaskSupport_asm.sv7M ...
arem4f BIOS.obj m3_Hwi_asm.obj m3_Hwi_asm_switch.obj m3_IntrinsicsSupport_asm.obj m3_TaskSupport_asm.obj ...
gmake[1]: Leaving directory `/home/dell/Documents/work/ccs_workspace/pwmled_EK_TM4C123GXL_TI/src/sysbios'
Build of libraries done.
clem4f package/cfg/pwmled_pem4f.c ...
"package/cfg/pwmled_pem4f.c", line 15099: warning #112-D: statement is unreachable
"package/cfg/pwmled_pem4f.c", line 15585: warning #112-D: statement is unreachable
"package/cfg/pwmled_pem4f.c", line 15859: warning #112-D: statement is unreachable
"package/cfg/pwmled_pem4f.c", line 16040: warning #112-D: statement is unreachable
Finished building: "../pwmled.cfg"
 
making ../src/sysbios/sysbios.aem4f ...
gmake[1]: Nothing to be done for 'all'.
Building file: "../pwmled.c"
Invoking: ARM Compiler
"/home/dell/ti/ccs9/ccs/tools/compiler/ti-cgt-arm_18.12.2.LTS/bin/armcl" -mv7M4 --code_state=16 --float_support=FPv4SPD16 -me --include_path="/home/dell/Documents/work/ccs_workspace/pwmled_EK_TM4C123GXL_TI" --include_path="/home/dell/Documents/work/ccs_workspace/pwmled_EK_TM4C123GXL_TI" --include_path="/home/dell/ti/tirtos_tivac_2_16_00_08/products/TivaWare_C_Series-2.1.1.71b" --include_path="/home/dell/ti/tirtos_tivac_2_16_00_08/products/bios_6_45_01_29/packages/ti/sysbios/posix" --include_path="/home/dell/ti/ccs9/ccs/tools/compiler/ti-cgt-arm_18.12.2.LTS/include" --define=ccs="ccs" --define=PART_TM4C123GH6PM --define=ccs --define=TIVAWARE -g --gcc --diag_warning=225 --diag_warning=255 --diag_wrap=off --display_error_number --gen_func_subsections=on --abi=eabi --preproc_with_compile --preproc_dependency="pwmled.d_raw" --cmd_file="configPkg/compiler.opt" "../pwmled.c"
Finished building: "../pwmled.c"
 
Building file: "../EK_TM4C123GXL.c"
Invoking: ARM Compiler
"/home/dell/ti/ccs9/ccs/tools/compiler/ti-cgt-arm_18.12.2.LTS/bin/armcl" -mv7M4 --code_state=16 --float_support=FPv4SPD16 -me --include_path="/home/dell/Documents/work/ccs_workspace/pwmled_EK_TM4C123GXL_TI" --include_path="/home/dell/Documents/work/ccs_workspace/pwmled_EK_TM4C123GXL_TI" --include_path="/home/dell/ti/tirtos_tivac_2_16_00_08/products/TivaWare_C_Series-2.1.1.71b" --include_path="/home/dell/ti/tirtos_tivac_2_16_00_08/products/bios_6_45_01_29/packages/ti/sysbios/posix" --include_path="/home/dell/ti/ccs9/ccs/tools/compiler/ti-cgt-arm_18.12.2.LTS/include" --define=ccs="ccs" --define=PART_TM4C123GH6PM --define=ccs --define=TIVAWARE -g --gcc --diag_warning=225 --diag_warning=255 --diag_wrap=off --display_error_number --gen_func_subsections=on --abi=eabi --preproc_with_compile --preproc_dependency="EK_TM4C123GXL.d_raw" --cmd_file="configPkg/compiler.opt" "../EK_TM4C123GXL.c"
Finished building: "../EK_TM4C123GXL.c"
 
making ../src/sysbios/sysbios.aem4f ...
gmake[2]: Nothing to be done for 'all'.
Building target: "pwmled_EK_TM4C123GXL_TI.out"
Invoking: ARM Linker
"/home/dell/ti/ccs9/ccs/tools/compiler/ti-cgt-arm_18.12.2.LTS/bin/armcl" -mv7M4 --code_state=16 --float_support=FPv4SPD16 -me --define=ccs="ccs" --define=PART_TM4C123GH6PM --define=ccs --define=TIVAWARE -g --gcc --diag_warning=225 --diag_warning=255 --diag_wrap=off --display_error_number --gen_func_subsections=on --abi=eabi -z -m"pwmled_EK_TM4C123GXL_TI.map" --heap_size=0 --stack_size=512 -i"/home/dell/ti/ccs9/ccs/tools/compiler/ti-cgt-arm_18.12.2.LTS/lib" -i"/home/dell/ti/ccs9/ccs/tools/compiler/ti-cgt-arm_18.12.2.LTS/include" --reread_libs --diag_wrap=off --display_error_number --warn_sections --xml_link_info="pwmled_EK_TM4C123GXL_TI_linkInfo.xml" --rom_model -o "pwmled_EK_TM4C123GXL_TI.out" "./EK_TM4C123GXL.obj" "./pwmled.obj" "../EK_TM4C123GXL.cmd" -l"configPkg/linker.cmd" -l"/home/dell/ti/tirtos_tivac_2_16_00_08/products/TivaWare_C_Series-2.1.1.71b/grlib/ccs/Debug/grlib.lib" -l"/home/dell/ti/tirtos_tivac_2_16_00_08/products/TivaWare_C_Series-2.1.1.71b/usblib/ccs/Debug/usblib.lib" -l"/home/dell/ti/tirtos_tivac_2_16_00_08/products/TivaWare_C_Series-2.1.1.71b/driverlib/ccs/Debug/driverlib.lib" -llibc.a 
<Linking>
Finished building target: "pwmled_EK_TM4C123GXL_TI.out"
 

**** Build Finished ****

**** Build of configuration Debug for project pwmled_EK_TM4C123GXL_TI ****

/home/dell/ti/ccs9/ccs/utils/bin/gmake -k -j 8 all -O 
 
Building file: "../pwmled.cfg"
Invoking: XDCtools
"/home/dell/ti/xdctools_3_32_00_06_core/xs" --xdcpath="/home/dell/ti/tirtos_tivac_2_16_00_08/packages;/home/dell/ti/tirtos_tivac_2_16_00_08/products/tidrivers_tivac_2_16_00_08/packages;/home/dell/ti/tirtos_tivac_2_16_00_08/products/bios_6_45_01_29/packages;/home/dell/ti/tirtos_tivac_2_16_00_08/products/ndk_2_25_00_09/packages;/home/dell/ti/tirtos_tivac_2_16_00_08/products/uia_2_00_05_50/packages;/home/dell/ti/tirtos_tivac_2_16_00_08/products/ns_1_11_00_10/packages;" xdc.tools.configuro -o configPkg -t ti.targets.arm.elf.M4F -p ti.platforms.tiva:TM4C123GH6PM -r release -c "/home/dell/ti/ccs9/ccs/tools/compiler/ti-cgt-arm_18.12.2.LTS" --compileOptions "-mv7M4 --code_state=16 --float_support=FPv4SPD16 -me --include_path=\"/home/dell/Documents/work/ccs_workspace/pwmled_EK_TM4C123GXL_TI\" --include_path=\"/home/dell/Documents/work/ccs_workspace/pwmled_EK_TM4C123GXL_TI\" --include_path=\"/home/dell/ti/tirtos_tivac_2_16_00_08/products/TivaWare_C_Series-2.1.1.71b\" --include_path=\"/home/dell/ti/tirtos_tivac_2_16_00_08/products/bios_6_45_01_29/packages/ti/sysbios/posix\" --include_path=\"/home/dell/ti/ccs9/ccs/tools/compiler/ti-cgt-arm_18.12.2.LTS/include\" --define=ccs=\"ccs\" --define=PART_TM4C123GH6PM --define=ccs --define=TIVAWARE -g --gcc --diag_warning=225 --diag_warning=255 --diag_wrap=off --display_error_number --gen_func_subsections=on --abi=eabi  " "../pwmled.cfg"
making package.mak (because of package.bld) ...
generating interfaces for package configPkg (because package/package.xdc.inc is older than package.xdc) ...
configuring pwmled.xem4f from package/cfg/pwmled_pem4f.cfg ...
generating custom ti.sysbios library makefile ... 
Starting build of library sources ...
making /home/dell/Documents/work/ccs_workspace/pwmled_EK_TM4C123GXL_TI/src/sysbios/sysbios.aem4f ...
gmake[1]: Entering directory `/home/dell/Documents/work/ccs_workspace/pwmled_EK_TM4C123GXL_TI/src/sysbios'
clem4f /home/dell/ti/tirtos_tivac_2_16_00_08/products/bios_6_45_01_29/packages/ti/sysbios/BIOS.c ...
asmem4f /home/dell/ti/tirtos_tivac_2_16_00_08/products/bios_6_45_01_29/packages/ti/sysbios/family/arm/m3/Hwi_asm.sv7M ...
asmem4f /home/dell/ti/tirtos_tivac_2_16_00_08/products/bios_6_45_01_29/packages/ti/sysbios/family/arm/m3/Hwi_asm_switch.sv7M ...
asmem4f /home/dell/ti/tirtos_tivac_2_16_00_08/products/bios_6_45_01_29/packages/ti/sysbios/family/arm/m3/IntrinsicsSupport_asm.sv7M ...
asmem4f /home/dell/ti/tirtos_tivac_2_16_00_08/products/bios_6_45_01_29/packages/ti/sysbios/family/arm/m3/TaskSupport_asm.sv7M ...
arem4f BIOS.obj m3_Hwi_asm.obj m3_Hwi_asm_switch.obj m3_IntrinsicsSupport_asm.obj m3_TaskSupport_asm.obj ...
gmake[1]: Leaving directory `/home/dell/Documents/work/ccs_workspace/pwmled_EK_TM4C123GXL_TI/src/sysbios'
Build of libraries done.
clem4f package/cfg/pwmled_pem4f.c ...
"package/cfg/pwmled_pem4f.c", line 15099: warning #112-D: statement is unreachable
"package/cfg/pwmled_pem4f.c", line 15585: warning #112-D: statement is unreachable
"package/cfg/pwmled_pem4f.c", line 15859: warning #112-D: statement is unreachable
"package/cfg/pwmled_pem4f.c", line 16040: warning #112-D: statement is unreachable
Finished building: "../pwmled.cfg"
 
making ../src/sysbios/sysbios.aem4f ...
gmake[1]: Nothing to be done for 'all'.
Building file: "../pwmled.c"
Invoking: ARM Compiler
"/home/dell/ti/ccs9/ccs/tools/compiler/ti-cgt-arm_18.12.2.LTS/bin/armcl" -mv7M4 --code_state=16 --float_support=FPv4SPD16 -me --include_path="/home/dell/Documents/work/ccs_workspace/pwmled_EK_TM4C123GXL_TI" --include_path="/home/dell/Documents/work/ccs_workspace/pwmled_EK_TM4C123GXL_TI" --include_path="/home/dell/ti/tirtos_tivac_2_16_00_08/products/TivaWare_C_Series-2.1.1.71b" --include_path="/home/dell/ti/tirtos_tivac_2_16_00_08/products/bios_6_45_01_29/packages/ti/sysbios/posix" --include_path="/home/dell/ti/ccs9/ccs/tools/compiler/ti-cgt-arm_18.12.2.LTS/include" --define=ccs="ccs" --define=PART_TM4C123GH6PM --define=ccs --define=TIVAWARE -g --gcc --diag_warning=225 --diag_warning=255 --diag_wrap=off --display_error_number --gen_func_subsections=on --abi=eabi --preproc_with_compile --preproc_dependency="pwmled.d_raw" --cmd_file="configPkg/compiler.opt" "../pwmled.c"
Finished building: "../pwmled.c"
 
Building file: "../EK_TM4C123GXL.c"
Invoking: ARM Compiler
"/home/dell/ti/ccs9/ccs/tools/compiler/ti-cgt-arm_18.12.2.LTS/bin/armcl" -mv7M4 --code_state=16 --float_support=FPv4SPD16 -me --include_path="/home/dell/Documents/work/ccs_workspace/pwmled_EK_TM4C123GXL_TI" --include_path="/home/dell/Documents/work/ccs_workspace/pwmled_EK_TM4C123GXL_TI" --include_path="/home/dell/ti/tirtos_tivac_2_16_00_08/products/TivaWare_C_Series-2.1.1.71b" --include_path="/home/dell/ti/tirtos_tivac_2_16_00_08/products/bios_6_45_01_29/packages/ti/sysbios/posix" --include_path="/home/dell/ti/ccs9/ccs/tools/compiler/ti-cgt-arm_18.12.2.LTS/include" --define=ccs="ccs" --define=PART_TM4C123GH6PM --define=ccs --define=TIVAWARE -g --gcc --diag_warning=225 --diag_warning=255 --diag_wrap=off --display_error_number --gen_func_subsections=on --abi=eabi --preproc_with_compile --preproc_dependency="EK_TM4C123GXL.d_raw" --cmd_file="configPkg/compiler.opt" "../EK_TM4C123GXL.c"
Finished building: "../EK_TM4C123GXL.c"
 
making ../src/sysbios/sysbios.aem4f ...
gmake[2]: Nothing to be done for 'all'.
Building target: "pwmled_EK_TM4C123GXL_TI.out"
Invoking: ARM Linker
"/home/dell/ti/ccs9/ccs/tools/compiler/ti-cgt-arm_18.12.2.LTS/bin/armcl" -mv7M4 --code_state=16 --float_support=FPv4SPD16 -me --define=ccs="ccs" --define=PART_TM4C123GH6PM --define=ccs --define=TIVAWARE -g --gcc --diag_warning=225 --diag_warning=255 --diag_wrap=off --display_error_number --gen_func_subsections=on --abi=eabi -z -m"pwmled_EK_TM4C123GXL_TI.map" --heap_size=0 --stack_size=512 -i"/home/dell/ti/ccs9/ccs/tools/compiler/ti-cgt-arm_18.12.2.LTS/lib" -i"/home/dell/ti/ccs9/ccs/tools/compiler/ti-cgt-arm_18.12.2.LTS/include" --reread_libs --diag_wrap=off --display_error_number --warn_sections --xml_link_info="pwmled_EK_TM4C123GXL_TI_linkInfo.xml" --rom_model -o "pwmled_EK_TM4C123GXL_TI.out" "./EK_TM4C123GXL.obj" "./pwmled.obj" "../EK_TM4C123GXL.cmd" -l"configPkg/linker.cmd" -l"/home/dell/ti/tirtos_tivac_2_16_00_08/products/TivaWare_C_Series-2.1.1.71b/grlib/ccs/Debug/grlib.lib" -l"/home/dell/ti/tirtos_tivac_2_16_00_08/products/TivaWare_C_Series-2.1.1.71b/usblib/ccs/Debug/usblib.lib" -l"/home/dell/ti/tirtos_tivac_2_16_00_08/products/TivaWare_C_Series-2.1.1.71b/driverlib/ccs/Debug/driverlib.lib" -llibc.a 
<Linking>
Finished building target: "pwmled_EK_TM4C123GXL_TI.out"
 

**** Build Finished ****

**** Build of configuration Debug for project pwmled_EK_TM4C123GXL_TI ****

/home/dell/ti/ccs9/ccs/utils/bin/gmake -k -j 8 all -O 
 
making ../src/sysbios/sysbios.aem4f ...
gmake[1]: Nothing to be done for 'all'.
making ../src/sysbios/sysbios.aem4f ...
gmake[2]: Nothing to be done for 'all'.

**** Build Finished ****

**** Build of configuration Debug for project proj1 ****

/home/dell/ti/ccs9/ccs/utils/bin/gmake -k -j 8 all -O 
 
Building file: "../main.c"
Invoking: ARM Compiler
"/home/dell/ti/ccs9/ccs/tools/compiler/ti-cgt-arm_18.12.2.LTS/bin/armcl" -mv7M4 --code_state=16 --float_support=FPv4SPD16 -me --include_path="/home/dell/Documents/work/ccs_workspace/proj1" --include_path="/home/dell/ti/ccs9/ccs/tools/compiler/ti-cgt-arm_18.12.2.LTS/include" --define=ccs="ccs" --define=PART_TM4C123GH6PM -g --gcc --diag_warning=225 --diag_wrap=off --display_error_number --abi=eabi --preproc_with_compile --preproc_dependency="main.d_raw"  "../main.c"
Finished building: "../main.c"
 
Building file: "../tm4c123gh6pm_startup_ccs.c"
Invoking: ARM Compiler
"/home/dell/ti/ccs9/ccs/tools/compiler/ti-cgt-arm_18.12.2.LTS/bin/armcl" -mv7M4 --code_state=16 --float_support=FPv4SPD16 -me --include_path="/home/dell/Documents/work/ccs_workspace/proj1" --include_path="/home/dell/ti/ccs9/ccs/tools/compiler/ti-cgt-arm_18.12.2.LTS/include" --define=ccs="ccs" --define=PART_TM4C123GH6PM -g --gcc --diag_warning=225 --diag_wrap=off --display_error_number --abi=eabi --preproc_with_compile --preproc_dependency="tm4c123gh6pm_startup_ccs.d_raw"  "../tm4c123gh6pm_startup_ccs.c"
Finished building: "../tm4c123gh6pm_startup_ccs.c"
 
Building target: "proj1.out"
Invoking: ARM Linker
"/home/dell/ti/ccs9/ccs/tools/compiler/ti-cgt-arm_18.12.2.LTS/bin/armcl" -mv7M4 --code_state=16 --float_support=FPv4SPD16 -me --define=ccs="ccs" --define=PART_TM4C123GH6PM -g --gcc --diag_warning=225 --diag_wrap=off --display_error_number --abi=eabi -z -m"proj1.map" --heap_size=0 --stack_size=512 -i"/home/dell/ti/ccs9/ccs/tools/compiler/ti-cgt-arm_18.12.2.LTS/lib" -i"/home/dell/ti/ccs9/ccs/tools/compiler/ti-cgt-arm_18.12.2.LTS/include" --reread_libs --diag_wrap=off --display_error_number --warn_sections --xml_link_info="proj1_linkInfo.xml" --rom_model -o "proj1.out" "./main.obj" "./tm4c123gh6pm_startup_ccs.obj" "../tm4c123gh6pm.cmd"  -llibc.a 
<Linking>
Finished building target: "proj1.out"
 

**** Build Finished ****

**** Build of configuration Debug for project proj1 ****

/home/dell/ti/ccs9/ccs/utils/bin/gmake -k -j 8 all -O 
 
gmake[1]: 'proj1.out' is up to date.

**** Build Finished ****

**** Build of configuration Debug for project proj1 ****

/home/dell/ti/ccs9/ccs/utils/bin/gmake -k -j 8 all -O 
 
Building file: "../empty_min.cfg"
Invoking: XDCtools
"/home/dell/ti/ccs9/xdctools_3_55_00_11_core/xs" --xdcpath="/home/dell/ti/tirtos_tivac_2_16_01_14/packages;/home/dell/ti/tirtos_tivac_2_16_01_14/products/tidrivers_tivac_2_16_01_13/packages;/home/dell/ti/tirtos_tivac_2_16_01_14/products/bios_6_45_02_31/packages;/home/dell/ti/tirtos_tivac_2_16_01_14/products/ndk_2_25_00_09/packages;/home/dell/ti/tirtos_tivac_2_16_01_14/products/uia_2_00_05_50/packages;/home/dell/ti/tirtos_tivac_2_16_01_14/products/ns_1_11_00_10/packages;" xdc.tools.configuro -o configPkg -t ti.targets.arm.elf.M4F -p ti.platforms.tiva:TM4C123GH6PM -r release -c "/home/dell/ti/ccs9/ccs/tools/compiler/ti-cgt-arm_18.12.2.LTS" --compileOptions "-mv7M4 --code_state=16 --float_support=FPv4SPD16 -me --include_path=\"/home/dell/Documents/work/ccs_workspace/proj1\" --include_path=\"/home/dell/Documents/work/ccs_workspace/proj1\" --include_path=\"/home/dell/ti/tirtos_tivac_2_16_01_14/products/TivaWare_C_Series-2.1.1.71b\" --include_path=\"/home/dell/ti/tirtos_tivac_2_16_01_14/products/bios_6_45_02_31/packages/ti/sysbios/posix\" --include_path=\"/home/dell/ti/ccs9/ccs/tools/compiler/ti-cgt-arm_18.12.2.LTS/include\" --define=ccs=\"ccs\" --define=PART_TM4C123GH6PM --define=ccs --define=TIVAWARE -g --gcc --diag_warning=225 --diag_warning=255 --diag_wrap=off --display_error_number --gen_func_subsections=on --abi=eabi  " "../empty_min.cfg"
making package.mak (because of package.bld) ...
generating interfaces for package configPkg (because package/package.xdc.inc is older than package.xdc) ...
configuring empty_min.xem4f from package/cfg/empty_min_pem4f.cfg ...
subdir_rules.mk:17: recipe for target 'build-473405489-inproc' failed
error: xdc.cfg.Program: "/home/dell/ti/ccs9/xdctools_3_55_00_11_core/packages/xdc/cfg/Program.xs", line 71: xdc.cfg.Program : The package 'ti.sysbios.knl' is not compatible with XDCtools used in this build. Please either use XDCtools compatible with that package, or update the product containing that package, or rebuild the package with XDCtools 3.50 or later.
js: "/home/dell/ti/ccs9/xdctools_3_55_00_11_core/packages/xdc/cfg/Main.xs", line 160: Error: Configuration failed!
gmake: *** [package.mak:201: package/cfg/empty_min_pem4f.xdl] Error 1
js: "/home/dell/ti/ccs9/xdctools_3_55_00_11_core/packages/xdc/tools/Cmdr.xs", line 52: Error: xdc.tools.configuro: configuration failed due to earlier errors (status = 2); 'linker.cmd' deleted.
gmake[1]: *** [build-473405489-inproc] Error 1
gmake: *** No rule to make target 'build-473405489', needed by 'configPkg/compiler.opt'.
gmake: *** No rule to make target 'build-473405489', needed by 'configPkg/linker.cmd'.
gmake: *** No rule to make target 'build-473405489', needed by 'configPkg/compiler.opt'.
gmake: *** No rule to make target 'build-473405489', needed by 'configPkg/compiler.opt'.
gmake: Target 'all' not remade because of errors.

**** Build Finished ****

**** Build of configuration Debug for project proj1 ****

/home/dell/ti/ccs9/ccs/utils/bin/gmake -k -j 8 all -O 
 
Building file: "../empty.cfg"
Invoking: XDCtools
"/home/dell/ti/ccs9/xdctools_3_55_00_11_core/xs" --xdcpath="/home/dell/ti/tirtos_tivac_2_16_01_14/packages;/home/dell/ti/tirtos_tivac_2_16_01_14/products/tidrivers_tivac_2_16_01_13/packages;/home/dell/ti/tirtos_tivac_2_16_01_14/products/bios_6_45_02_31/packages;/home/dell/ti/tirtos_tivac_2_16_01_14/products/ndk_2_25_00_09/packages;/home/dell/ti/tirtos_tivac_2_16_01_14/products/uia_2_00_05_50/packages;/home/dell/ti/tirtos_tivac_2_16_01_14/products/ns_1_11_00_10/packages;" xdc.tools.configuro -o configPkg -t ti.targets.arm.elf.M4F -p ti.platforms.tiva:TM4C123GH6PM -r release -c "/home/dell/ti/ccs9/ccs/tools/compiler/ti-cgt-arm_18.12.2.LTS" --compileOptions "-mv7M4 --code_state=16 --float_support=FPv4SPD16 -me --include_path=\"/home/dell/Documents/work/ccs_workspace/proj1\" --include_path=\"/home/dell/Documents/work/ccs_workspace/proj1\" --include_path=\"/home/dell/ti/tirtos_tivac_2_16_01_14/products/TivaWare_C_Series-2.1.1.71b\" --include_path=\"/home/dell/ti/tirtos_tivac_2_16_01_14/products/bios_6_45_02_31/packages/ti/sysbios/posix\" --include_path=\"/home/dell/ti/ccs9/ccs/tools/compiler/ti-cgt-arm_18.12.2.LTS/include\" --define=ccs=\"ccs\" --define=PART_TM4C123GH6PM --define=ccs --define=TIVAWARE -g --gcc --diag_warning=225 --diag_warning=255 --diag_wrap=off --display_error_number --gen_func_subsections=on --abi=eabi  " "../empty.cfg"
making package.mak (because of package.bld) ...
generating interfaces for package configPkg (because package/package.xdc.inc is older than package.xdc) ...
configuring empty.xem4f from package/cfg/empty_pem4f.cfg ...
subdir_rules.mk:17: recipe for target 'build-1916616449-inproc' failed
error: xdc.cfg.Program: "/home/dell/ti/ccs9/xdctools_3_55_00_11_core/packages/xdc/cfg/Program.xs", line 71: xdc.cfg.Program : The package 'ti.sysbios.knl' is not compatible with XDCtools used in this build. Please either use XDCtools compatible with that package, or update the product containing that package, or rebuild the package with XDCtools 3.50 or later.
js: "/home/dell/ti/ccs9/xdctools_3_55_00_11_core/packages/xdc/cfg/Main.xs", line 160: Error: Configuration failed!
gmake: *** [package.mak:201: package/cfg/empty_pem4f.xdl] Error 1
js: "/home/dell/ti/ccs9/xdctools_3_55_00_11_core/packages/xdc/tools/Cmdr.xs", line 52: Error: xdc.tools.configuro: configuration failed due to earlier errors (status = 2); 'linker.cmd' deleted.
gmake[1]: *** [build-1916616449-inproc] Error 1
gmake: *** No rule to make target 'build-1916616449', needed by 'configPkg/compiler.opt'.
gmake: *** No rule to make target 'build-1916616449', needed by 'configPkg/linker.cmd'.
gmake: *** No rule to make target 'build-1916616449', needed by 'configPkg/compiler.opt'.
gmake: *** No rule to make target 'build-1916616449', needed by 'configPkg/compiler.opt'.
gmake: Target 'all' not remade because of errors.

**** Build Finished ****

**** Build of configuration Debug for project proj1 ****

/home/dell/ti/ccs9/ccs/utils/bin/gmake -k -j 8 all -O 
 
Building file: "../empty.cfg"
Invoking: XDCtools
"/home/dell/ti/ccs9/xdctools_3_55_00_11_core/xs" --xdcpath="/home/dell/ti/tirtos_tivac_2_16_01_14/packages;/home/dell/ti/tirtos_tivac_2_16_01_14/products/tidrivers_tivac_2_16_01_13/packages;/home/dell/ti/tirtos_tivac_2_16_01_14/products/bios_6_45_02_31/packages;/home/dell/ti/tirtos_tivac_2_16_01_14/products/ndk_2_25_00_09/packages;/home/dell/ti/tirtos_tivac_2_16_01_14/products/uia_2_00_05_50/packages;/home/dell/ti/tirtos_tivac_2_16_01_14/products/ns_1_11_00_10/packages;" xdc.tools.configuro -o configPkg -t ti.targets.arm.elf.M4F -p ti.platforms.tiva:TM4C123GH6PM -r release -c "/home/dell/ti/ccs9/ccs/tools/compiler/ti-cgt-arm_18.12.2.LTS" --compileOptions "-mv7M4 --code_state=16 --float_support=FPv4SPD16 -me --include_path=\"/home/dell/Documents/work/ccs_workspace/proj1\" --include_path=\"/home/dell/Documents/work/ccs_workspace/proj1\" --include_path=\"/home/dell/ti/tirtos_tivac_2_16_01_14/products/TivaWare_C_Series-2.1.1.71b\" --include_path=\"/home/dell/ti/tirtos_tivac_2_16_01_14/products/bios_6_45_02_31/packages/ti/sysbios/posix\" --include_path=\"/home/dell/ti/ccs9/ccs/tools/compiler/ti-cgt-arm_18.12.2.LTS/include\" --define=ccs=\"ccs\" --define=PART_TM4C123GH6PM --define=ccs --define=TIVAWARE -g --gcc --diag_warning=225 --diag_warning=255 --diag_wrap=off --display_error_number --gen_func_subsections=on --abi=eabi  " "../empty.cfg"
configuring empty.xem4f from package/cfg/empty_pem4f.cfg ...
generating custom ti.sysbios library makefile ... 
Starting build of library sources ...
making /home/dell/Documents/work/ccs_workspace/proj1/src/sysbios/sysbios.aem4f ...
clem4f /home/dell/ti/tirtos_tivac_2_16_01_14/products/bios_6_45_02_31/packages/ti/sysbios/BIOS.c ...
asmem4f /home/dell/ti/tirtos_tivac_2_16_01_14/products/bios_6_45_02_31/packages/ti/sysbios/family/arm/m3/Hwi_asm.sv7M ...
asmem4f /home/dell/ti/tirtos_tivac_2_16_01_14/products/bios_6_45_02_31/packages/ti/sysbios/family/arm/m3/Hwi_asm_switch.sv7M ...
asmem4f /home/dell/ti/tirtos_tivac_2_16_01_14/products/bios_6_45_02_31/packages/ti/sysbios/family/arm/m3/IntrinsicsSupport_asm.sv7M ...
asmem4f /home/dell/ti/tirtos_tivac_2_16_01_14/products/bios_6_45_02_31/packages/ti/sysbios/family/arm/m3/TaskSupport_asm.sv7M ...
arem4f BIOS.obj m3_Hwi_asm.obj m3_Hwi_asm_switch.obj m3_IntrinsicsSupport_asm.obj m3_TaskSupport_asm.obj ...
Build of libraries done.
clem4f package/cfg/empty_pem4f.c ...
 
>> Compilation failure
subdir_rules.mk:17: recipe for target 'build-1916616449-inproc' failed
"package/cfg/empty_pem4f.c", line 755: warning #145-D: a value of type "xdc_Ptr (*)(xdc_Ptr, xdc_SizeT, xdc_Ptr, const xdc_UChar *, xdc_SizeT, xdc_runtime_Error_Block *)" cannot be used to initialize an entity of type "xdc_Ptr (*)(xdc_CPtr, const xdc_UChar *, xdc_SizeT, xdc_runtime_Error_Block *)"
"package/cfg/empty_pem4f.c", line 776: warning #145-D: a value of type "xdc_Ptr (*)(xdc_Ptr, xdc_SizeT, xdc_Ptr, const xdc_UChar *, xdc_SizeT, xdc_runtime_Error_Block *)" cannot be used to initialize an entity of type "xdc_Ptr (*)(xdc_CPtr, const xdc_UChar *, xdc_SizeT, xdc_runtime_Error_Block *)"
"package/cfg/empty_pem4f.c", line 798: warning #145-D: a value of type "xdc_Ptr (*)(xdc_Ptr, xdc_SizeT, xdc_Ptr, const xdc_UChar *, xdc_SizeT, xdc_runtime_Error_Block *)" cannot be used to initialize an entity of type "xdc_Ptr (*)(xdc_CPtr, const xdc_UChar *, xdc_SizeT, xdc_runtime_Error_Block *)"
"package/cfg/empty_pem4f.c", line 13952: error #148: declaration is incompatible with "xdc_Ptr ti_sysbios_BIOS_RtsGateProxy_Proxy__delegate__S(void)" (declared at line 244 of "/home/dell/ti/tirtos_tivac_2_16_01_14/products/bios_6_45_02_31/packages/ti/sysbios/package/BIOS_RtsGateProxy.h")
"package/cfg/empty_pem4f.c", line 14127: fatal error #35: #error directive: The package 'ti.sysbios.family.arm.lm4' is not compatible with XDCtools used in this build. Please rebuild the package with XDCtools 3.50 or later.
1 error and 1 catastrophic error detected in the compilation of "package/cfg/empty_pem4f.c".
Compilation terminated.
gmake: *** [package/cfg/empty_pem4f.mak:18: package/cfg/empty_pem4f.oem4f] Error 1
js: "/home/dell/ti/ccs9/xdctools_3_55_00_11_core/packages/xdc/tools/Cmdr.xs", line 52: Error: xdc.tools.configuro: configuration failed due to earlier errors (status = 2); 'linker.cmd' deleted.
gmake[1]: *** [build-1916616449-inproc] Error 1
gmake: *** [build-1916616449] Error 2
subdir_rules.mk:14: recipe for target 'build-1916616449' failed
gmake: Target 'all' not remade because of errors.

**** Build Finished ****

**** Build of configuration Debug for project proj1 ****

/home/dell/ti/ccs9/ccs/utils/bin/gmake -k -j 8 all -O 
 
making ../src/sysbios/sysbios.aem4f ...
Building file: "../empty.cfg"
Invoking: XDCtools
"/home/dell/ti/ccs9/xdctools_3_55_00_11_core/xs" --xdcpath="/home/dell/ti/tirtos_tivac_2_16_01_14/packages;/home/dell/ti/tirtos_tivac_2_16_01_14/products/tidrivers_tivac_2_16_01_13/packages;/home/dell/ti/tirtos_tivac_2_16_01_14/products/bios_6_45_02_31/packages;/home/dell/ti/tirtos_tivac_2_16_01_14/products/ndk_2_25_00_09/packages;/home/dell/ti/tirtos_tivac_2_16_01_14/products/uia_2_00_05_50/packages;/home/dell/ti/tirtos_tivac_2_16_01_14/products/ns_1_11_00_10/packages;" xdc.tools.configuro -o configPkg -t ti.targets.arm.elf.M4F -p ti.platforms.tiva:TM4C123GH6PM -r release -c "/home/dell/ti/ccs9/ccs/tools/compiler/ti-cgt-arm_18.12.2.LTS" --compileOptions "-mv7M4 --code_state=16 --float_support=FPv4SPD16 -me --include_path=\"/home/dell/Documents/work/ccs_workspace/proj1\" --include_path=\"/home/dell/Documents/work/ccs_workspace/proj1\" --include_path=\"/home/dell/ti/tirtos_tivac_2_16_01_14/products/TivaWare_C_Series-2.1.1.71b\" --include_path=\"/home/dell/ti/tirtos_tivac_2_16_01_14/products/bios_6_45_02_31/packages/ti/sysbios/posix\" --include_path=\"/home/dell/ti/ccs9/ccs/tools/compiler/ti-cgt-arm_18.12.2.LTS/include\" --define=ccs=\"ccs\" --define=PART_TM4C123GH6PM --define=ccs --define=TIVAWARE -g --gcc --diag_warning=225 --diag_warning=255 --diag_wrap=off --display_error_number --gen_func_subsections=on --abi=eabi  " "../empty.cfg"
gmake[1]: Nothing to be done for 'all'.
configuring empty.xem4f from package/cfg/empty_pem4f.cfg ...
subdir_rules.mk:17: recipe for target 'build-1916616449-inproc' failed
error: xdc.cfg.Program: "/home/dell/ti/ccs9/xdctools_3_55_00_11_core/packages/xdc/cfg/Program.xs", line 71: xdc.cfg.Program : The package 'ti.sysbios.knl' is not compatible with XDCtools used in this build. Please either use XDCtools compatible with that package, or update the product containing that package, or rebuild the package with XDCtools 3.50 or later.
js: "/home/dell/ti/ccs9/xdctools_3_55_00_11_core/packages/xdc/cfg/Main.xs", line 160: Error: Configuration failed!
gmake: *** [package.mak:201: package/cfg/empty_pem4f.xdl] Error 1
gmake: *** [package/cfg/empty_pem4f.xdl] Deleting file 'package/cfg/empty_pem4f.h'
gmake: *** [package/cfg/empty_pem4f.xdl] Deleting file 'package/cfg/empty_pem4f.c'
js: "/home/dell/ti/ccs9/xdctools_3_55_00_11_core/packages/xdc/tools/Cmdr.xs", line 52: Error: xdc.tools.configuro: configuration failed due to earlier errors (status = 2); 'linker.cmd' deleted.
gmake[1]: *** [build-1916616449-inproc] Error 1
gmake: *** [build-1916616449] Error 2
subdir_rules.mk:14: recipe for target 'build-1916616449' failed
gmake: Target 'all' not remade because of errors.

**** Build Finished ****
Buildfile generation error occurred..
This project does not contain a buildable RTSC Configuration (.cfg) file. In order for it to build, this project must contain one RTSC Configuration file that is not excluded from build.
Build stopped..

**** Build of configuration Debug for project test1 ****

/home/dell/ti/ccs9/ccs/utils/bin/gmake -k -j 8 all -O 
 
Building file: "../test1.cfg"
Invoking: XDCtools
"/home/dell/ti/ccs9/xdctools_3_55_00_11_core/xs" --xdcpath="/home/dell/ti/tirtos_tivac_2_16_01_14/packages;/home/dell/ti/tirtos_tivac_2_16_01_14/products/tidrivers_tivac_2_16_01_13/packages;/home/dell/ti/tirtos_tivac_2_16_01_14/products/bios_6_45_02_31/packages;/home/dell/ti/tirtos_tivac_2_16_01_14/products/ndk_2_25_00_09/packages;/home/dell/ti/tirtos_tivac_2_16_01_14/products/uia_2_00_05_50/packages;/home/dell/ti/tirtos_tivac_2_16_01_14/products/ns_1_11_00_10/packages;" xdc.tools.configuro -o configPkg -t ti.targets.arm.elf.M4F -p ti.platforms.tiva:TM4C123GH6PM -r release -c "/home/dell/ti/ccs9/ccs/tools/compiler/ti-cgt-arm_18.12.2.LTS" "../test1.cfg"
making package.mak (because of package.bld) ...
generating interfaces for package configPkg (because package/package.xdc.inc is older than package.xdc) ...
configuring test1.xem4f from package/cfg/test1_pem4f.cfg ...
clem4f package/cfg/test1_pem4f.c ...
Finished building: "../test1.cfg"
 
Building target: "test1.out"
Invoking: ARM Linker
"/home/dell/ti/ccs9/ccs/tools/compiler/ti-cgt-arm_18.12.2.LTS/bin/armcl" -mv7M4 --code_state=16 --float_support=FPv4SPD16 -me --define=ccs="ccs" --define=PART_TM4C123GH6PM -g --gcc --diag_warning=225 --diag_wrap=off --display_error_number --abi=eabi -z -m"test1.map" --heap_size=0 --stack_size=512 -i"/home/dell/ti/ccs9/ccs/tools/compiler/ti-cgt-arm_18.12.2.LTS/lib" -i"/home/dell/ti/ccs9/ccs/tools/compiler/ti-cgt-arm_18.12.2.LTS/include" --reread_libs --diag_wrap=off --display_error_number --warn_sections --xml_link_info="test1_linkInfo.xml" --rom_model -o "test1.out" -l"configPkg/linker.cmd" -llibc.a 
<Linking>
warning #10247-D: creating output section ".const" without a SECTIONS specification
warning #10247-D: creating output section ".data" without a SECTIONS specification
warning #10247-D: creating output section ".text" without a SECTIONS specification
warning #10247-D: creating output section ".sysmem" without a SECTIONS specification
warning #10247-D: creating output section ".bss" without a SECTIONS specification
warning #10247-D: creating output section ".bss:.common" without a SECTIONS specification
warning #10247-D: creating output section ".cinit" without a SECTIONS specification
"configPkg/linker.cmd", line 95: warning #10096-D: specified address lies outside memory map
error #10264: DEFAULT memory range overlaps existing memory range RAM
 
 undefined first referenced                                                                                               
  symbol       in file                                                                                                    
 --------- ----------------                                                                                               
 main      /home/dell/ti/ccs9/ccs/tools/compiler/ti-cgt-arm_18.12.2.LTS/lib/rtsv7M4_T_le_v4SPD16_eabi.lib<args_main.c.obj>
 
error #10234-D: unresolved symbols remain
error #10010: errors encountered during linking; "test1.out" not built
 
>> Compilation failure
makefile:137: recipe for target 'test1.out' failed
gmake[1]: *** [test1.out] Error 1
gmake: *** [all] Error 2
makefile:133: recipe for target 'all' failed

**** Build Finished ****

**** Build of configuration Debug for project pwmled_EK_TM4C123GXL_TI ****

/home/dell/ti/ccs9/ccs/utils/bin/gmake -k -j 8 all -O 
 
making ../src/sysbios/sysbios.aem4f ...
Building file: "../pwmled.cfg"
Invoking: XDCtools
"/home/dell/ti/xdctools_3_32_00_06_core/xs" --xdcpath="/home/dell/ti/tirtos_tivac_2_16_00_08/packages;/home/dell/ti/tirtos_tivac_2_16_00_08/products/tidrivers_tivac_2_16_00_08/packages;/home/dell/ti/tirtos_tivac_2_16_00_08/products/bios_6_45_01_29/packages;/home/dell/ti/tirtos_tivac_2_16_00_08/products/ndk_2_25_00_09/packages;/home/dell/ti/tirtos_tivac_2_16_00_08/products/uia_2_00_05_50/packages;/home/dell/ti/tirtos_tivac_2_16_00_08/products/ns_1_11_00_10/packages;" xdc.tools.configuro -o configPkg -t ti.targets.arm.elf.M4F -p ti.platforms.tiva:TM4C123GH6PM -r release -c "/home/dell/ti/ccs9/ccs/tools/compiler/ti-cgt-arm_18.12.2.LTS" --compileOptions "-mv7M4 --code_state=16 --float_support=FPv4SPD16 -me --include_path=\"/home/dell/Documents/work/ccs_workspace/pwmled_EK_TM4C123GXL_TI\" --include_path=\"/home/dell/Documents/work/ccs_workspace/pwmled_EK_TM4C123GXL_TI\" --include_path=\"/home/dell/ti/tirtos_tivac_2_16_00_08/products/TivaWare_C_Series-2.1.1.71b\" --include_path=\"/home/dell/ti/tirtos_tivac_2_16_00_08/products/bios_6_45_01_29/packages/ti/sysbios/posix\" --include_path=\"/home/dell/ti/ccs9/ccs/tools/compiler/ti-cgt-arm_18.12.2.LTS/include\" --define=ccs=\"ccs\" --define=PART_TM4C123GH6PM --define=ccs --define=TIVAWARE -g --gcc --diag_warning=225 --diag_warning=255 --diag_wrap=off --display_error_number --gen_func_subsections=on --abi=eabi  " "../pwmled.cfg"
gmake[1]: Nothing to be done for 'all'.
configuring pwmled.xem4f from package/cfg/pwmled_pem4f.cfg ...
generating custom ti.sysbios library makefile ... 
Starting build of library sources ...
making /home/dell/Documents/work/ccs_workspace/pwmled_EK_TM4C123GXL_TI/src/sysbios/sysbios.aem4f ...
gmake[1]: Entering directory `/home/dell/Documents/work/ccs_workspace/pwmled_EK_TM4C123GXL_TI/src/sysbios'
gmake[1]: Nothing to be done for `all'.
gmake[1]: Leaving directory `/home/dell/Documents/work/ccs_workspace/pwmled_EK_TM4C123GXL_TI/src/sysbios'
Build of libraries done.
clem4f package/cfg/pwmled_pem4f.c ...
"package/cfg/pwmled_pem4f.c", line 15099: warning #112-D: statement is unreachable
"package/cfg/pwmled_pem4f.c", line 15585: warning #112-D: statement is unreachable
"package/cfg/pwmled_pem4f.c", line 15859: warning #112-D: statement is unreachable
"package/cfg/pwmled_pem4f.c", line 16040: warning #112-D: statement is unreachable
Finished building: "../pwmled.cfg"
 
making ../src/sysbios/sysbios.aem4f ...
gmake[2]: Nothing to be done for 'all'.
Building target: "pwmled_EK_TM4C123GXL_TI.out"
Invoking: ARM Linker
"/home/dell/ti/ccs9/ccs/tools/compiler/ti-cgt-arm_18.12.2.LTS/bin/armcl" -mv7M4 --code_state=16 --float_support=FPv4SPD16 -me --define=ccs="ccs" --define=PART_TM4C123GH6PM --define=ccs --define=TIVAWARE -g --gcc --diag_warning=225 --diag_warning=255 --diag_wrap=off --display_error_number --gen_func_subsections=on --abi=eabi -z -m"pwmled_EK_TM4C123GXL_TI.map" --heap_size=0 --stack_size=512 -i"/home/dell/ti/ccs9/ccs/tools/compiler/ti-cgt-arm_18.12.2.LTS/lib" -i"/home/dell/ti/ccs9/ccs/tools/compiler/ti-cgt-arm_18.12.2.LTS/include" --reread_libs --diag_wrap=off --display_error_number --warn_sections --xml_link_info="pwmled_EK_TM4C123GXL_TI_linkInfo.xml" --rom_model -o "pwmled_EK_TM4C123GXL_TI.out" "./EK_TM4C123GXL.obj" "./pwmled.obj" "../EK_TM4C123GXL.cmd" -l"configPkg/linker.cmd" -l"/home/dell/ti/tirtos_tivac_2_16_00_08/products/TivaWare_C_Series-2.1.1.71b/grlib/ccs/Debug/grlib.lib" -l"/home/dell/ti/tirtos_tivac_2_16_00_08/products/TivaWare_C_Series-2.1.1.71b/usblib/ccs/Debug/usblib.lib" -l"/home/dell/ti/tirtos_tivac_2_16_00_08/products/TivaWare_C_Series-2.1.1.71b/driverlib/ccs/Debug/driverlib.lib" -llibc.a 
<Linking>
Finished building target: "pwmled_EK_TM4C123GXL_TI.out"
 

**** Build Finished ****

**** Build of configuration Debug for project test ****

/home/dell/ti/ccs9/ccs/utils/bin/gmake -k -j 8 all -O 
 
Building file: "../tm4c123gh6pm_startup_ccs.c"
Invoking: ARM Compiler
"/home/dell/ti/ccs9/ccs/tools/compiler/ti-cgt-arm_18.12.2.LTS/bin/armcl" -mv7M4 --code_state=16 --float_support=FPv4SPD16 -me --include_path="/home/dell/Documents/work/ccs_workspace/test" --include_path="/home/dell/ti/ccs9/ccs/tools/compiler/ti-cgt-arm_18.12.2.LTS/include" --define=ccs="ccs" --define=PART_TM4C123GH6PM -g --gcc --diag_warning=225 --diag_wrap=off --display_error_number --abi=eabi --preproc_with_compile --preproc_dependency="tm4c123gh6pm_startup_ccs.d_raw"  "../tm4c123gh6pm_startup_ccs.c"
Finished building: "../tm4c123gh6pm_startup_ccs.c"
 
Building target: "test.out"
Invoking: ARM Linker
"/home/dell/ti/ccs9/ccs/tools/compiler/ti-cgt-arm_18.12.2.LTS/bin/armcl" -mv7M4 --code_state=16 --float_support=FPv4SPD16 -me --define=ccs="ccs" --define=PART_TM4C123GH6PM -g --gcc --diag_warning=225 --diag_wrap=off --display_error_number --abi=eabi -z -m"test.map" --heap_size=0 --stack_size=512 -i"/home/dell/ti/ccs9/ccs/tools/compiler/ti-cgt-arm_18.12.2.LTS/lib" -i"/home/dell/ti/ccs9/ccs/tools/compiler/ti-cgt-arm_18.12.2.LTS/include" --reread_libs --diag_wrap=off --display_error_number --warn_sections --xml_link_info="test_linkInfo.xml" --rom_model -o "test.out" "./tm4c123gh6pm_startup_ccs.obj" "../tm4c123gh6pm.cmd"  -llibc.a 
<Linking>
 
 undefined first referenced                                                                                                   
  symbol       in file                                                                                                        
 --------- ----------------                                                                                                   
 main      /home/dell/ti/ccs9/ccs/tools/compiler/ti-cgt-arm_18.12.2.LTS/lib/rtsv7M4_T_le_v4SPD16_eabi.lib<boot_cortex_m.c.obj>
 
error #10234-D: unresolved symbols remain
error #10010: errors encountered during linking; "test.out" not built
 
>> Compilation failure
makefile:139: recipe for target 'test.out' failed
gmake[1]: *** [test.out] Error 1
gmake: *** [all] Error 2
makefile:135: recipe for target 'all' failed

**** Build Finished ****

**** Build of configuration Debug for project test ****

/home/dell/ti/ccs9/ccs/utils/bin/gmake -k -j 8 all -O 
 
Building file: "../myApp.c"
Invoking: ARM Compiler
"/home/dell/ti/ccs9/ccs/tools/compiler/ti-cgt-arm_18.12.2.LTS/bin/armcl" -mv7M4 --code_state=16 --float_support=FPv4SPD16 -me --include_path="/home/dell/Documents/work/ccs_workspace/test" --include_path="/home/dell/ti/ccs9/ccs/tools/compiler/ti-cgt-arm_18.12.2.LTS/include" --define=ccs="ccs" --define=PART_TM4C123GH6PM -g --gcc --diag_warning=225 --diag_wrap=off --display_error_number --abi=eabi --preproc_with_compile --preproc_dependency="myApp.d_raw"  "../myApp.c"
"../myApp.c", line 5: warning #552-D: variable "a" was set but never used
Finished building: "../myApp.c"
 
Building target: "test.out"
Invoking: ARM Linker
"/home/dell/ti/ccs9/ccs/tools/compiler/ti-cgt-arm_18.12.2.LTS/bin/armcl" -mv7M4 --code_state=16 --float_support=FPv4SPD16 -me --define=ccs="ccs" --define=PART_TM4C123GH6PM -g --gcc --diag_warning=225 --diag_wrap=off --display_error_number --abi=eabi -z -m"test.map" --heap_size=0 --stack_size=512 -i"/home/dell/ti/ccs9/ccs/tools/compiler/ti-cgt-arm_18.12.2.LTS/lib" -i"/home/dell/ti/ccs9/ccs/tools/compiler/ti-cgt-arm_18.12.2.LTS/include" --reread_libs --diag_wrap=off --display_error_number --warn_sections --xml_link_info="test_linkInfo.xml" --rom_model -o "test.out" "./myApp.obj" "./tm4c123gh6pm_startup_ccs.obj" "../tm4c123gh6pm.cmd"  -llibc.a 
<Linking>
Finished building target: "test.out"
 

**** Build Finished ****

**** Build of configuration Debug for project test ****

/home/dell/ti/ccs9/ccs/utils/bin/gmake -k -j 8 all -O 
 
Building file: "../myApp.c"
Invoking: ARM Compiler
"/home/dell/ti/ccs9/ccs/tools/compiler/ti-cgt-arm_18.12.2.LTS/bin/armcl" -mv7M4 --code_state=16 --float_support=FPv4SPD16 -me --include_path="/home/dell/Documents/work/ccs_workspace/test" --include_path="/home/dell/ti/ccs9/ccs/tools/compiler/ti-cgt-arm_18.12.2.LTS/include" --define=ccs="ccs" --define=PART_TM4C123GH6PM -g --gcc --diag_warning=225 --diag_wrap=off --display_error_number --abi=eabi --preproc_with_compile --preproc_dependency="myApp.d_raw"  "../myApp.c"
 
>> Compilation failure
subdir_rules.mk:7: recipe for target 'myApp.obj' failed
"../myApp.c", line 37: fatal error #1965: cannot open source file "xdc/std.h"
1 catastrophic error detected in the compilation of "../myApp.c".
Compilation terminated.
gmake: *** [myApp.obj] Error 1
gmake: Target 'all' not remade because of errors.

**** Build Finished ****

**** Build of configuration Debug for project test ****

/home/dell/ti/ccs9/ccs/utils/bin/gmake -k -j 8 all -O 
 
Building file: "../myApp.c"
Invoking: ARM Compiler
"/home/dell/ti/ccs9/ccs/tools/compiler/ti-cgt-arm_18.12.2.LTS/bin/armcl" -mv7M4 --code_state=16 --float_support=FPv4SPD16 -me --include_path="/home/dell/Documents/work/ccs_workspace/test" --include_path="/home/dell/ti/ccs9/ccs/tools/compiler/ti-cgt-arm_18.12.2.LTS/include" --define=ccs="ccs" --define=PART_TM4C123GH6PM -g --gcc --diag_warning=225 --diag_wrap=off --display_error_number --abi=eabi --preproc_with_compile --preproc_dependency="myApp.d_raw"  "../myApp.c"
 
>> Compilation failure
subdir_rules.mk:7: recipe for target 'myApp.obj' failed
"../myApp.c", line 37: fatal error #1965: cannot open source file "xdc/std.h"
1 catastrophic error detected in the compilation of "../myApp.c".
Compilation terminated.
gmake: *** [myApp.obj] Error 1
gmake: Target 'all' not remade because of errors.

**** Build Finished ****

**** Build of configuration Debug for project test ****

/home/dell/ti/ccs9/ccs/utils/bin/gmake -k -j 8 all -O 
 
Building file: "../myApp.c"
Invoking: ARM Compiler
"/home/dell/ti/ccs9/ccs/tools/compiler/ti-cgt-arm_18.12.2.LTS/bin/armcl" -mv7M4 --code_state=16 --float_support=FPv4SPD16 -me --include_path="/home/dell/Documents/work/ccs_workspace/test" --include_path="/home/dell/ti/ccs9/ccs/tools/compiler/ti-cgt-arm_18.12.2.LTS/include" --define=ccs="ccs" --define=PART_TM4C123GH6PM -g --gcc --diag_warning=225 --diag_wrap=off --display_error_number --abi=eabi --preproc_with_compile --preproc_dependency="myApp.d_raw"  "../myApp.c"
 
>> Compilation failure
subdir_rules.mk:7: recipe for target 'myApp.obj' failed
"../myApp.c", line 37: fatal error #1965: cannot open source file "xdc/std.h"
1 catastrophic error detected in the compilation of "../myApp.c".
Compilation terminated.
gmake: *** [myApp.obj] Error 1
gmake: Target 'all' not remade because of errors.

**** Build Finished ****

**** Build of configuration Debug for project empty_EK_TM4C123GXL_TI ****

/home/dell/ti/ccs9/ccs/utils/bin/gmake -k -j 8 all -O 
 
Building file: "../empty.cfg"
Invoking: XDCtools
"/home/dell/ti/xdctools_3_32_00_06_core/xs" --xdcpath="/home/dell/ti/tirtos_tivac_2_16_00_08/packages;/home/dell/ti/tirtos_tivac_2_16_00_08/products/tidrivers_tivac_2_16_00_08/packages;/home/dell/ti/tirtos_tivac_2_16_00_08/products/bios_6_45_01_29/packages;/home/dell/ti/tirtos_tivac_2_16_00_08/products/ndk_2_25_00_09/packages;/home/dell/ti/tirtos_tivac_2_16_00_08/products/uia_2_00_05_50/packages;/home/dell/ti/tirtos_tivac_2_16_00_08/products/ns_1_11_00_10/packages;" xdc.tools.configuro -o configPkg -t ti.targets.arm.elf.M4F -p ti.platforms.tiva:TM4C123GH6PM -r release -c "/home/dell/ti/ccs9/ccs/tools/compiler/ti-cgt-arm_18.12.2.LTS" --compileOptions "-mv7M4 --code_state=16 --float_support=FPv4SPD16 -me --include_path=\"/home/dell/Documents/work/ccs_workspace/empty_EK_TM4C123GXL_TI\" --include_path=\"/home/dell/Documents/work/ccs_workspace/empty_EK_TM4C123GXL_TI\" --include_path=\"/home/dell/ti/tirtos_tivac_2_16_00_08/products/TivaWare_C_Series-2.1.1.71b\" --include_path=\"/home/dell/ti/tirtos_tivac_2_16_00_08/products/bios_6_45_01_29/packages/ti/sysbios/posix\" --include_path=\"/home/dell/ti/ccs9/ccs/tools/compiler/ti-cgt-arm_18.12.2.LTS/include\" --define=ccs=\"ccs\" --define=PART_TM4C123GH6PM --define=ccs --define=TIVAWARE -g --gcc --diag_warning=225 --diag_warning=255 --diag_wrap=off --display_error_number --gen_func_subsections=on --abi=eabi  " "../empty.cfg"
making package.mak (because of package.bld) ...
generating interfaces for package configPkg (because package/package.xdc.inc is older than package.xdc) ...
configuring empty.xem4f from package/cfg/empty_pem4f.cfg ...
generating custom ti.sysbios library makefile ... 
Starting build of library sources ...
making /home/dell/Documents/work/ccs_workspace/empty_EK_TM4C123GXL_TI/src/sysbios/sysbios.aem4f ...
gmake[1]: Entering directory `/home/dell/Documents/work/ccs_workspace/empty_EK_TM4C123GXL_TI/src/sysbios'
clem4f /home/dell/ti/tirtos_tivac_2_16_00_08/products/bios_6_45_01_29/packages/ti/sysbios/BIOS.c ...
asmem4f /home/dell/ti/tirtos_tivac_2_16_00_08/products/bios_6_45_01_29/packages/ti/sysbios/family/arm/m3/Hwi_asm.sv7M ...
asmem4f /home/dell/ti/tirtos_tivac_2_16_00_08/products/bios_6_45_01_29/packages/ti/sysbios/family/arm/m3/Hwi_asm_switch.sv7M ...
asmem4f /home/dell/ti/tirtos_tivac_2_16_00_08/products/bios_6_45_01_29/packages/ti/sysbios/family/arm/m3/IntrinsicsSupport_asm.sv7M ...
asmem4f /home/dell/ti/tirtos_tivac_2_16_00_08/products/bios_6_45_01_29/packages/ti/sysbios/family/arm/m3/TaskSupport_asm.sv7M ...
arem4f BIOS.obj m3_Hwi_asm.obj m3_Hwi_asm_switch.obj m3_IntrinsicsSupport_asm.obj m3_TaskSupport_asm.obj ...
gmake[1]: Leaving directory `/home/dell/Documents/work/ccs_workspace/empty_EK_TM4C123GXL_TI/src/sysbios'
Build of libraries done.
clem4f package/cfg/empty_pem4f.c ...
"package/cfg/empty_pem4f.c", line 15101: warning #112-D: statement is unreachable
"package/cfg/empty_pem4f.c", line 15587: warning #112-D: statement is unreachable
"package/cfg/empty_pem4f.c", line 15861: warning #112-D: statement is unreachable
"package/cfg/empty_pem4f.c", line 16042: warning #112-D: statement is unreachable
Finished building: "../empty.cfg"
 
making ../src/sysbios/sysbios.aem4f ...
gmake[1]: Nothing to be done for 'all'.
Building file: "../empty.c"
Invoking: ARM Compiler
"/home/dell/ti/ccs9/ccs/tools/compiler/ti-cgt-arm_18.12.2.LTS/bin/armcl" -mv7M4 --code_state=16 --float_support=FPv4SPD16 -me --include_path="/home/dell/Documents/work/ccs_workspace/empty_EK_TM4C123GXL_TI" --include_path="/home/dell/Documents/work/ccs_workspace/empty_EK_TM4C123GXL_TI" --include_path="/home/dell/ti/tirtos_tivac_2_16_00_08/products/TivaWare_C_Series-2.1.1.71b" --include_path="/home/dell/ti/tirtos_tivac_2_16_00_08/products/bios_6_45_01_29/packages/ti/sysbios/posix" --include_path="/home/dell/ti/ccs9/ccs/tools/compiler/ti-cgt-arm_18.12.2.LTS/include" --define=ccs="ccs" --define=PART_TM4C123GH6PM --define=ccs --define=TIVAWARE -g --gcc --diag_warning=225 --diag_warning=255 --diag_wrap=off --display_error_number --gen_func_subsections=on --abi=eabi --preproc_with_compile --preproc_dependency="empty.d_raw" --cmd_file="configPkg/compiler.opt" "../empty.c"
Finished building: "../empty.c"
 
Building file: "../EK_TM4C123GXL.c"
Invoking: ARM Compiler
"/home/dell/ti/ccs9/ccs/tools/compiler/ti-cgt-arm_18.12.2.LTS/bin/armcl" -mv7M4 --code_state=16 --float_support=FPv4SPD16 -me --include_path="/home/dell/Documents/work/ccs_workspace/empty_EK_TM4C123GXL_TI" --include_path="/home/dell/Documents/work/ccs_workspace/empty_EK_TM4C123GXL_TI" --include_path="/home/dell/ti/tirtos_tivac_2_16_00_08/products/TivaWare_C_Series-2.1.1.71b" --include_path="/home/dell/ti/tirtos_tivac_2_16_00_08/products/bios_6_45_01_29/packages/ti/sysbios/posix" --include_path="/home/dell/ti/ccs9/ccs/tools/compiler/ti-cgt-arm_18.12.2.LTS/include" --define=ccs="ccs" --define=PART_TM4C123GH6PM --define=ccs --define=TIVAWARE -g --gcc --diag_warning=225 --diag_warning=255 --diag_wrap=off --display_error_number --gen_func_subsections=on --abi=eabi --preproc_with_compile --preproc_dependency="EK_TM4C123GXL.d_raw" --cmd_file="configPkg/compiler.opt" "../EK_TM4C123GXL.c"
Finished building: "../EK_TM4C123GXL.c"
 
making ../src/sysbios/sysbios.aem4f ...
gmake[2]: Nothing to be done for 'all'.
Building target: "empty_EK_TM4C123GXL_TI.out"
Invoking: ARM Linker
"/home/dell/ti/ccs9/ccs/tools/compiler/ti-cgt-arm_18.12.2.LTS/bin/armcl" -mv7M4 --code_state=16 --float_support=FPv4SPD16 -me --define=ccs="ccs" --define=PART_TM4C123GH6PM --define=ccs --define=TIVAWARE -g --gcc --diag_warning=225 --diag_warning=255 --diag_wrap=off --display_error_number --gen_func_subsections=on --abi=eabi -z -m"empty_EK_TM4C123GXL_TI.map" --heap_size=0 --stack_size=512 -i"/home/dell/ti/ccs9/ccs/tools/compiler/ti-cgt-arm_18.12.2.LTS/lib" -i"/home/dell/ti/ccs9/ccs/tools/compiler/ti-cgt-arm_18.12.2.LTS/include" --reread_libs --diag_wrap=off --display_error_number --warn_sections --xml_link_info="empty_EK_TM4C123GXL_TI_linkInfo.xml" --rom_model -o "empty_EK_TM4C123GXL_TI.out" "./EK_TM4C123GXL.obj" "./empty.obj" "../EK_TM4C123GXL.cmd" -l"configPkg/linker.cmd" -l"/home/dell/ti/tirtos_tivac_2_16_00_08/products/TivaWare_C_Series-2.1.1.71b/grlib/ccs/Debug/grlib.lib" -l"/home/dell/ti/tirtos_tivac_2_16_00_08/products/TivaWare_C_Series-2.1.1.71b/usblib/ccs/Debug/usblib.lib" -l"/home/dell/ti/tirtos_tivac_2_16_00_08/products/TivaWare_C_Series-2.1.1.71b/driverlib/ccs/Debug/driverlib.lib" -llibc.a 
<Linking>
Finished building target: "empty_EK_TM4C123GXL_TI.out"
 

**** Build Finished ****

**** Build of configuration Debug for project empty_EK_TM4C123GXL_TI ****

/home/dell/ti/ccs9/ccs/utils/bin/gmake -k -j 8 all -O 
 
making ../src/sysbios/sysbios.aem4f ...
gmake[1]: Nothing to be done for 'all'.
making ../src/sysbios/sysbios.aem4f ...
gmake[2]: Nothing to be done for 'all'.

**** Build Finished ****

**** Build of configuration Debug for project empty_EK_TM4C123GXL_TI ****

/home/dell/ti/ccs9/ccs/utils/bin/gmake -k -j 8 all -O 
 
making ../src/sysbios/sysbios.aem4f ...
gmake[1]: Nothing to be done for 'all'.
Building file: "../empty.c"
Invoking: ARM Compiler
"/home/dell/ti/ccs9/ccs/tools/compiler/ti-cgt-arm_18.12.2.LTS/bin/armcl" -mv7M4 --code_state=16 --float_support=FPv4SPD16 -me --include_path="/home/dell/Documents/work/ccs_workspace/empty_EK_TM4C123GXL_TI" --include_path="/home/dell/Documents/work/ccs_workspace/empty_EK_TM4C123GXL_TI" --include_path="/home/dell/ti/tirtos_tivac_2_16_00_08/products/TivaWare_C_Series-2.1.1.71b" --include_path="/home/dell/ti/tirtos_tivac_2_16_00_08/products/bios_6_45_01_29/packages/ti/sysbios/posix" --include_path="/home/dell/ti/ccs9/ccs/tools/compiler/ti-cgt-arm_18.12.2.LTS/include" --define=ccs="ccs" --define=PART_TM4C123GH6PM --define=ccs --define=TIVAWARE -g --gcc --diag_warning=225 --diag_warning=255 --diag_wrap=off --display_error_number --gen_func_subsections=on --abi=eabi --preproc_with_compile --preproc_dependency="empty.d_raw" --cmd_file="configPkg/compiler.opt" "../empty.c"
Finished building: "../empty.c"
 
making ../src/sysbios/sysbios.aem4f ...
gmake[2]: Nothing to be done for 'all'.
Building target: "empty_EK_TM4C123GXL_TI.out"
Invoking: ARM Linker
"/home/dell/ti/ccs9/ccs/tools/compiler/ti-cgt-arm_18.12.2.LTS/bin/armcl" -mv7M4 --code_state=16 --float_support=FPv4SPD16 -me --define=ccs="ccs" --define=PART_TM4C123GH6PM --define=ccs --define=TIVAWARE -g --gcc --diag_warning=225 --diag_warning=255 --diag_wrap=off --display_error_number --gen_func_subsections=on --abi=eabi -z -m"empty_EK_TM4C123GXL_TI.map" --heap_size=0 --stack_size=512 -i"/home/dell/ti/ccs9/ccs/tools/compiler/ti-cgt-arm_18.12.2.LTS/lib" -i"/home/dell/ti/ccs9/ccs/tools/compiler/ti-cgt-arm_18.12.2.LTS/include" --reread_libs --diag_wrap=off --display_error_number --warn_sections --xml_link_info="empty_EK_TM4C123GXL_TI_linkInfo.xml" --rom_model -o "empty_EK_TM4C123GXL_TI.out" "./EK_TM4C123GXL.obj" "./empty.obj" "../EK_TM4C123GXL.cmd" -l"configPkg/linker.cmd" -l"/home/dell/ti/tirtos_tivac_2_16_00_08/products/TivaWare_C_Series-2.1.1.71b/grlib/ccs/Debug/grlib.lib" -l"/home/dell/ti/tirtos_tivac_2_16_00_08/products/TivaWare_C_Series-2.1.1.71b/usblib/ccs/Debug/usblib.lib" -l"/home/dell/ti/tirtos_tivac_2_16_00_08/products/TivaWare_C_Series-2.1.1.71b/driverlib/ccs/Debug/driverlib.lib" -llibc.a 
<Linking>
Finished building target: "empty_EK_TM4C123GXL_TI.out"
 

**** Build Finished ****

**** Build of configuration Debug for project empty_EK_TM4C123GXL_TI ****

/home/dell/ti/ccs9/ccs/utils/bin/gmake -k -j 8 all -O 
 
making ../src/sysbios/sysbios.aem4f ...
gmake[1]: Nothing to be done for 'all'.
Building file: "../empty.c"
Invoking: ARM Compiler
"/home/dell/ti/ccs9/ccs/tools/compiler/ti-cgt-arm_18.12.2.LTS/bin/armcl" -mv7M4 --code_state=16 --float_support=FPv4SPD16 -me --include_path="/home/dell/Documents/work/ccs_workspace/empty_EK_TM4C123GXL_TI" --include_path="/home/dell/Documents/work/ccs_workspace/empty_EK_TM4C123GXL_TI" --include_path="/home/dell/ti/tirtos_tivac_2_16_00_08/products/TivaWare_C_Series-2.1.1.71b" --include_path="/home/dell/ti/tirtos_tivac_2_16_00_08/products/bios_6_45_01_29/packages/ti/sysbios/posix" --include_path="/home/dell/ti/ccs9/ccs/tools/compiler/ti-cgt-arm_18.12.2.LTS/include" --define=ccs="ccs" --define=PART_TM4C123GH6PM --define=ccs --define=TIVAWARE -g --gcc --diag_warning=225 --diag_warning=255 --diag_wrap=off --display_error_number --gen_func_subsections=on --abi=eabi --preproc_with_compile --preproc_dependency="empty.d_raw" --cmd_file="configPkg/compiler.opt" "../empty.c"
Finished building: "../empty.c"
 
making ../src/sysbios/sysbios.aem4f ...
gmake[2]: Nothing to be done for 'all'.
Building target: "empty_EK_TM4C123GXL_TI.out"
Invoking: ARM Linker
"/home/dell/ti/ccs9/ccs/tools/compiler/ti-cgt-arm_18.12.2.LTS/bin/armcl" -mv7M4 --code_state=16 --float_support=FPv4SPD16 -me --define=ccs="ccs" --define=PART_TM4C123GH6PM --define=ccs --define=TIVAWARE -g --gcc --diag_warning=225 --diag_warning=255 --diag_wrap=off --display_error_number --gen_func_subsections=on --abi=eabi -z -m"empty_EK_TM4C123GXL_TI.map" --heap_size=0 --stack_size=512 -i"/home/dell/ti/ccs9/ccs/tools/compiler/ti-cgt-arm_18.12.2.LTS/lib" -i"/home/dell/ti/ccs9/ccs/tools/compiler/ti-cgt-arm_18.12.2.LTS/include" --reread_libs --diag_wrap=off --display_error_number --warn_sections --xml_link_info="empty_EK_TM4C123GXL_TI_linkInfo.xml" --rom_model -o "empty_EK_TM4C123GXL_TI.out" "./EK_TM4C123GXL.obj" "./empty.obj" "../EK_TM4C123GXL.cmd" -l"configPkg/linker.cmd" -l"/home/dell/ti/tirtos_tivac_2_16_00_08/products/TivaWare_C_Series-2.1.1.71b/grlib/ccs/Debug/grlib.lib" -l"/home/dell/ti/tirtos_tivac_2_16_00_08/products/TivaWare_C_Series-2.1.1.71b/usblib/ccs/Debug/usblib.lib" -l"/home/dell/ti/tirtos_tivac_2_16_00_08/products/TivaWare_C_Series-2.1.1.71b/driverlib/ccs/Debug/driverlib.lib" -llibc.a 
<Linking>
Finished building target: "empty_EK_TM4C123GXL_TI.out"
 

**** Build Finished ****

**** Build of configuration Debug for project uartecho_EK_TM4C123GXL_TI ****

/home/dell/ti/ccs9/ccs/utils/bin/gmake -k -j 8 all -O 
 
Building file: "../uartecho.cfg"
Invoking: XDCtools
"/home/dell/ti/xdctools_3_32_00_06_core/xs" --xdcpath="/home/dell/ti/tirtos_tivac_2_16_00_08/packages;/home/dell/ti/tirtos_tivac_2_16_00_08/products/tidrivers_tivac_2_16_00_08/packages;/home/dell/ti/tirtos_tivac_2_16_00_08/products/bios_6_45_01_29/packages;/home/dell/ti/tirtos_tivac_2_16_00_08/products/ndk_2_25_00_09/packages;/home/dell/ti/tirtos_tivac_2_16_00_08/products/uia_2_00_05_50/packages;/home/dell/ti/tirtos_tivac_2_16_00_08/products/ns_1_11_00_10/packages;" xdc.tools.configuro -o configPkg -t ti.targets.arm.elf.M4F -p ti.platforms.tiva:TM4C123GH6PM -r release -c "/home/dell/ti/ccs9/ccs/tools/compiler/ti-cgt-arm_18.12.2.LTS" --compileOptions "-mv7M4 --code_state=16 --float_support=FPv4SPD16 -me --include_path=\"/home/dell/Documents/work/ccs_workspace/uartecho_EK_TM4C123GXL_TI\" --include_path=\"/home/dell/Documents/work/ccs_workspace/uartecho_EK_TM4C123GXL_TI\" --include_path=\"/home/dell/ti/tirtos_tivac_2_16_00_08/products/TivaWare_C_Series-2.1.1.71b\" --include_path=\"/home/dell/ti/tirtos_tivac_2_16_00_08/products/bios_6_45_01_29/packages/ti/sysbios/posix\" --include_path=\"/home/dell/ti/ccs9/ccs/tools/compiler/ti-cgt-arm_18.12.2.LTS/include\" --define=ccs=\"ccs\" --define=PART_TM4C123GH6PM --define=ccs --define=TIVAWARE -g --gcc --diag_warning=225 --diag_warning=255 --diag_wrap=off --display_error_number --gen_func_subsections=on --abi=eabi  " "../uartecho.cfg"
making package.mak (because of package.bld) ...
generating interfaces for package configPkg (because package/package.xdc.inc is older than package.xdc) ...
configuring uartecho.xem4f from package/cfg/uartecho_pem4f.cfg ...
generating custom ti.sysbios library makefile ... 
Starting build of library sources ...
making /home/dell/Documents/work/ccs_workspace/uartecho_EK_TM4C123GXL_TI/src/sysbios/sysbios.aem4f ...
gmake[1]: Entering directory `/home/dell/Documents/work/ccs_workspace/uartecho_EK_TM4C123GXL_TI/src/sysbios'
clem4f /home/dell/ti/tirtos_tivac_2_16_00_08/products/bios_6_45_01_29/packages/ti/sysbios/BIOS.c ...
asmem4f /home/dell/ti/tirtos_tivac_2_16_00_08/products/bios_6_45_01_29/packages/ti/sysbios/family/arm/m3/Hwi_asm.sv7M ...
asmem4f /home/dell/ti/tirtos_tivac_2_16_00_08/products/bios_6_45_01_29/packages/ti/sysbios/family/arm/m3/Hwi_asm_switch.sv7M ...
asmem4f /home/dell/ti/tirtos_tivac_2_16_00_08/products/bios_6_45_01_29/packages/ti/sysbios/family/arm/m3/IntrinsicsSupport_asm.sv7M ...
asmem4f /home/dell/ti/tirtos_tivac_2_16_00_08/products/bios_6_45_01_29/packages/ti/sysbios/family/arm/m3/TaskSupport_asm.sv7M ...
arem4f BIOS.obj m3_Hwi_asm.obj m3_Hwi_asm_switch.obj m3_IntrinsicsSupport_asm.obj m3_TaskSupport_asm.obj ...
gmake[1]: Leaving directory `/home/dell/Documents/work/ccs_workspace/uartecho_EK_TM4C123GXL_TI/src/sysbios'
Build of libraries done.
clem4f package/cfg/uartecho_pem4f.c ...
"package/cfg/uartecho_pem4f.c", line 19736: warning #112-D: statement is unreachable
"package/cfg/uartecho_pem4f.c", line 20222: warning #112-D: statement is unreachable
"package/cfg/uartecho_pem4f.c", line 20457: warning #112-D: statement is unreachable
"package/cfg/uartecho_pem4f.c", line 20677: warning #112-D: statement is unreachable
"package/cfg/uartecho_pem4f.c", line 20858: warning #112-D: statement is unreachable
Finished building: "../uartecho.cfg"
 
making ../src/sysbios/sysbios.aem4f ...
gmake[1]: Nothing to be done for 'all'.
Building file: "../uartecho.c"
Invoking: ARM Compiler
"/home/dell/ti/ccs9/ccs/tools/compiler/ti-cgt-arm_18.12.2.LTS/bin/armcl" -mv7M4 --code_state=16 --float_support=FPv4SPD16 -me --include_path="/home/dell/Documents/work/ccs_workspace/uartecho_EK_TM4C123GXL_TI" --include_path="/home/dell/Documents/work/ccs_workspace/uartecho_EK_TM4C123GXL_TI" --include_path="/home/dell/ti/tirtos_tivac_2_16_00_08/products/TivaWare_C_Series-2.1.1.71b" --include_path="/home/dell/ti/tirtos_tivac_2_16_00_08/products/bios_6_45_01_29/packages/ti/sysbios/posix" --include_path="/home/dell/ti/ccs9/ccs/tools/compiler/ti-cgt-arm_18.12.2.LTS/include" --define=ccs="ccs" --define=PART_TM4C123GH6PM --define=ccs --define=TIVAWARE -g --gcc --diag_warning=225 --diag_warning=255 --diag_wrap=off --display_error_number --gen_func_subsections=on --abi=eabi --preproc_with_compile --preproc_dependency="uartecho.d_raw" --cmd_file="configPkg/compiler.opt" "../uartecho.c"
Finished building: "../uartecho.c"
 
Building file: "../EK_TM4C123GXL.c"
Invoking: ARM Compiler
"/home/dell/ti/ccs9/ccs/tools/compiler/ti-cgt-arm_18.12.2.LTS/bin/armcl" -mv7M4 --code_state=16 --float_support=FPv4SPD16 -me --include_path="/home/dell/Documents/work/ccs_workspace/uartecho_EK_TM4C123GXL_TI" --include_path="/home/dell/Documents/work/ccs_workspace/uartecho_EK_TM4C123GXL_TI" --include_path="/home/dell/ti/tirtos_tivac_2_16_00_08/products/TivaWare_C_Series-2.1.1.71b" --include_path="/home/dell/ti/tirtos_tivac_2_16_00_08/products/bios_6_45_01_29/packages/ti/sysbios/posix" --include_path="/home/dell/ti/ccs9/ccs/tools/compiler/ti-cgt-arm_18.12.2.LTS/include" --define=ccs="ccs" --define=PART_TM4C123GH6PM --define=ccs --define=TIVAWARE -g --gcc --diag_warning=225 --diag_warning=255 --diag_wrap=off --display_error_number --gen_func_subsections=on --abi=eabi --preproc_with_compile --preproc_dependency="EK_TM4C123GXL.d_raw" --cmd_file="configPkg/compiler.opt" "../EK_TM4C123GXL.c"
Finished building: "../EK_TM4C123GXL.c"
 
making ../src/sysbios/sysbios.aem4f ...
gmake[2]: Nothing to be done for 'all'.
Building target: "uartecho_EK_TM4C123GXL_TI.out"
Invoking: ARM Linker
"/home/dell/ti/ccs9/ccs/tools/compiler/ti-cgt-arm_18.12.2.LTS/bin/armcl" -mv7M4 --code_state=16 --float_support=FPv4SPD16 -me --define=ccs="ccs" --define=PART_TM4C123GH6PM --define=ccs --define=TIVAWARE -g --gcc --diag_warning=225 --diag_warning=255 --diag_wrap=off --display_error_number --gen_func_subsections=on --abi=eabi -z -m"uartecho_EK_TM4C123GXL_TI.map" --heap_size=0 --stack_size=512 -i"/home/dell/ti/ccs9/ccs/tools/compiler/ti-cgt-arm_18.12.2.LTS/lib" -i"/home/dell/ti/ccs9/ccs/tools/compiler/ti-cgt-arm_18.12.2.LTS/include" --reread_libs --diag_wrap=off --display_error_number --warn_sections --xml_link_info="uartecho_EK_TM4C123GXL_TI_linkInfo.xml" --rom_model -o "uartecho_EK_TM4C123GXL_TI.out" "./EK_TM4C123GXL.obj" "./uartecho.obj" "../EK_TM4C123GXL.cmd" -l"configPkg/linker.cmd" -l"/home/dell/ti/tirtos_tivac_2_16_00_08/products/TivaWare_C_Series-2.1.1.71b/grlib/ccs/Debug/grlib.lib" -l"/home/dell/ti/tirtos_tivac_2_16_00_08/products/TivaWare_C_Series-2.1.1.71b/usblib/ccs/Debug/usblib.lib" -l"/home/dell/ti/tirtos_tivac_2_16_00_08/products/TivaWare_C_Series-2.1.1.71b/driverlib/ccs/Debug/driverlib.lib" -llibc.a 
<Linking>
Finished building target: "uartecho_EK_TM4C123GXL_TI.out"
 

**** Build Finished ****

**** Build of configuration Debug for project uartecho_EK_TM4C123GXL_TI ****

/home/dell/ti/ccs9/ccs/utils/bin/gmake -k -j 8 all -O 
 
making ../src/sysbios/sysbios.aem4f ...
gmake[1]: Nothing to be done for 'all'.
Building file: "../uartecho.c"
Invoking: ARM Compiler
"/home/dell/ti/ccs9/ccs/tools/compiler/ti-cgt-arm_18.12.2.LTS/bin/armcl" -mv7M4 --code_state=16 --float_support=FPv4SPD16 -me --include_path="/home/dell/Documents/work/ccs_workspace/uartecho_EK_TM4C123GXL_TI" --include_path="/home/dell/Documents/work/ccs_workspace/uartecho_EK_TM4C123GXL_TI" --include_path="/home/dell/ti/tirtos_tivac_2_16_00_08/products/TivaWare_C_Series-2.1.1.71b" --include_path="/home/dell/ti/tirtos_tivac_2_16_00_08/products/bios_6_45_01_29/packages/ti/sysbios/posix" --include_path="/home/dell/ti/ccs9/ccs/tools/compiler/ti-cgt-arm_18.12.2.LTS/include" --define=ccs="ccs" --define=PART_TM4C123GH6PM --define=ccs --define=TIVAWARE -g --gcc --diag_warning=225 --diag_warning=255 --diag_wrap=off --display_error_number --gen_func_subsections=on --abi=eabi --preproc_with_compile --preproc_dependency="uartecho.d_raw" --cmd_file="configPkg/compiler.opt" "../uartecho.c"
 
>> Compilation failure
subdir_rules.mk:7: recipe for target 'uartecho.obj' failed
"../uartecho.c", line 76: error #20: identifier "Board_UART1" is undefined
1 error detected in the compilation of "../uartecho.c".
gmake: *** [uartecho.obj] Error 1
gmake: Target 'all' not remade because of errors.

**** Build Finished ****

**** Build of configuration Debug for project uartecho_EK_TM4C123GXL_TI ****

/home/dell/ti/ccs9/ccs/utils/bin/gmake -k -j 8 all -O 
 
making ../src/sysbios/sysbios.aem4f ...
gmake[1]: Nothing to be done for 'all'.
Building file: "../uartecho.c"
Invoking: ARM Compiler
"/home/dell/ti/ccs9/ccs/tools/compiler/ti-cgt-arm_18.12.2.LTS/bin/armcl" -mv7M4 --code_state=16 --float_support=FPv4SPD16 -me --include_path="/home/dell/Documents/work/ccs_workspace/uartecho_EK_TM4C123GXL_TI" --include_path="/home/dell/Documents/work/ccs_workspace/uartecho_EK_TM4C123GXL_TI" --include_path="/home/dell/ti/tirtos_tivac_2_16_00_08/products/TivaWare_C_Series-2.1.1.71b" --include_path="/home/dell/ti/tirtos_tivac_2_16_00_08/products/bios_6_45_01_29/packages/ti/sysbios/posix" --include_path="/home/dell/ti/ccs9/ccs/tools/compiler/ti-cgt-arm_18.12.2.LTS/include" --define=ccs="ccs" --define=PART_TM4C123GH6PM --define=ccs --define=TIVAWARE -g --gcc --diag_warning=225 --diag_warning=255 --diag_wrap=off --display_error_number --gen_func_subsections=on --abi=eabi --preproc_with_compile --preproc_dependency="uartecho.d_raw" --cmd_file="configPkg/compiler.opt" "../uartecho.c"
Finished building: "../uartecho.c"
 
making ../src/sysbios/sysbios.aem4f ...
gmake[2]: Nothing to be done for 'all'.
Building target: "uartecho_EK_TM4C123GXL_TI.out"
Invoking: ARM Linker
"/home/dell/ti/ccs9/ccs/tools/compiler/ti-cgt-arm_18.12.2.LTS/bin/armcl" -mv7M4 --code_state=16 --float_support=FPv4SPD16 -me --define=ccs="ccs" --define=PART_TM4C123GH6PM --define=ccs --define=TIVAWARE -g --gcc --diag_warning=225 --diag_warning=255 --diag_wrap=off --display_error_number --gen_func_subsections=on --abi=eabi -z -m"uartecho_EK_TM4C123GXL_TI.map" --heap_size=0 --stack_size=512 -i"/home/dell/ti/ccs9/ccs/tools/compiler/ti-cgt-arm_18.12.2.LTS/lib" -i"/home/dell/ti/ccs9/ccs/tools/compiler/ti-cgt-arm_18.12.2.LTS/include" --reread_libs --diag_wrap=off --display_error_number --warn_sections --xml_link_info="uartecho_EK_TM4C123GXL_TI_linkInfo.xml" --rom_model -o "uartecho_EK_TM4C123GXL_TI.out" "./EK_TM4C123GXL.obj" "./uartecho.obj" "../EK_TM4C123GXL.cmd" -l"configPkg/linker.cmd" -l"/home/dell/ti/tirtos_tivac_2_16_00_08/products/TivaWare_C_Series-2.1.1.71b/grlib/ccs/Debug/grlib.lib" -l"/home/dell/ti/tirtos_tivac_2_16_00_08/products/TivaWare_C_Series-2.1.1.71b/usblib/ccs/Debug/usblib.lib" -l"/home/dell/ti/tirtos_tivac_2_16_00_08/products/TivaWare_C_Series-2.1.1.71b/driverlib/ccs/Debug/driverlib.lib" -llibc.a 
<Linking>
Finished building target: "uartecho_EK_TM4C123GXL_TI.out"
 

**** Build Finished ****

**** Build of configuration Debug for project uartecho_EK_TM4C123GXL_TI ****

/home/dell/ti/ccs9/ccs/utils/bin/gmake -k -j 8 all -O 
 
making ../src/sysbios/sysbios.aem4f ...
gmake[1]: Nothing to be done for 'all'.
Building file: "../uartecho.c"
Invoking: ARM Compiler
"/home/dell/ti/ccs9/ccs/tools/compiler/ti-cgt-arm_18.12.2.LTS/bin/armcl" -mv7M4 --code_state=16 --float_support=FPv4SPD16 -me --include_path="/home/dell/Documents/work/ccs_workspace/uartecho_EK_TM4C123GXL_TI" --include_path="/home/dell/Documents/work/ccs_workspace/uartecho_EK_TM4C123GXL_TI" --include_path="/home/dell/ti/tirtos_tivac_2_16_00_08/products/TivaWare_C_Series-2.1.1.71b" --include_path="/home/dell/ti/tirtos_tivac_2_16_00_08/products/bios_6_45_01_29/packages/ti/sysbios/posix" --include_path="/home/dell/ti/ccs9/ccs/tools/compiler/ti-cgt-arm_18.12.2.LTS/include" --define=ccs="ccs" --define=PART_TM4C123GH6PM --define=ccs --define=TIVAWARE -g --gcc --diag_warning=225 --diag_warning=255 --diag_wrap=off --display_error_number --gen_func_subsections=on --abi=eabi --preproc_with_compile --preproc_dependency="uartecho.d_raw" --cmd_file="configPkg/compiler.opt" "../uartecho.c"
Finished building: "../uartecho.c"
 
making ../src/sysbios/sysbios.aem4f ...
gmake[2]: Nothing to be done for 'all'.
Building target: "uartecho_EK_TM4C123GXL_TI.out"
Invoking: ARM Linker
"/home/dell/ti/ccs9/ccs/tools/compiler/ti-cgt-arm_18.12.2.LTS/bin/armcl" -mv7M4 --code_state=16 --float_support=FPv4SPD16 -me --define=ccs="ccs" --define=PART_TM4C123GH6PM --define=ccs --define=TIVAWARE -g --gcc --diag_warning=225 --diag_warning=255 --diag_wrap=off --display_error_number --gen_func_subsections=on --abi=eabi -z -m"uartecho_EK_TM4C123GXL_TI.map" --heap_size=0 --stack_size=512 -i"/home/dell/ti/ccs9/ccs/tools/compiler/ti-cgt-arm_18.12.2.LTS/lib" -i"/home/dell/ti/ccs9/ccs/tools/compiler/ti-cgt-arm_18.12.2.LTS/include" --reread_libs --diag_wrap=off --display_error_number --warn_sections --xml_link_info="uartecho_EK_TM4C123GXL_TI_linkInfo.xml" --rom_model -o "uartecho_EK_TM4C123GXL_TI.out" "./EK_TM4C123GXL.obj" "./uartecho.obj" "../EK_TM4C123GXL.cmd" -l"configPkg/linker.cmd" -l"/home/dell/ti/tirtos_tivac_2_16_00_08/products/TivaWare_C_Series-2.1.1.71b/grlib/ccs/Debug/grlib.lib" -l"/home/dell/ti/tirtos_tivac_2_16_00_08/products/TivaWare_C_Series-2.1.1.71b/usblib/ccs/Debug/usblib.lib" -l"/home/dell/ti/tirtos_tivac_2_16_00_08/products/TivaWare_C_Series-2.1.1.71b/driverlib/ccs/Debug/driverlib.lib" -llibc.a 
<Linking>
Finished building target: "uartecho_EK_TM4C123GXL_TI.out"
 

**** Build Finished ****

**** Build of configuration Debug for project uartecho_EK_TM4C123GXL_TI ****

/home/dell/ti/ccs9/ccs/utils/bin/gmake -k -j 8 all -O 
 
making ../src/sysbios/sysbios.aem4f ...
gmake[1]: Nothing to be done for 'all'.
making ../src/sysbios/sysbios.aem4f ...
gmake[2]: Nothing to be done for 'all'.

**** Build Finished ****

**** Build of configuration Debug for project uartecho_EK_TM4C123GXL_TI ****

/home/dell/ti/ccs9/ccs/utils/bin/gmake -k -j 8 all -O 
 
making ../src/sysbios/sysbios.aem4f ...
gmake[1]: Nothing to be done for 'all'.
making ../src/sysbios/sysbios.aem4f ...
gmake[2]: Nothing to be done for 'all'.

**** Build Finished ****

**** Build of configuration Debug for project uartecho_EK_TM4C123GXL_TI ****

/home/dell/ti/ccs9/ccs/utils/bin/gmake -k -j 8 all -O 
 
making ../src/sysbios/sysbios.aem4f ...
gmake[1]: Nothing to be done for 'all'.
Building file: "../uartecho.c"
Invoking: ARM Compiler
"/home/dell/ti/ccs9/ccs/tools/compiler/ti-cgt-arm_18.12.2.LTS/bin/armcl" -mv7M4 --code_state=16 --float_support=FPv4SPD16 -me --include_path="/home/dell/Documents/work/ccs_workspace/uartecho_EK_TM4C123GXL_TI" --include_path="/home/dell/Documents/work/ccs_workspace/uartecho_EK_TM4C123GXL_TI" --include_path="/home/dell/ti/tirtos_tivac_2_16_00_08/products/TivaWare_C_Series-2.1.1.71b" --include_path="/home/dell/ti/tirtos_tivac_2_16_00_08/products/bios_6_45_01_29/packages/ti/sysbios/posix" --include_path="/home/dell/ti/ccs9/ccs/tools/compiler/ti-cgt-arm_18.12.2.LTS/include" --define=ccs="ccs" --define=PART_TM4C123GH6PM --define=ccs --define=TIVAWARE -g --gcc --diag_warning=225 --diag_warning=255 --diag_wrap=off --display_error_number --gen_func_subsections=on --abi=eabi --preproc_with_compile --preproc_dependency="uartecho.d_raw" --cmd_file="configPkg/compiler.opt" "../uartecho.c"
 
>> Compilation failure
subdir_rules.mk:7: recipe for target 'uartecho.obj' failed
"../uartecho.c", line 76: error #20: identifier "EK_TM4C123GXL_UART1" is undefined
1 error detected in the compilation of "../uartecho.c".
gmake: *** [uartecho.obj] Error 1
gmake: Target 'all' not remade because of errors.

**** Build Finished ****

**** Build of configuration Debug for project uartecho_EK_TM4C123GXL_TI ****

/home/dell/ti/ccs9/ccs/utils/bin/gmake -k -j 8 all -O 
 
making ../src/sysbios/sysbios.aem4f ...
gmake[1]: Nothing to be done for 'all'.
Building file: "../uartecho.c"
Invoking: ARM Compiler
"/home/dell/ti/ccs9/ccs/tools/compiler/ti-cgt-arm_18.12.2.LTS/bin/armcl" -mv7M4 --code_state=16 --float_support=FPv4SPD16 -me --include_path="/home/dell/Documents/work/ccs_workspace/uartecho_EK_TM4C123GXL_TI" --include_path="/home/dell/Documents/work/ccs_workspace/uartecho_EK_TM4C123GXL_TI" --include_path="/home/dell/ti/tirtos_tivac_2_16_00_08/products/TivaWare_C_Series-2.1.1.71b" --include_path="/home/dell/ti/tirtos_tivac_2_16_00_08/products/bios_6_45_01_29/packages/ti/sysbios/posix" --include_path="/home/dell/ti/ccs9/ccs/tools/compiler/ti-cgt-arm_18.12.2.LTS/include" --define=ccs="ccs" --define=PART_TM4C123GH6PM --define=ccs --define=TIVAWARE -g --gcc --diag_warning=225 --diag_warning=255 --diag_wrap=off --display_error_number --gen_func_subsections=on --abi=eabi --preproc_with_compile --preproc_dependency="uartecho.d_raw" --cmd_file="configPkg/compiler.opt" "../uartecho.c"
Finished building: "../uartecho.c"
 
making ../src/sysbios/sysbios.aem4f ...
gmake[2]: Nothing to be done for 'all'.
Building target: "uartecho_EK_TM4C123GXL_TI.out"
Invoking: ARM Linker
"/home/dell/ti/ccs9/ccs/tools/compiler/ti-cgt-arm_18.12.2.LTS/bin/armcl" -mv7M4 --code_state=16 --float_support=FPv4SPD16 -me --define=ccs="ccs" --define=PART_TM4C123GH6PM --define=ccs --define=TIVAWARE -g --gcc --diag_warning=225 --diag_warning=255 --diag_wrap=off --display_error_number --gen_func_subsections=on --abi=eabi -z -m"uartecho_EK_TM4C123GXL_TI.map" --heap_size=0 --stack_size=512 -i"/home/dell/ti/ccs9/ccs/tools/compiler/ti-cgt-arm_18.12.2.LTS/lib" -i"/home/dell/ti/ccs9/ccs/tools/compiler/ti-cgt-arm_18.12.2.LTS/include" --reread_libs --diag_wrap=off --display_error_number --warn_sections --xml_link_info="uartecho_EK_TM4C123GXL_TI_linkInfo.xml" --rom_model -o "uartecho_EK_TM4C123GXL_TI.out" "./EK_TM4C123GXL.obj" "./uartecho.obj" "../EK_TM4C123GXL.cmd" -l"configPkg/linker.cmd" -l"/home/dell/ti/tirtos_tivac_2_16_00_08/products/TivaWare_C_Series-2.1.1.71b/grlib/ccs/Debug/grlib.lib" -l"/home/dell/ti/tirtos_tivac_2_16_00_08/products/TivaWare_C_Series-2.1.1.71b/usblib/ccs/Debug/usblib.lib" -l"/home/dell/ti/tirtos_tivac_2_16_00_08/products/TivaWare_C_Series-2.1.1.71b/driverlib/ccs/Debug/driverlib.lib" -llibc.a 
<Linking>
Finished building target: "uartecho_EK_TM4C123GXL_TI.out"
 

**** Build Finished ****

**** Build of configuration Debug for project uartecho_EK_TM4C123GXL_TI ****

/home/dell/ti/ccs9/ccs/utils/bin/gmake -k -j 8 all -O 
 
making ../src/sysbios/sysbios.aem4f ...
gmake[1]: Nothing to be done for 'all'.
Building file: "../uartecho.c"
Invoking: ARM Compiler
"/home/dell/ti/ccs9/ccs/tools/compiler/ti-cgt-arm_18.12.2.LTS/bin/armcl" -mv7M4 --code_state=16 --float_support=FPv4SPD16 -me --include_path="/home/dell/Documents/work/ccs_workspace/uartecho_EK_TM4C123GXL_TI" --include_path="/home/dell/Documents/work/ccs_workspace/uartecho_EK_TM4C123GXL_TI" --include_path="/home/dell/ti/tirtos_tivac_2_16_00_08/products/TivaWare_C_Series-2.1.1.71b" --include_path="/home/dell/ti/tirtos_tivac_2_16_00_08/products/bios_6_45_01_29/packages/ti/sysbios/posix" --include_path="/home/dell/ti/ccs9/ccs/tools/compiler/ti-cgt-arm_18.12.2.LTS/include" --define=ccs="ccs" --define=PART_TM4C123GH6PM --define=ccs --define=TIVAWARE -g --gcc --diag_warning=225 --diag_warning=255 --diag_wrap=off --display_error_number --gen_func_subsections=on --abi=eabi --preproc_with_compile --preproc_dependency="uartecho.d_raw" --cmd_file="configPkg/compiler.opt" "../uartecho.c"
 
>> Compilation failure
subdir_rules.mk:7: recipe for target 'uartecho.obj' failed
"../uartecho.c", line 76: error #20: identifier "EK_TM4C123GXL_UART4" is undefined
1 error detected in the compilation of "../uartecho.c".
gmake: *** [uartecho.obj] Error 1
gmake: Target 'all' not remade because of errors.

**** Build Finished ****

**** Build of configuration Debug for project uartecho_EK_TM4C123GXL_TI ****

/home/dell/ti/ccs9/ccs/utils/bin/gmake -k -j 8 all -O 
 
making ../src/sysbios/sysbios.aem4f ...
gmake[1]: Nothing to be done for 'all'.
Building file: "../uartecho.c"
Invoking: ARM Compiler
"/home/dell/ti/ccs9/ccs/tools/compiler/ti-cgt-arm_18.12.2.LTS/bin/armcl" -mv7M4 --code_state=16 --float_support=FPv4SPD16 -me --include_path="/home/dell/Documents/work/ccs_workspace/uartecho_EK_TM4C123GXL_TI" --include_path="/home/dell/Documents/work/ccs_workspace/uartecho_EK_TM4C123GXL_TI" --include_path="/home/dell/ti/tirtos_tivac_2_16_00_08/products/TivaWare_C_Series-2.1.1.71b" --include_path="/home/dell/ti/tirtos_tivac_2_16_00_08/products/bios_6_45_01_29/packages/ti/sysbios/posix" --include_path="/home/dell/ti/ccs9/ccs/tools/compiler/ti-cgt-arm_18.12.2.LTS/include" --define=ccs="ccs" --define=PART_TM4C123GH6PM --define=ccs --define=TIVAWARE -g --gcc --diag_warning=225 --diag_warning=255 --diag_wrap=off --display_error_number --gen_func_subsections=on --abi=eabi --preproc_with_compile --preproc_dependency="uartecho.d_raw" --cmd_file="configPkg/compiler.opt" "../uartecho.c"
 
>> Compilation failure
subdir_rules.mk:7: recipe for target 'uartecho.obj' failed
"../uartecho.c", line 76: error #20: identifier "Board_UART0" is undefined
1 error detected in the compilation of "../uartecho.c".
gmake: *** [uartecho.obj] Error 1
gmake: Target 'all' not remade because of errors.

**** Build Finished ****

**** Build of configuration Debug for project uartecho_EK_TM4C123GXL_TI ****

/home/dell/ti/ccs9/ccs/utils/bin/gmake -k -j 8 all -O 
 
making ../src/sysbios/sysbios.aem4f ...
gmake[1]: Nothing to be done for 'all'.
Building file: "../uartecho.c"
Invoking: ARM Compiler
"/home/dell/ti/ccs9/ccs/tools/compiler/ti-cgt-arm_18.12.2.LTS/bin/armcl" -mv7M4 --code_state=16 --float_support=FPv4SPD16 -me --include_path="/home/dell/Documents/work/ccs_workspace/uartecho_EK_TM4C123GXL_TI" --include_path="/home/dell/Documents/work/ccs_workspace/uartecho_EK_TM4C123GXL_TI" --include_path="/home/dell/ti/tirtos_tivac_2_16_00_08/products/TivaWare_C_Series-2.1.1.71b" --include_path="/home/dell/ti/tirtos_tivac_2_16_00_08/products/bios_6_45_01_29/packages/ti/sysbios/posix" --include_path="/home/dell/ti/ccs9/ccs/tools/compiler/ti-cgt-arm_18.12.2.LTS/include" --define=ccs="ccs" --define=PART_TM4C123GH6PM --define=ccs --define=TIVAWARE -g --gcc --diag_warning=225 --diag_warning=255 --diag_wrap=off --display_error_number --gen_func_subsections=on --abi=eabi --preproc_with_compile --preproc_dependency="uartecho.d_raw" --cmd_file="configPkg/compiler.opt" "../uartecho.c"
 
>> Compilation failure
subdir_rules.mk:7: recipe for target 'uartecho.obj' failed
"../uartecho.c", line 76: error #20: identifier "Board_UART0" is undefined
1 error detected in the compilation of "../uartecho.c".
gmake: *** [uartecho.obj] Error 1
gmake: Target 'all' not remade because of errors.

**** Build Finished ****

**** Build of configuration Debug for project uartecho_EK_TM4C123GXL_TI ****

/home/dell/ti/ccs9/ccs/utils/bin/gmake -k -j 8 all -O 
 
making ../src/sysbios/sysbios.aem4f ...
gmake[1]: Nothing to be done for 'all'.
Building file: "../uartecho.c"
Invoking: ARM Compiler
"/home/dell/ti/ccs9/ccs/tools/compiler/ti-cgt-arm_18.12.2.LTS/bin/armcl" -mv7M4 --code_state=16 --float_support=FPv4SPD16 -me --include_path="/home/dell/Documents/work/ccs_workspace/uartecho_EK_TM4C123GXL_TI" --include_path="/home/dell/Documents/work/ccs_workspace/uartecho_EK_TM4C123GXL_TI" --include_path="/home/dell/ti/tirtos_tivac_2_16_00_08/products/TivaWare_C_Series-2.1.1.71b" --include_path="/home/dell/ti/tirtos_tivac_2_16_00_08/products/bios_6_45_01_29/packages/ti/sysbios/posix" --include_path="/home/dell/ti/ccs9/ccs/tools/compiler/ti-cgt-arm_18.12.2.LTS/include" --define=ccs="ccs" --define=PART_TM4C123GH6PM --define=ccs --define=TIVAWARE -g --gcc --diag_warning=225 --diag_warning=255 --diag_wrap=off --display_error_number --gen_func_subsections=on --abi=eabi --preproc_with_compile --preproc_dependency="uartecho.d_raw" --cmd_file="configPkg/compiler.opt" "../uartecho.c"
Finished building: "../uartecho.c"
 
making ../src/sysbios/sysbios.aem4f ...
gmake[2]: Nothing to be done for 'all'.
Building target: "uartecho_EK_TM4C123GXL_TI.out"
Invoking: ARM Linker
"/home/dell/ti/ccs9/ccs/tools/compiler/ti-cgt-arm_18.12.2.LTS/bin/armcl" -mv7M4 --code_state=16 --float_support=FPv4SPD16 -me --define=ccs="ccs" --define=PART_TM4C123GH6PM --define=ccs --define=TIVAWARE -g --gcc --diag_warning=225 --diag_warning=255 --diag_wrap=off --display_error_number --gen_func_subsections=on --abi=eabi -z -m"uartecho_EK_TM4C123GXL_TI.map" --heap_size=0 --stack_size=512 -i"/home/dell/ti/ccs9/ccs/tools/compiler/ti-cgt-arm_18.12.2.LTS/lib" -i"/home/dell/ti/ccs9/ccs/tools/compiler/ti-cgt-arm_18.12.2.LTS/include" --reread_libs --diag_wrap=off --display_error_number --warn_sections --xml_link_info="uartecho_EK_TM4C123GXL_TI_linkInfo.xml" --rom_model -o "uartecho_EK_TM4C123GXL_TI.out" "./EK_TM4C123GXL.obj" "./uartecho.obj" "../EK_TM4C123GXL.cmd" -l"configPkg/linker.cmd" -l"/home/dell/ti/tirtos_tivac_2_16_00_08/products/TivaWare_C_Series-2.1.1.71b/grlib/ccs/Debug/grlib.lib" -l"/home/dell/ti/tirtos_tivac_2_16_00_08/products/TivaWare_C_Series-2.1.1.71b/usblib/ccs/Debug/usblib.lib" -l"/home/dell/ti/tirtos_tivac_2_16_00_08/products/TivaWare_C_Series-2.1.1.71b/driverlib/ccs/Debug/driverlib.lib" -llibc.a 
<Linking>
Finished building target: "uartecho_EK_TM4C123GXL_TI.out"
 

**** Build Finished ****

**** Build of configuration Debug for project uartecho_EK_TM4C123GXL_TI ****

/home/dell/ti/ccs9/ccs/utils/bin/gmake -k -j 8 all -O 
 
making ../src/sysbios/sysbios.aem4f ...
gmake[1]: Nothing to be done for 'all'.
making ../src/sysbios/sysbios.aem4f ...
gmake[2]: Nothing to be done for 'all'.

**** Build Finished ****

**** Build of configuration Debug for project uartconsole_EK_TM4C123GXL_TI ****

/home/dell/ti/ccs9/ccs/utils/bin/gmake -k -j 8 all -O 
 
Building file: "../uartconsole.cfg"
Invoking: XDCtools
"/home/dell/ti/xdctools_3_32_00_06_core/xs" --xdcpath="/home/dell/ti/tirtos_tivac_2_16_00_08/packages;/home/dell/ti/tirtos_tivac_2_16_00_08/products/tidrivers_tivac_2_16_00_08/packages;/home/dell/ti/tirtos_tivac_2_16_00_08/products/bios_6_45_01_29/packages;/home/dell/ti/tirtos_tivac_2_16_00_08/products/ndk_2_25_00_09/packages;/home/dell/ti/tirtos_tivac_2_16_00_08/products/uia_2_00_05_50/packages;/home/dell/ti/tirtos_tivac_2_16_00_08/products/ns_1_11_00_10/packages;" xdc.tools.configuro -o configPkg -t ti.targets.arm.elf.M4F -p ti.platforms.tiva:TM4C123GH6PM -r release -c "/home/dell/ti/ccs9/ccs/tools/compiler/ti-cgt-arm_18.12.2.LTS" --compileOptions "-mv7M4 --code_state=16 --float_support=FPv4SPD16 -me --include_path=\"/home/dell/Documents/work/ccs_workspace/uartconsole_EK_TM4C123GXL_TI\" --include_path=\"/home/dell/Documents/work/ccs_workspace/uartconsole_EK_TM4C123GXL_TI\" --include_path=\"/home/dell/ti/tirtos_tivac_2_16_00_08/products/TivaWare_C_Series-2.1.1.71b\" --include_path=\"/home/dell/ti/tirtos_tivac_2_16_00_08/products/bios_6_45_01_29/packages/ti/sysbios/posix\" --include_path=\"/home/dell/ti/ccs9/ccs/tools/compiler/ti-cgt-arm_18.12.2.LTS/include\" --define=ccs=\"ccs\" --define=PART_TM4C123GH6PM --define=ccs --define=TIVAWARE -g --gcc --diag_warning=225 --diag_warning=255 --diag_wrap=off --display_error_number --gen_func_subsections=on --abi=eabi  " "../uartconsole.cfg"
making package.mak (because of package.bld) ...
generating interfaces for package configPkg (because package/package.xdc.inc is older than package.xdc) ...
configuring uartconsole.xem4f from package/cfg/uartconsole_pem4f.cfg ...
generating custom ti.sysbios library makefile ... 
Starting build of library sources ...
making /home/dell/Documents/work/ccs_workspace/uartconsole_EK_TM4C123GXL_TI/src/sysbios/sysbios.aem4f ...
gmake[1]: Entering directory `/home/dell/Documents/work/ccs_workspace/uartconsole_EK_TM4C123GXL_TI/src/sysbios'
clem4f /home/dell/ti/tirtos_tivac_2_16_00_08/products/bios_6_45_01_29/packages/ti/sysbios/BIOS.c ...
asmem4f /home/dell/ti/tirtos_tivac_2_16_00_08/products/bios_6_45_01_29/packages/ti/sysbios/family/arm/m3/Hwi_asm.sv7M ...
asmem4f /home/dell/ti/tirtos_tivac_2_16_00_08/products/bios_6_45_01_29/packages/ti/sysbios/family/arm/m3/Hwi_asm_switch.sv7M ...
asmem4f /home/dell/ti/tirtos_tivac_2_16_00_08/products/bios_6_45_01_29/packages/ti/sysbios/family/arm/m3/IntrinsicsSupport_asm.sv7M ...
asmem4f /home/dell/ti/tirtos_tivac_2_16_00_08/products/bios_6_45_01_29/packages/ti/sysbios/family/arm/m3/TaskSupport_asm.sv7M ...
arem4f BIOS.obj m3_Hwi_asm.obj m3_Hwi_asm_switch.obj m3_IntrinsicsSupport_asm.obj m3_TaskSupport_asm.obj ...
gmake[1]: Leaving directory `/home/dell/Documents/work/ccs_workspace/uartconsole_EK_TM4C123GXL_TI/src/sysbios'
Build of libraries done.
clem4f package/cfg/uartconsole_pem4f.c ...
"package/cfg/uartconsole_pem4f.c", line 19174: warning #112-D: statement is unreachable
"package/cfg/uartconsole_pem4f.c", line 19660: warning #112-D: statement is unreachable
"package/cfg/uartconsole_pem4f.c", line 19895: warning #112-D: statement is unreachable
"package/cfg/uartconsole_pem4f.c", line 20115: warning #112-D: statement is unreachable
"package/cfg/uartconsole_pem4f.c", line 20296: warning #112-D: statement is unreachable
Finished building: "../uartconsole.cfg"
 
making ../src/sysbios/sysbios.aem4f ...
gmake[1]: Nothing to be done for 'all'.
Building file: "../UARTUtils.c"
Invoking: ARM Compiler
"/home/dell/ti/ccs9/ccs/tools/compiler/ti-cgt-arm_18.12.2.LTS/bin/armcl" -mv7M4 --code_state=16 --float_support=FPv4SPD16 -me --include_path="/home/dell/Documents/work/ccs_workspace/uartconsole_EK_TM4C123GXL_TI" --include_path="/home/dell/Documents/work/ccs_workspace/uartconsole_EK_TM4C123GXL_TI" --include_path="/home/dell/ti/tirtos_tivac_2_16_00_08/products/TivaWare_C_Series-2.1.1.71b" --include_path="/home/dell/ti/tirtos_tivac_2_16_00_08/products/bios_6_45_01_29/packages/ti/sysbios/posix" --include_path="/home/dell/ti/ccs9/ccs/tools/compiler/ti-cgt-arm_18.12.2.LTS/include" --define=ccs="ccs" --define=PART_TM4C123GH6PM --define=ccs --define=TIVAWARE -g --gcc --diag_warning=225 --diag_warning=255 --diag_wrap=off --display_error_number --gen_func_subsections=on --abi=eabi --preproc_with_compile --preproc_dependency="UARTUtils.d_raw" --cmd_file="configPkg/compiler.opt" "../UARTUtils.c"
Finished building: "../UARTUtils.c"
 
Building file: "../uartconsole.c"
Invoking: ARM Compiler
"/home/dell/ti/ccs9/ccs/tools/compiler/ti-cgt-arm_18.12.2.LTS/bin/armcl" -mv7M4 --code_state=16 --float_support=FPv4SPD16 -me --include_path="/home/dell/Documents/work/ccs_workspace/uartconsole_EK_TM4C123GXL_TI" --include_path="/home/dell/Documents/work/ccs_workspace/uartconsole_EK_TM4C123GXL_TI" --include_path="/home/dell/ti/tirtos_tivac_2_16_00_08/products/TivaWare_C_Series-2.1.1.71b" --include_path="/home/dell/ti/tirtos_tivac_2_16_00_08/products/bios_6_45_01_29/packages/ti/sysbios/posix" --include_path="/home/dell/ti/ccs9/ccs/tools/compiler/ti-cgt-arm_18.12.2.LTS/include" --define=ccs="ccs" --define=PART_TM4C123GH6PM --define=ccs --define=TIVAWARE -g --gcc --diag_warning=225 --diag_warning=255 --diag_wrap=off --display_error_number --gen_func_subsections=on --abi=eabi --preproc_with_compile --preproc_dependency="uartconsole.d_raw" --cmd_file="configPkg/compiler.opt" "../uartconsole.c"
Finished building: "../uartconsole.c"
 
Building file: "../USBCDCD_LoggerIdle.c"
Invoking: ARM Compiler
"/home/dell/ti/ccs9/ccs/tools/compiler/ti-cgt-arm_18.12.2.LTS/bin/armcl" -mv7M4 --code_state=16 --float_support=FPv4SPD16 -me --include_path="/home/dell/Documents/work/ccs_workspace/uartconsole_EK_TM4C123GXL_TI" --include_path="/home/dell/Documents/work/ccs_workspace/uartconsole_EK_TM4C123GXL_TI" --include_path="/home/dell/ti/tirtos_tivac_2_16_00_08/products/TivaWare_C_Series-2.1.1.71b" --include_path="/home/dell/ti/tirtos_tivac_2_16_00_08/products/bios_6_45_01_29/packages/ti/sysbios/posix" --include_path="/home/dell/ti/ccs9/ccs/tools/compiler/ti-cgt-arm_18.12.2.LTS/include" --define=ccs="ccs" --define=PART_TM4C123GH6PM --define=ccs --define=TIVAWARE -g --gcc --diag_warning=225 --diag_warning=255 --diag_wrap=off --display_error_number --gen_func_subsections=on --abi=eabi --preproc_with_compile --preproc_dependency="USBCDCD_LoggerIdle.d_raw" --cmd_file="configPkg/compiler.opt" "../USBCDCD_LoggerIdle.c"
Finished building: "../USBCDCD_LoggerIdle.c"
 
Building file: "../EK_TM4C123GXL.c"
Invoking: ARM Compiler
"/home/dell/ti/ccs9/ccs/tools/compiler/ti-cgt-arm_18.12.2.LTS/bin/armcl" -mv7M4 --code_state=16 --float_support=FPv4SPD16 -me --include_path="/home/dell/Documents/work/ccs_workspace/uartconsole_EK_TM4C123GXL_TI" --include_path="/home/dell/Documents/work/ccs_workspace/uartconsole_EK_TM4C123GXL_TI" --include_path="/home/dell/ti/tirtos_tivac_2_16_00_08/products/TivaWare_C_Series-2.1.1.71b" --include_path="/home/dell/ti/tirtos_tivac_2_16_00_08/products/bios_6_45_01_29/packages/ti/sysbios/posix" --include_path="/home/dell/ti/ccs9/ccs/tools/compiler/ti-cgt-arm_18.12.2.LTS/include" --define=ccs="ccs" --define=PART_TM4C123GH6PM --define=ccs --define=TIVAWARE -g --gcc --diag_warning=225 --diag_warning=255 --diag_wrap=off --display_error_number --gen_func_subsections=on --abi=eabi --preproc_with_compile --preproc_dependency="EK_TM4C123GXL.d_raw" --cmd_file="configPkg/compiler.opt" "../EK_TM4C123GXL.c"
Finished building: "../EK_TM4C123GXL.c"
 
making ../src/sysbios/sysbios.aem4f ...
gmake[2]: Nothing to be done for 'all'.
Building target: "uartconsole_EK_TM4C123GXL_TI.out"
Invoking: ARM Linker
"/home/dell/ti/ccs9/ccs/tools/compiler/ti-cgt-arm_18.12.2.LTS/bin/armcl" -mv7M4 --code_state=16 --float_support=FPv4SPD16 -me --define=ccs="ccs" --define=PART_TM4C123GH6PM --define=ccs --define=TIVAWARE -g --gcc --diag_warning=225 --diag_warning=255 --diag_wrap=off --display_error_number --gen_func_subsections=on --abi=eabi -z -m"uartconsole_EK_TM4C123GXL_TI.map" --heap_size=0 --stack_size=512 -i"/home/dell/ti/ccs9/ccs/tools/compiler/ti-cgt-arm_18.12.2.LTS/lib" -i"/home/dell/ti/ccs9/ccs/tools/compiler/ti-cgt-arm_18.12.2.LTS/include" --reread_libs --diag_wrap=off --display_error_number --warn_sections --xml_link_info="uartconsole_EK_TM4C123GXL_TI_linkInfo.xml" --rom_model -o "uartconsole_EK_TM4C123GXL_TI.out" "./EK_TM4C123GXL.obj" "./UARTUtils.obj" "./USBCDCD_LoggerIdle.obj" "./uartconsole.obj" "../EK_TM4C123GXL.cmd" -l"configPkg/linker.cmd" -l"/home/dell/ti/tirtos_tivac_2_16_00_08/products/TivaWare_C_Series-2.1.1.71b/grlib/ccs/Debug/grlib.lib" -l"/home/dell/ti/tirtos_tivac_2_16_00_08/products/TivaWare_C_Series-2.1.1.71b/usblib/ccs/Debug/usblib.lib" -l"/home/dell/ti/tirtos_tivac_2_16_00_08/products/TivaWare_C_Series-2.1.1.71b/driverlib/ccs/Debug/driverlib.lib" -llibc.a 
<Linking>
Finished building target: "uartconsole_EK_TM4C123GXL_TI.out"
 

**** Build Finished ****

**** Build of configuration Debug for project uartconsole_EK_TM4C123GXL_TI ****

/home/dell/ti/ccs9/ccs/utils/bin/gmake -k -j 8 all -O 
 
making ../src/sysbios/sysbios.aem4f ...
gmake[1]: Nothing to be done for 'all'.
making ../src/sysbios/sysbios.aem4f ...
gmake[2]: Nothing to be done for 'all'.

**** Build Finished ****

**** Build of configuration Debug for project uartconsole_EK_TM4C123GXL_TI ****

/home/dell/ti/ccs9/ccs/utils/bin/gmake -k -j 8 all -O 
 
making ../src/sysbios/sysbios.aem4f ...
gmake[1]: Nothing to be done for 'all'.
making ../src/sysbios/sysbios.aem4f ...
gmake[2]: Nothing to be done for 'all'.

**** Build Finished ****

**** Build of configuration Debug for project uartconsole_EK_TM4C123GXL_TI ****

/home/dell/ti/ccs9/ccs/utils/bin/gmake -k -j 8 all -O 
 
making ../src/sysbios/sysbios.aem4f ...
gmake[1]: Nothing to be done for 'all'.
making ../src/sysbios/sysbios.aem4f ...
gmake[2]: Nothing to be done for 'all'.

**** Build Finished ****

**** Build of configuration Debug for project uartconsole_EK_TM4C123GXL_TI ****

/home/dell/ti/ccs9/ccs/utils/bin/gmake -k -j 8 all -O 
 
making ../src/sysbios/sysbios.aem4f ...
gmake[1]: Nothing to be done for 'all'.
Building file: "../UARTUtils.c"
Invoking: ARM Compiler
"/home/dell/ti/ccs9/ccs/tools/compiler/ti-cgt-arm_18.12.2.LTS/bin/armcl" -mv7M4 --code_state=16 --float_support=FPv4SPD16 -me --include_path="/home/dell/Documents/work/ccs_workspace/uartconsole_EK_TM4C123GXL_TI" --include_path="/home/dell/Documents/work/ccs_workspace/uartconsole_EK_TM4C123GXL_TI" --include_path="/home/dell/ti/tirtos_tivac_2_16_00_08/products/TivaWare_C_Series-2.1.1.71b" --include_path="/home/dell/ti/tirtos_tivac_2_16_00_08/products/bios_6_45_01_29/packages/ti/sysbios/posix" --include_path="/home/dell/ti/ccs9/ccs/tools/compiler/ti-cgt-arm_18.12.2.LTS/include" --define=ccs="ccs" --define=PART_TM4C123GH6PM --define=ccs --define=TIVAWARE -g --gcc --diag_warning=225 --diag_warning=255 --diag_wrap=off --display_error_number --gen_func_subsections=on --abi=eabi --preproc_with_compile --preproc_dependency="UARTUtils.d_raw" --cmd_file="configPkg/compiler.opt" "../UARTUtils.c"
 
>> Compilation failure
subdir_rules.mk:7: recipe for target 'UARTUtils.obj' failed
"/home/dell/ti/ccs9/ccs/tools/compiler/ti-cgt-arm_18.12.2.LTS/include/file.h", line 101: error #41: expected an identifier
"/home/dell/ti/ccs9/ccs/tools/compiler/ti-cgt-arm_18.12.2.LTS/include/file.h", line 101: error #18: expected a ")"
"/home/dell/ti/ccs9/ccs/tools/compiler/ti-cgt-arm_18.12.2.LTS/include/file.h", line 102: error #41: expected an identifier
"/home/dell/ti/ccs9/ccs/tools/compiler/ti-cgt-arm_18.12.2.LTS/include/file.h", line 103: error #41: expected an identifier
"/home/dell/ti/ccs9/ccs/tools/compiler/ti-cgt-arm_18.12.2.LTS/include/file.h", line 103: error #80: expected a type specifier
"/home/dell/ti/ccs9/ccs/tools/compiler/ti-cgt-arm_18.12.2.LTS/include/file.h", line 103: error #91: function returning function is not allowed
"/home/dell/ti/ccs9/ccs/tools/compiler/ti-cgt-arm_18.12.2.LTS/include/file.h", line 104: error #41: expected an identifier
"/home/dell/ti/ccs9/ccs/tools/compiler/ti-cgt-arm_18.12.2.LTS/include/file.h", line 104: error #80: expected a type specifier
"/home/dell/ti/ccs9/ccs/tools/compiler/ti-cgt-arm_18.12.2.LTS/include/file.h", line 104: error #91: function returning function is not allowed
"/home/dell/ti/ccs9/ccs/tools/compiler/ti-cgt-arm_18.12.2.LTS/include/file.h", line 105: error #41: expected an identifier
"/home/dell/ti/ccs9/ccs/tools/compiler/ti-cgt-arm_18.12.2.LTS/include/file.h", line 105: error #80: expected a type specifier
"/home/dell/ti/ccs9/ccs/tools/compiler/ti-cgt-arm_18.12.2.LTS/include/file.h", line 105: error #91: function returning function is not allowed
"/home/dell/ti/ccs9/ccs/tools/compiler/ti-cgt-arm_18.12.2.LTS/include/file.h", line 106: error #41: expected an identifier
"/home/dell/ti/ccs9/ccs/tools/compiler/ti-cgt-arm_18.12.2.LTS/include/file.h", line 106: error #80: expected a type specifier
"/home/dell/ti/ccs9/ccs/tools/compiler/ti-cgt-arm_18.12.2.LTS/include/file.h", line 106: error #91: function returning function is not allowed
"/home/dell/ti/ccs9/ccs/tools/compiler/ti-cgt-arm_18.12.2.LTS/include/file.h", line 107: error #80: expected a type specifier
"/home/dell/ti/ccs9/ccs/tools/compiler/ti-cgt-arm_18.12.2.LTS/include/file.h", line 107: error #91: function returning function is not allowed
"/home/dell/ti/ccs9/ccs/tools/compiler/ti-cgt-arm_18.12.2.LTS/include/file.h", line 107: error #102: "off_t" has already been declared in the current scope
"/home/dell/ti/ccs9/ccs/tools/compiler/ti-cgt-arm_18.12.2.LTS/include/file.h", line 108: error #41: expected an identifier
"/home/dell/ti/ccs9/ccs/tools/compiler/ti-cgt-arm_18.12.2.LTS/include/file.h", line 108: error #80: expected a type specifier
"/home/dell/ti/ccs9/ccs/tools/compiler/ti-cgt-arm_18.12.2.LTS/include/file.h", line 108: error #91: function returning function is not allowed
"/home/dell/ti/ccs9/ccs/tools/compiler/ti-cgt-arm_18.12.2.LTS/include/file.h", line 109: error #41: expected an identifier
"/home/dell/ti/ccs9/ccs/tools/compiler/ti-cgt-arm_18.12.2.LTS/include/file.h", line 109: error #80: expected a type specifier
"/home/dell/ti/ccs9/ccs/tools/compiler/ti-cgt-arm_18.12.2.LTS/include/file.h", line 109: error #91: function returning function is not allowed
"/home/dell/ti/ccs9/ccs/tools/compiler/ti-cgt-arm_18.12.2.LTS/include/file.h", line 109: error #66: expected a ";"
"../UARTUtils.h", line 104: error #760: function "off_t" is not a type name
"../UARTUtils.h", line 104: error #760: function "off_t" is not a type name
"../UARTUtils.c", line 190: error #760: function "off_t" is not a type name
"../UARTUtils.c", line 190: error #760: function "off_t" is not a type name
29 errors detected in the compilation of "../UARTUtils.c".
gmake: *** [UARTUtils.obj] Error 1
"/home/dell/ti/ccs9/ccs/tools/compiler/ti-cgt-arm_18.12.2.LTS/include/file.h", line 101: error #41: expected an identifier
"/home/dell/ti/ccs9/ccs/tools/compiler/ti-cgt-arm_18.12.2.LTS/include/file.h", line 101: error #18: expected a ")"
"/home/dell/ti/ccs9/ccs/tools/compiler/ti-cgt-arm_18.12.2.LTS/include/file.h", line 102: error #41: expected an identifier
"/home/dell/ti/ccs9/ccs/tools/compiler/ti-cgt-arm_18.12.2.LTS/include/file.h", line 103: error #41: expected an identifier
"/home/dell/ti/ccs9/ccs/tools/compiler/ti-cgt-arm_18.12.2.LTS/include/file.h", line 103: error #80: expected a type specifier
"/home/dell/ti/ccs9/ccs/tools/compiler/ti-cgt-arm_18.12.2.LTS/include/file.h", line 103: error #91: function returning function is not allowed
"/home/dell/ti/ccs9/ccs/tools/compiler/ti-cgt-arm_18.12.2.LTS/include/file.h", line 104: error #41: expected an identifier
"/home/dell/ti/ccs9/ccs/tools/compiler/ti-cgt-arm_18.12.2.LTS/include/file.h", line 104: error #80: expected a type specifier
"/home/dell/ti/ccs9/ccs/tools/compiler/ti-cgt-arm_18.12.2.LTS/include/file.h", line 104: error #91: function returning function is not allowed
"/home/dell/ti/ccs9/ccs/tools/compiler/ti-cgt-arm_18.12.2.LTS/include/file.h", line 105: error #41: expected an identifier
"/home/dell/ti/ccs9/ccs/tools/compiler/ti-cgt-arm_18.12.2.LTS/include/file.h", line 105: error #80: expected a type specifier
"/home/dell/ti/ccs9/ccs/tools/compiler/ti-cgt-arm_18.12.2.LTS/include/file.h", line 105: error #91: function returning function is not allowed
"/home/dell/ti/ccs9/ccs/tools/compiler/ti-cgt-arm_18.12.2.LTS/include/file.h", line 106: error #41: expected an identifier
"/home/dell/ti/ccs9/ccs/tools/compiler/ti-cgt-arm_18.12.2.LTS/include/file.h", line 106: error #80: expected a type specifier
"/home/dell/ti/ccs9/ccs/tools/compiler/ti-cgt-arm_18.12.2.LTS/include/file.h", line 106: error #91: function returning function is not allowed
"/home/dell/ti/ccs9/ccs/tools/compiler/ti-cgt-arm_18.12.2.LTS/include/file.h", line 107: error #80: expected a type specifier
"/home/dell/ti/ccs9/ccs/tools/compiler/ti-cgt-arm_18.12.2.LTS/include/file.h", line 107: error #91: function returning function is not allowed
"/home/dell/ti/ccs9/ccs/tools/compiler/ti-cgt-arm_18.12.2.LTS/include/file.h", line 107: error #102: "off_t" has already been declared in the current scope
"/home/dell/ti/ccs9/ccs/tools/compiler/ti-cgt-arm_18.12.2.LTS/include/file.h", line 108: error #41: expected an identifier
"/home/dell/ti/ccs9/ccs/tools/compiler/ti-cgt-arm_18.12.2.LTS/include/file.h", line 108: error #80: expected a type specifier
"/home/dell/ti/ccs9/ccs/tools/compiler/ti-cgt-arm_18.12.2.LTS/include/file.h", line 108: error #91: function returning function is not allowed
"/home/dell/ti/ccs9/ccs/tools/compiler/ti-cgt-arm_18.12.2.LTS/include/file.h", line 109: error #41: expected an identifier
"/home/dell/ti/ccs9/ccs/tools/compiler/ti-cgt-arm_18.12.2.LTS/include/file.h", line 109: error #80: expected a type specifier
"/home/dell/ti/ccs9/ccs/tools/compiler/ti-cgt-arm_18.12.2.LTS/include/file.h", line 109: error #91: function returning function is not allowed
"/home/dell/ti/ccs9/ccs/tools/compiler/ti-cgt-arm_18.12.2.LTS/include/file.h", line 109: error #66: expected a ";"
"../UARTUtils.h", line 104: error #760: function "off_t" is not a type name
"../UARTUtils.h", line 104: error #760: function "off_t" is not a type name
"../uartconsole.c", line 159: warning #225-D: function "add_device" declared implicitly
27 errors detected in the compilation of "../uartconsole.c".
gmake: *** [uartconsole.obj] Error 1
Building file: "../uartconsole.c"
Invoking: ARM Compiler
"/home/dell/ti/ccs9/ccs/tools/compiler/ti-cgt-arm_18.12.2.LTS/bin/armcl" -mv7M4 --code_state=16 --float_support=FPv4SPD16 -me --include_path="/home/dell/Documents/work/ccs_workspace/uartconsole_EK_TM4C123GXL_TI" --include_path="/home/dell/Documents/work/ccs_workspace/uartconsole_EK_TM4C123GXL_TI" --include_path="/home/dell/ti/tirtos_tivac_2_16_00_08/products/TivaWare_C_Series-2.1.1.71b" --include_path="/home/dell/ti/tirtos_tivac_2_16_00_08/products/bios_6_45_01_29/packages/ti/sysbios/posix" --include_path="/home/dell/ti/ccs9/ccs/tools/compiler/ti-cgt-arm_18.12.2.LTS/include" --define=ccs="ccs" --define=PART_TM4C123GH6PM --define=ccs --define=TIVAWARE -g --gcc --diag_warning=225 --diag_warning=255 --diag_wrap=off --display_error_number --gen_func_subsections=on --abi=eabi --preproc_with_compile --preproc_dependency="uartconsole.d_raw" --cmd_file="configPkg/compiler.opt" "../uartconsole.c"
 
>> Compilation failure
subdir_rules.mk:7: recipe for target 'uartconsole.obj' failed
gmake: Target 'all' not remade because of errors.

**** Build Finished ****

**** Build of configuration Debug for project uartconsole_EK_TM4C123GXL_TI ****

/home/dell/ti/ccs9/ccs/utils/bin/gmake -k -j 8 all -O 
 
making ../src/sysbios/sysbios.aem4f ...
gmake[1]: Nothing to be done for 'all'.
Building file: "../UARTUtils.c"
Invoking: ARM Compiler
"/home/dell/ti/ccs9/ccs/tools/compiler/ti-cgt-arm_18.12.2.LTS/bin/armcl" -mv7M4 --code_state=16 --float_support=FPv4SPD16 -me --include_path="/home/dell/Documents/work/ccs_workspace/uartconsole_EK_TM4C123GXL_TI" --include_path="/home/dell/Documents/work/ccs_workspace/uartconsole_EK_TM4C123GXL_TI" --include_path="/home/dell/ti/tirtos_tivac_2_16_00_08/products/TivaWare_C_Series-2.1.1.71b" --include_path="/home/dell/ti/tirtos_tivac_2_16_00_08/products/bios_6_45_01_29/packages/ti/sysbios/posix" --include_path="/home/dell/ti/ccs9/ccs/tools/compiler/ti-cgt-arm_18.12.2.LTS/include" --define=ccs="ccs" --define=PART_TM4C123GH6PM --define=ccs --define=TIVAWARE -g --gcc --diag_warning=225 --diag_warning=255 --diag_wrap=off --display_error_number --gen_func_subsections=on --abi=eabi --preproc_with_compile --preproc_dependency="UARTUtils.d_raw" --cmd_file="configPkg/compiler.opt" "../UARTUtils.c"
 
>> Compilation failure
subdir_rules.mk:7: recipe for target 'UARTUtils.obj' failed
"../Board.h", line 80: error #171: expected a declaration
"../Board.h", line 80: error #10: "#" not expected here
"/home/dell/ti/ccs9/ccs/tools/compiler/ti-cgt-arm_18.12.2.LTS/include/stdio.h", line 88: warning #12-D: parsing restarts here after previous syntax error
"/home/dell/ti/ccs9/ccs/tools/compiler/ti-cgt-arm_18.12.2.LTS/include/file.h", line 101: error #41: expected an identifier
"/home/dell/ti/ccs9/ccs/tools/compiler/ti-cgt-arm_18.12.2.LTS/include/file.h", line 101: error #18: expected a ")"
"/home/dell/ti/ccs9/ccs/tools/compiler/ti-cgt-arm_18.12.2.LTS/include/file.h", line 102: error #41: expected an identifier
"/home/dell/ti/ccs9/ccs/tools/compiler/ti-cgt-arm_18.12.2.LTS/include/file.h", line 103: error #41: expected an identifier
"/home/dell/ti/ccs9/ccs/tools/compiler/ti-cgt-arm_18.12.2.LTS/include/file.h", line 103: error #80: expected a type specifier
"/home/dell/ti/ccs9/ccs/tools/compiler/ti-cgt-arm_18.12.2.LTS/include/file.h", line 103: error #91: function returning function is not allowed
"/home/dell/ti/ccs9/ccs/tools/compiler/ti-cgt-arm_18.12.2.LTS/include/file.h", line 104: error #41: expected an identifier
"/home/dell/ti/ccs9/ccs/tools/compiler/ti-cgt-arm_18.12.2.LTS/include/file.h", line 104: error #80: expected a type specifier
"/home/dell/ti/ccs9/ccs/tools/compiler/ti-cgt-arm_18.12.2.LTS/include/file.h", line 104: error #91: function returning function is not allowed
"/home/dell/ti/ccs9/ccs/tools/compiler/ti-cgt-arm_18.12.2.LTS/include/file.h", line 105: error #41: expected an identifier
"/home/dell/ti/ccs9/ccs/tools/compiler/ti-cgt-arm_18.12.2.LTS/include/file.h", line 105: error #80: expected a type specifier
"/home/dell/ti/ccs9/ccs/tools/compiler/ti-cgt-arm_18.12.2.LTS/include/file.h", line 105: error #91: function returning function is not allowed
"/home/dell/ti/ccs9/ccs/tools/compiler/ti-cgt-arm_18.12.2.LTS/include/file.h", line 106: error #41: expected an identifier
"/home/dell/ti/ccs9/ccs/tools/compiler/ti-cgt-arm_18.12.2.LTS/include/file.h", line 106: error #80: expected a type specifier
"/home/dell/ti/ccs9/ccs/tools/compiler/ti-cgt-arm_18.12.2.LTS/include/file.h", line 106: error #91: function returning function is not allowed
"/home/dell/ti/ccs9/ccs/tools/compiler/ti-cgt-arm_18.12.2.LTS/include/file.h", line 107: error #80: expected a type specifier
"/home/dell/ti/ccs9/ccs/tools/compiler/ti-cgt-arm_18.12.2.LTS/include/file.h", line 107: error #91: function returning function is not allowed
"/home/dell/ti/ccs9/ccs/tools/compiler/ti-cgt-arm_18.12.2.LTS/include/file.h", line 107: error #102: "off_t" has already been declared in the current scope
"/home/dell/ti/ccs9/ccs/tools/compiler/ti-cgt-arm_18.12.2.LTS/include/file.h", line 108: error #41: expected an identifier
"/home/dell/ti/ccs9/ccs/tools/compiler/ti-cgt-arm_18.12.2.LTS/include/file.h", line 108: error #80: expected a type specifier
"/home/dell/ti/ccs9/ccs/tools/compiler/ti-cgt-arm_18.12.2.LTS/include/file.h", line 108: error #91: function returning function is not allowed
"/home/dell/ti/ccs9/ccs/tools/compiler/ti-cgt-arm_18.12.2.LTS/include/file.h", line 109: error #41: expected an identifier
"/home/dell/ti/ccs9/ccs/tools/compiler/ti-cgt-arm_18.12.2.LTS/include/file.h", line 109: error #80: expected a type specifier
"/home/dell/ti/ccs9/ccs/tools/compiler/ti-cgt-arm_18.12.2.LTS/include/file.h", line 109: error #91: function returning function is not allowed
"/home/dell/ti/ccs9/ccs/tools/compiler/ti-cgt-arm_18.12.2.LTS/include/file.h", line 109: error #66: expected a ";"
"../UARTUtils.h", line 104: error #760: function "off_t" is not a type name
"../UARTUtils.h", line 104: error #760: function "off_t" is not a type name
"../UARTUtils.c", line 190: error #760: function "off_t" is not a type name
"../UARTUtils.c", line 190: error #760: function "off_t" is not a type name
31 errors detected in the compilation of "../UARTUtils.c".
gmake: *** [UARTUtils.obj] Error 1
"/home/dell/ti/ccs9/ccs/tools/compiler/ti-cgt-arm_18.12.2.LTS/include/file.h", line 101: error #41: expected an identifier
"/home/dell/ti/ccs9/ccs/tools/compiler/ti-cgt-arm_18.12.2.LTS/include/file.h", line 101: error #18: expected a ")"
"/home/dell/ti/ccs9/ccs/tools/compiler/ti-cgt-arm_18.12.2.LTS/include/file.h", line 102: error #41: expected an identifier
"/home/dell/ti/ccs9/ccs/tools/compiler/ti-cgt-arm_18.12.2.LTS/include/file.h", line 103: error #41: expected an identifier
"/home/dell/ti/ccs9/ccs/tools/compiler/ti-cgt-arm_18.12.2.LTS/include/file.h", line 103: error #80: expected a type specifier
"/home/dell/ti/ccs9/ccs/tools/compiler/ti-cgt-arm_18.12.2.LTS/include/file.h", line 103: error #91: function returning function is not allowed
"/home/dell/ti/ccs9/ccs/tools/compiler/ti-cgt-arm_18.12.2.LTS/include/file.h", line 104: error #41: expected an identifier
"/home/dell/ti/ccs9/ccs/tools/compiler/ti-cgt-arm_18.12.2.LTS/include/file.h", line 104: error #80: expected a type specifier
"/home/dell/ti/ccs9/ccs/tools/compiler/ti-cgt-arm_18.12.2.LTS/include/file.h", line 104: error #91: function returning function is not allowed
"/home/dell/ti/ccs9/ccs/tools/compiler/ti-cgt-arm_18.12.2.LTS/include/file.h", line 105: error #41: expected an identifier
"/home/dell/ti/ccs9/ccs/tools/compiler/ti-cgt-arm_18.12.2.LTS/include/file.h", line 105: error #80: expected a type specifier
"/home/dell/ti/ccs9/ccs/tools/compiler/ti-cgt-arm_18.12.2.LTS/include/file.h", line 105: error #91: function returning function is not allowed
"/home/dell/ti/ccs9/ccs/tools/compiler/ti-cgt-arm_18.12.2.LTS/include/file.h", line 106: error #41: expected an identifier
"/home/dell/ti/ccs9/ccs/tools/compiler/ti-cgt-arm_18.12.2.LTS/include/file.h", line 106: error #80: expected a type specifier
"/home/dell/ti/ccs9/ccs/tools/compiler/ti-cgt-arm_18.12.2.LTS/include/file.h", line 106: error #91: function returning function is not allowed
"/home/dell/ti/ccs9/ccs/tools/compiler/ti-cgt-arm_18.12.2.LTS/include/file.h", line 107: error #80: expected a type specifier
"/home/dell/ti/ccs9/ccs/tools/compiler/ti-cgt-arm_18.12.2.LTS/include/file.h", line 107: error #91: function returning function is not allowed
"/home/dell/ti/ccs9/ccs/tools/compiler/ti-cgt-arm_18.12.2.LTS/include/file.h", line 107: error #102: "off_t" has already been declared in the current scope
"/home/dell/ti/ccs9/ccs/tools/compiler/ti-cgt-arm_18.12.2.LTS/include/file.h", line 108: error #41: expected an identifier
"/home/dell/ti/ccs9/ccs/tools/compiler/ti-cgt-arm_18.12.2.LTS/include/file.h", line 108: error #80: expected a type specifier
"/home/dell/ti/ccs9/ccs/tools/compiler/ti-cgt-arm_18.12.2.LTS/include/file.h", line 108: error #91: function returning function is not allowed
"/home/dell/ti/ccs9/ccs/tools/compiler/ti-cgt-arm_18.12.2.LTS/include/file.h", line 109: error #41: expected an identifier
"/home/dell/ti/ccs9/ccs/tools/compiler/ti-cgt-arm_18.12.2.LTS/include/file.h", line 109: error #80: expected a type specifier
"/home/dell/ti/ccs9/ccs/tools/compiler/ti-cgt-arm_18.12.2.LTS/include/file.h", line 109: error #91: function returning function is not allowed
"/home/dell/ti/ccs9/ccs/tools/compiler/ti-cgt-arm_18.12.2.LTS/include/file.h", line 109: error #66: expected a ";"
"../Board.h", line 80: error #171: expected a declaration
"../Board.h", line 80: error #10: "#" not expected here
"../UARTUtils.h", line 68: warning #12-D: parsing restarts here after previous syntax error
"../UARTUtils.h", line 104: error #760: function "off_t" is not a type name
"../UARTUtils.h", line 104: error #760: function "off_t" is not a type name
"../uartconsole.c", line 159: warning #225-D: function "add_device" declared implicitly
29 errors detected in the compilation of "../uartconsole.c".
gmake: *** [uartconsole.obj] Error 1
Building file: "../uartconsole.c"
Invoking: ARM Compiler
"/home/dell/ti/ccs9/ccs/tools/compiler/ti-cgt-arm_18.12.2.LTS/bin/armcl" -mv7M4 --code_state=16 --float_support=FPv4SPD16 -me --include_path="/home/dell/Documents/work/ccs_workspace/uartconsole_EK_TM4C123GXL_TI" --include_path="/home/dell/Documents/work/ccs_workspace/uartconsole_EK_TM4C123GXL_TI" --include_path="/home/dell/ti/tirtos_tivac_2_16_00_08/products/TivaWare_C_Series-2.1.1.71b" --include_path="/home/dell/ti/tirtos_tivac_2_16_00_08/products/bios_6_45_01_29/packages/ti/sysbios/posix" --include_path="/home/dell/ti/ccs9/ccs/tools/compiler/ti-cgt-arm_18.12.2.LTS/include" --define=ccs="ccs" --define=PART_TM4C123GH6PM --define=ccs --define=TIVAWARE -g --gcc --diag_warning=225 --diag_warning=255 --diag_wrap=off --display_error_number --gen_func_subsections=on --abi=eabi --preproc_with_compile --preproc_dependency="uartconsole.d_raw" --cmd_file="configPkg/compiler.opt" "../uartconsole.c"
 
>> Compilation failure
subdir_rules.mk:7: recipe for target 'uartconsole.obj' failed
gmake: Target 'all' not remade because of errors.

**** Build Finished ****

**** Build of configuration Debug for project uartconsole_EK_TM4C123GXL_TI ****

/home/dell/ti/ccs9/ccs/utils/bin/gmake -k -j 8 all -O 
 
making ../src/sysbios/sysbios.aem4f ...
gmake[1]: Nothing to be done for 'all'.
Building file: "../UARTUtils.c"
Invoking: ARM Compiler
"/home/dell/ti/ccs9/ccs/tools/compiler/ti-cgt-arm_18.12.2.LTS/bin/armcl" -mv7M4 --code_state=16 --float_support=FPv4SPD16 -me --include_path="/home/dell/Documents/work/ccs_workspace/uartconsole_EK_TM4C123GXL_TI" --include_path="/home/dell/Documents/work/ccs_workspace/uartconsole_EK_TM4C123GXL_TI" --include_path="/home/dell/ti/tirtos_tivac_2_16_00_08/products/TivaWare_C_Series-2.1.1.71b" --include_path="/home/dell/ti/tirtos_tivac_2_16_00_08/products/bios_6_45_01_29/packages/ti/sysbios/posix" --include_path="/home/dell/ti/ccs9/ccs/tools/compiler/ti-cgt-arm_18.12.2.LTS/include" --define=ccs="ccs" --define=PART_TM4C123GH6PM --define=ccs --define=TIVAWARE -g --gcc --diag_warning=225 --diag_warning=255 --diag_wrap=off --display_error_number --gen_func_subsections=on --abi=eabi --preproc_with_compile --preproc_dependency="UARTUtils.d_raw" --cmd_file="configPkg/compiler.opt" "../UARTUtils.c"
 
>> Compilation failure
subdir_rules.mk:7: recipe for target 'UARTUtils.obj' failed
"/home/dell/ti/ccs9/ccs/tools/compiler/ti-cgt-arm_18.12.2.LTS/include/file.h", line 101: error #41: expected an identifier
"/home/dell/ti/ccs9/ccs/tools/compiler/ti-cgt-arm_18.12.2.LTS/include/file.h", line 101: error #18: expected a ")"
"/home/dell/ti/ccs9/ccs/tools/compiler/ti-cgt-arm_18.12.2.LTS/include/file.h", line 102: error #41: expected an identifier
"/home/dell/ti/ccs9/ccs/tools/compiler/ti-cgt-arm_18.12.2.LTS/include/file.h", line 103: error #41: expected an identifier
"/home/dell/ti/ccs9/ccs/tools/compiler/ti-cgt-arm_18.12.2.LTS/include/file.h", line 103: error #80: expected a type specifier
"/home/dell/ti/ccs9/ccs/tools/compiler/ti-cgt-arm_18.12.2.LTS/include/file.h", line 103: error #91: function returning function is not allowed
"/home/dell/ti/ccs9/ccs/tools/compiler/ti-cgt-arm_18.12.2.LTS/include/file.h", line 104: error #41: expected an identifier
"/home/dell/ti/ccs9/ccs/tools/compiler/ti-cgt-arm_18.12.2.LTS/include/file.h", line 104: error #80: expected a type specifier
"/home/dell/ti/ccs9/ccs/tools/compiler/ti-cgt-arm_18.12.2.LTS/include/file.h", line 104: error #91: function returning function is not allowed
"/home/dell/ti/ccs9/ccs/tools/compiler/ti-cgt-arm_18.12.2.LTS/include/file.h", line 105: error #41: expected an identifier
"/home/dell/ti/ccs9/ccs/tools/compiler/ti-cgt-arm_18.12.2.LTS/include/file.h", line 105: error #80: expected a type specifier
"/home/dell/ti/ccs9/ccs/tools/compiler/ti-cgt-arm_18.12.2.LTS/include/file.h", line 105: error #91: function returning function is not allowed
"/home/dell/ti/ccs9/ccs/tools/compiler/ti-cgt-arm_18.12.2.LTS/include/file.h", line 106: error #41: expected an identifier
"/home/dell/ti/ccs9/ccs/tools/compiler/ti-cgt-arm_18.12.2.LTS/include/file.h", line 106: error #80: expected a type specifier
"/home/dell/ti/ccs9/ccs/tools/compiler/ti-cgt-arm_18.12.2.LTS/include/file.h", line 106: error #91: function returning function is not allowed
"/home/dell/ti/ccs9/ccs/tools/compiler/ti-cgt-arm_18.12.2.LTS/include/file.h", line 107: error #80: expected a type specifier
"/home/dell/ti/ccs9/ccs/tools/compiler/ti-cgt-arm_18.12.2.LTS/include/file.h", line 107: error #91: function returning function is not allowed
"/home/dell/ti/ccs9/ccs/tools/compiler/ti-cgt-arm_18.12.2.LTS/include/file.h", line 107: error #102: "off_t" has already been declared in the current scope
"/home/dell/ti/ccs9/ccs/tools/compiler/ti-cgt-arm_18.12.2.LTS/include/file.h", line 108: error #41: expected an identifier
"/home/dell/ti/ccs9/ccs/tools/compiler/ti-cgt-arm_18.12.2.LTS/include/file.h", line 108: error #80: expected a type specifier
"/home/dell/ti/ccs9/ccs/tools/compiler/ti-cgt-arm_18.12.2.LTS/include/file.h", line 108: error #91: function returning function is not allowed
"/home/dell/ti/ccs9/ccs/tools/compiler/ti-cgt-arm_18.12.2.LTS/include/file.h", line 109: error #41: expected an identifier
"/home/dell/ti/ccs9/ccs/tools/compiler/ti-cgt-arm_18.12.2.LTS/include/file.h", line 109: error #80: expected a type specifier
"/home/dell/ti/ccs9/ccs/tools/compiler/ti-cgt-arm_18.12.2.LTS/include/file.h", line 109: error #91: function returning function is not allowed
"/home/dell/ti/ccs9/ccs/tools/compiler/ti-cgt-arm_18.12.2.LTS/include/file.h", line 109: error #66: expected a ";"
"../UARTUtils.h", line 104: error #760: function "off_t" is not a type name
"../UARTUtils.h", line 104: error #760: function "off_t" is not a type name
"../UARTUtils.c", line 190: error #760: function "off_t" is not a type name
"../UARTUtils.c", line 190: error #760: function "off_t" is not a type name
29 errors detected in the compilation of "../UARTUtils.c".
gmake: *** [UARTUtils.obj] Error 1
"/home/dell/ti/ccs9/ccs/tools/compiler/ti-cgt-arm_18.12.2.LTS/include/file.h", line 101: error #41: expected an identifier
"/home/dell/ti/ccs9/ccs/tools/compiler/ti-cgt-arm_18.12.2.LTS/include/file.h", line 101: error #18: expected a ")"
"/home/dell/ti/ccs9/ccs/tools/compiler/ti-cgt-arm_18.12.2.LTS/include/file.h", line 102: error #41: expected an identifier
"/home/dell/ti/ccs9/ccs/tools/compiler/ti-cgt-arm_18.12.2.LTS/include/file.h", line 103: error #41: expected an identifier
"/home/dell/ti/ccs9/ccs/tools/compiler/ti-cgt-arm_18.12.2.LTS/include/file.h", line 103: error #80: expected a type specifier
"/home/dell/ti/ccs9/ccs/tools/compiler/ti-cgt-arm_18.12.2.LTS/include/file.h", line 103: error #91: function returning function is not allowed
"/home/dell/ti/ccs9/ccs/tools/compiler/ti-cgt-arm_18.12.2.LTS/include/file.h", line 104: error #41: expected an identifier
"/home/dell/ti/ccs9/ccs/tools/compiler/ti-cgt-arm_18.12.2.LTS/include/file.h", line 104: error #80: expected a type specifier
"/home/dell/ti/ccs9/ccs/tools/compiler/ti-cgt-arm_18.12.2.LTS/include/file.h", line 104: error #91: function returning function is not allowed
"/home/dell/ti/ccs9/ccs/tools/compiler/ti-cgt-arm_18.12.2.LTS/include/file.h", line 105: error #41: expected an identifier
"/home/dell/ti/ccs9/ccs/tools/compiler/ti-cgt-arm_18.12.2.LTS/include/file.h", line 105: error #80: expected a type specifier
"/home/dell/ti/ccs9/ccs/tools/compiler/ti-cgt-arm_18.12.2.LTS/include/file.h", line 105: error #91: function returning function is not allowed
"/home/dell/ti/ccs9/ccs/tools/compiler/ti-cgt-arm_18.12.2.LTS/include/file.h", line 106: error #41: expected an identifier
"/home/dell/ti/ccs9/ccs/tools/compiler/ti-cgt-arm_18.12.2.LTS/include/file.h", line 106: error #80: expected a type specifier
"/home/dell/ti/ccs9/ccs/tools/compiler/ti-cgt-arm_18.12.2.LTS/include/file.h", line 106: error #91: function returning function is not allowed
"/home/dell/ti/ccs9/ccs/tools/compiler/ti-cgt-arm_18.12.2.LTS/include/file.h", line 107: error #80: expected a type specifier
"/home/dell/ti/ccs9/ccs/tools/compiler/ti-cgt-arm_18.12.2.LTS/include/file.h", line 107: error #91: function returning function is not allowed
"/home/dell/ti/ccs9/ccs/tools/compiler/ti-cgt-arm_18.12.2.LTS/include/file.h", line 107: error #102: "off_t" has already been declared in the current scope
"/home/dell/ti/ccs9/ccs/tools/compiler/ti-cgt-arm_18.12.2.LTS/include/file.h", line 108: error #41: expected an identifier
"/home/dell/ti/ccs9/ccs/tools/compiler/ti-cgt-arm_18.12.2.LTS/include/file.h", line 108: error #80: expected a type specifier
"/home/dell/ti/ccs9/ccs/tools/compiler/ti-cgt-arm_18.12.2.LTS/include/file.h", line 108: error #91: function returning function is not allowed
"/home/dell/ti/ccs9/ccs/tools/compiler/ti-cgt-arm_18.12.2.LTS/include/file.h", line 109: error #41: expected an identifier
"/home/dell/ti/ccs9/ccs/tools/compiler/ti-cgt-arm_18.12.2.LTS/include/file.h", line 109: error #80: expected a type specifier
"/home/dell/ti/ccs9/ccs/tools/compiler/ti-cgt-arm_18.12.2.LTS/include/file.h", line 109: error #91: function returning function is not allowed
"/home/dell/ti/ccs9/ccs/tools/compiler/ti-cgt-arm_18.12.2.LTS/include/file.h", line 109: error #66: expected a ";"
"../UARTUtils.h", line 104: error #760: function "off_t" is not a type name
"../UARTUtils.h", line 104: error #760: function "off_t" is not a type name
"../uartconsole.c", line 159: warning #225-D: function "add_device" declared implicitly
27 errors detected in the compilation of "../uartconsole.c".
gmake: *** [uartconsole.obj] Error 1
Building file: "../uartconsole.c"
Invoking: ARM Compiler
"/home/dell/ti/ccs9/ccs/tools/compiler/ti-cgt-arm_18.12.2.LTS/bin/armcl" -mv7M4 --code_state=16 --float_support=FPv4SPD16 -me --include_path="/home/dell/Documents/work/ccs_workspace/uartconsole_EK_TM4C123GXL_TI" --include_path="/home/dell/Documents/work/ccs_workspace/uartconsole_EK_TM4C123GXL_TI" --include_path="/home/dell/ti/tirtos_tivac_2_16_00_08/products/TivaWare_C_Series-2.1.1.71b" --include_path="/home/dell/ti/tirtos_tivac_2_16_00_08/products/bios_6_45_01_29/packages/ti/sysbios/posix" --include_path="/home/dell/ti/ccs9/ccs/tools/compiler/ti-cgt-arm_18.12.2.LTS/include" --define=ccs="ccs" --define=PART_TM4C123GH6PM --define=ccs --define=TIVAWARE -g --gcc --diag_warning=225 --diag_warning=255 --diag_wrap=off --display_error_number --gen_func_subsections=on --abi=eabi --preproc_with_compile --preproc_dependency="uartconsole.d_raw" --cmd_file="configPkg/compiler.opt" "../uartconsole.c"
 
>> Compilation failure
subdir_rules.mk:7: recipe for target 'uartconsole.obj' failed
gmake: Target 'all' not remade because of errors.

**** Build Finished ****

**** Build of configuration Debug for project uartecho_EK_TM4C123GXL_TI ****

/home/dell/ti/ccs9/ccs/utils/bin/gmake -k -j 8 all -O 
 
making ../src/sysbios/sysbios.aem4f ...
gmake[1]: Nothing to be done for 'all'.
making ../src/sysbios/sysbios.aem4f ...
gmake[2]: Nothing to be done for 'all'.

**** Build Finished ****

**** Clean-only build of configuration Debug for project TM4C123G LaunchPad UART ****

/home/dell/ti/ccs9/ccs/utils/bin/gmake -k -j 8 clean -O 
 
rm -rf  "TM4C123G LaunchPad UART.bin"  "TM4C123G LaunchPad UART.out" 
rm -rf "main.obj" "tm4c123gh6pm_startup_ccs.obj" 
rm -rf "main.d" "tm4c123gh6pm_startup_ccs.d" 
Finished clean
 

**** Build Finished ****

**** Build of configuration Debug for project TM4C123G LaunchPad UART ****

/home/dell/ti/ccs9/ccs/utils/bin/gmake -k -j 8 all -O 
 
Building file: "../main.c"
Invoking: ARM Compiler
"/home/dell/ti/ccs9/ccs/tools/compiler/ti-cgt-arm_18.12.1.LTS/bin/armcl" -mv7M4 --code_state=16 --float_support=FPv4SPD16 -me --include_path="/home/dell/Documents/work/tmp/ARM-TM4C-CCS/TM4C123G LaunchPad UART" --include_path="/home/dell/ti/ccs9/ccs/tools/compiler/ti-cgt-arm_18.12.1.LTS/include" --include_path="C:/ti/TivaWare_C_Series-2.1.4.178" --define=ccs="ccs" --define=TARGET_IS_BLIZZARD_RB1 --define=PART_TM4C123GH6PM -g --gcc --diag_warning=225 --diag_wrap=off --display_error_number --abi=eabi --preproc_with_compile --preproc_dependency="main.d_raw"  "../main.c"
 
>> Compilation failure
subdir_rules.mk:7: recipe for target 'main.obj' failed
gmake: *** No rule to make target '/home/dell/ti/ccs9/ccs/eclipse/TIVAWARE_INSTALL/driverlib/ccs/Debug/driverlib.lib', needed by 'all'.
"../main.c", line 17: fatal error #1965: cannot open source file "inc/tm4c123gh6pm.h"
1 catastrophic error detected in the compilation of "../main.c".
Compilation terminated.
gmake: *** [main.obj] Error 1
Building file: "../tm4c123gh6pm_startup_ccs.c"
Invoking: ARM Compiler
"/home/dell/ti/ccs9/ccs/tools/compiler/ti-cgt-arm_18.12.1.LTS/bin/armcl" -mv7M4 --code_state=16 --float_support=FPv4SPD16 -me --include_path="/home/dell/Documents/work/tmp/ARM-TM4C-CCS/TM4C123G LaunchPad UART" --include_path="/home/dell/ti/ccs9/ccs/tools/compiler/ti-cgt-arm_18.12.1.LTS/include" --include_path="C:/ti/TivaWare_C_Series-2.1.4.178" --define=ccs="ccs" --define=TARGET_IS_BLIZZARD_RB1 --define=PART_TM4C123GH6PM -g --gcc --diag_warning=225 --diag_wrap=off --display_error_number --abi=eabi --preproc_with_compile --preproc_dependency="tm4c123gh6pm_startup_ccs.d_raw"  "../tm4c123gh6pm_startup_ccs.c"
Finished building: "../tm4c123gh6pm_startup_ccs.c"
 
gmake: Target 'all' not remade because of errors.

**** Build Finished ****

**** Build of configuration Debug for project TM4C123G LaunchPad UART ****

/home/dell/ti/ccs9/ccs/utils/bin/gmake -k -j 8 all -O 
 
Building file: "../main.c"
Invoking: ARM Compiler
"/home/dell/ti/ccs9/ccs/tools/compiler/ti-cgt-arm_18.12.1.LTS/bin/armcl" -mv7M4 --code_state=16 --float_support=FPv4SPD16 -me --include_path="/home/dell/Documents/work/tmp/ARM-TM4C-CCS/TM4C123G LaunchPad UART" --include_path="/home/dell/ti/ccs9/ccs/tools/compiler/ti-cgt-arm_18.12.1.LTS/include" --include_path="C:/ti/TivaWare_C_Series-2.1.4.178" --define=ccs="ccs" --define=TARGET_IS_BLIZZARD_RB1 --define=PART_TM4C123GH6PM -g --gcc --diag_warning=225 --diag_wrap=off --display_error_number --abi=eabi --preproc_with_compile --preproc_dependency="main.d_raw"  "../main.c"
 
>> Compilation failure
subdir_rules.mk:7: recipe for target 'main.obj' failed
gmake: *** No rule to make target '/home/dell/ti/ccs9/ccs/eclipse/TIVAWARE_INSTALL/driverlib/ccs/Debug/driverlib.lib', needed by 'all'.
"../main.c", line 18: fatal error #1965: cannot open source file "inc/hw_memmap.h"
1 catastrophic error detected in the compilation of "../main.c".
Compilation terminated.
gmake: *** [main.obj] Error 1
gmake: Target 'all' not remade because of errors.

**** Build Finished ****

**** Build of configuration Debug for project TM4C123G LaunchPad UART ****

/home/dell/ti/ccs9/ccs/utils/bin/gmake -k -j 8 all -O 
 
Building file: "../main.c"
Invoking: ARM Compiler
"/home/dell/ti/ccs9/ccs/tools/compiler/ti-cgt-arm_18.12.1.LTS/bin/armcl" -mv7M4 --code_state=16 --float_support=FPv4SPD16 -me --include_path="/home/dell/Documents/work/tmp/ARM-TM4C-CCS/TM4C123G LaunchPad UART" --include_path="/home/dell/ti/ccs9/ccs/tools/compiler/ti-cgt-arm_18.12.1.LTS/include" --include_path="C:/ti/TivaWare_C_Series-2.1.4.178" --define=ccs="ccs" --define=TARGET_IS_BLIZZARD_RB1 --define=PART_TM4C123GH6PM -g --gcc --diag_warning=225 --diag_wrap=off --display_error_number --abi=eabi --preproc_with_compile --preproc_dependency="main.d_raw"  "../main.c"
 
>> Compilation failure
subdir_rules.mk:7: recipe for target 'main.obj' failed
gmake: *** No rule to make target '/home/dell/ti/ccs9/ccs/eclipse/TIVAWARE_INSTALL/driverlib/ccs/Debug/driverlib.lib', needed by 'all'.
"../main.c", line 19: fatal error #1965: cannot open source file "inc/hw_types.h"
1 catastrophic error detected in the compilation of "../main.c".
Compilation terminated.
gmake: *** [main.obj] Error 1
gmake: Target 'all' not remade because of errors.

**** Build Finished ****

**** Build of configuration Debug for project TM4C123G LaunchPad UART ****

/home/dell/ti/ccs9/ccs/utils/bin/gmake -k -j 8 all -O 
 
Building file: "../main.c"
Invoking: ARM Compiler
"/home/dell/ti/ccs9/ccs/tools/compiler/ti-cgt-arm_18.12.1.LTS/bin/armcl" -mv7M4 --code_state=16 --float_support=FPv4SPD16 -me --include_path="/home/dell/Documents/work/tmp/ARM-TM4C-CCS/TM4C123G LaunchPad UART" --include_path="/home/dell/ti/ccs9/ccs/tools/compiler/ti-cgt-arm_18.12.1.LTS/include" --include_path="C:/ti/TivaWare_C_Series-2.1.4.178" --define=ccs="ccs" --define=TARGET_IS_BLIZZARD_RB1 --define=PART_TM4C123GH6PM -g --gcc --diag_warning=225 --diag_wrap=off --display_error_number --abi=eabi --preproc_with_compile --preproc_dependency="main.d_raw"  "../main.c"
 
>> Compilation failure
subdir_rules.mk:7: recipe for target 'main.obj' failed
gmake: *** No rule to make target '/home/dell/ti/ccs9/ccs/eclipse/TIVAWARE_INSTALL/driverlib/ccs/Debug/driverlib.lib', needed by 'all'.
"../main.c", line 21: fatal error #1965: cannot open source file "driverlib/debug.h"
1 catastrophic error detected in the compilation of "../main.c".
Compilation terminated.
gmake: *** [main.obj] Error 1
gmake: Target 'all' not remade because of errors.

**** Build Finished ****

**** Build of configuration Debug for project TM4C123G LaunchPad UART ****

/home/dell/ti/ccs9/ccs/utils/bin/gmake -k -j 8 all -O 
 
Building file: "../main.c"
Invoking: ARM Compiler
"/home/dell/ti/ccs9/ccs/tools/compiler/ti-cgt-arm_18.12.1.LTS/bin/armcl" -mv7M4 --code_state=16 --float_support=FPv4SPD16 -me --include_path="/home/dell/Documents/work/tmp/ARM-TM4C-CCS/TM4C123G LaunchPad UART" --include_path="/home/dell/ti/ccs9/ccs/tools/compiler/ti-cgt-arm_18.12.1.LTS/include" --include_path="C:/ti/TivaWare_C_Series-2.1.4.178" --define=ccs="ccs" --define=TARGET_IS_BLIZZARD_RB1 --define=PART_TM4C123GH6PM -g --gcc --diag_warning=225 --diag_wrap=off --display_error_number --abi=eabi --preproc_with_compile --preproc_dependency="main.d_raw"  "../main.c"
 
>> Compilation failure
subdir_rules.mk:7: recipe for target 'main.obj' failed
gmake: *** No rule to make target '/home/dell/ti/ccs9/ccs/eclipse/TIVAWARE_INSTALL/driverlib/ccs/Debug/driverlib.lib', needed by 'all'.
"../main.c", line 17: fatal error #1965: cannot open source file "inc/tm4c123gh6pm.h"
1 catastrophic error detected in the compilation of "../main.c".
Compilation terminated.
gmake: *** [main.obj] Error 1
gmake: Target 'all' not remade because of errors.

**** Build Finished ****

**** Build of configuration Debug for project testUart ****

/home/dell/ti/ccs9/ccs/utils/bin/gmake -k -j 8 all -O 
 
Building file: "../main.c"
Invoking: ARM Compiler
"/home/dell/ti/ccs9/ccs/tools/compiler/ti-cgt-arm_18.12.2.LTS/bin/armcl" -mv7M4 --code_state=16 --float_support=FPv4SPD16 -me --include_path="/home/dell/Documents/work/ccs_workspace/testUart" --include_path="/home/dell/ti/ccs9/ccs/tools/compiler/ti-cgt-arm_18.12.2.LTS/include" --define=ccs="ccs" --define=PART_TM4C123GH6PM -g --gcc --diag_warning=225 --diag_wrap=off --display_error_number --abi=eabi --preproc_with_compile --preproc_dependency="main.d_raw"  "../main.c"
Finished building: "../main.c"
 
Building file: "../tm4c123gh6pm_startup_ccs.c"
Invoking: ARM Compiler
"/home/dell/ti/ccs9/ccs/tools/compiler/ti-cgt-arm_18.12.2.LTS/bin/armcl" -mv7M4 --code_state=16 --float_support=FPv4SPD16 -me --include_path="/home/dell/Documents/work/ccs_workspace/testUart" --include_path="/home/dell/ti/ccs9/ccs/tools/compiler/ti-cgt-arm_18.12.2.LTS/include" --define=ccs="ccs" --define=PART_TM4C123GH6PM -g --gcc --diag_warning=225 --diag_wrap=off --display_error_number --abi=eabi --preproc_with_compile --preproc_dependency="tm4c123gh6pm_startup_ccs.d_raw"  "../tm4c123gh6pm_startup_ccs.c"
Finished building: "../tm4c123gh6pm_startup_ccs.c"
 
Building target: "testUart.out"
Invoking: ARM Linker
"/home/dell/ti/ccs9/ccs/tools/compiler/ti-cgt-arm_18.12.2.LTS/bin/armcl" -mv7M4 --code_state=16 --float_support=FPv4SPD16 -me --define=ccs="ccs" --define=PART_TM4C123GH6PM -g --gcc --diag_warning=225 --diag_wrap=off --display_error_number --abi=eabi -z -m"testUart.map" --heap_size=0 --stack_size=512 -i"/home/dell/ti/ccs9/ccs/tools/compiler/ti-cgt-arm_18.12.2.LTS/lib" -i"/home/dell/ti/ccs9/ccs/tools/compiler/ti-cgt-arm_18.12.2.LTS/include" --reread_libs --diag_wrap=off --display_error_number --warn_sections --xml_link_info="testUart_linkInfo.xml" --rom_model -o "testUart.out" "./main.obj" "./tm4c123gh6pm_startup_ccs.obj" "../tm4c123gh6pm.cmd"  -llibc.a 
<Linking>
Finished building target: "testUart.out"
 

**** Build Finished ****

**** Build of configuration Debug for project testUart ****

/home/dell/ti/ccs9/ccs/utils/bin/gmake -k -j 8 all -O 
 
Building file: "../main.c"
Invoking: ARM Compiler
"/home/dell/ti/ccs9/ccs/tools/compiler/ti-cgt-arm_18.12.2.LTS/bin/armcl" -mv7M4 --code_state=16 --float_support=FPv4SPD16 -me --include_path="/home/dell/Documents/work/ccs_workspace/testUart" --include_path="/home/dell/ti/ccs9/ccs/tools/compiler/ti-cgt-arm_18.12.2.LTS/include" --define=ccs="ccs" --define=PART_TM4C123GH6PM -g --gcc --diag_warning=225 --diag_wrap=off --display_error_number --abi=eabi --preproc_with_compile --preproc_dependency="main.d_raw"  "../main.c"
Finished building: "../main.c"
 
Building target: "testUart.out"
Invoking: ARM Linker
"/home/dell/ti/ccs9/ccs/tools/compiler/ti-cgt-arm_18.12.2.LTS/bin/armcl" -mv7M4 --code_state=16 --float_support=FPv4SPD16 -me --define=ccs="ccs" --define=PART_TM4C123GH6PM -g --gcc --diag_warning=225 --diag_wrap=off --display_error_number --abi=eabi -z -m"testUart.map" --heap_size=0 --stack_size=512 -i"/home/dell/ti/ccs9/ccs/tools/compiler/ti-cgt-arm_18.12.2.LTS/lib" -i"/home/dell/ti/ccs9/ccs/tools/compiler/ti-cgt-arm_18.12.2.LTS/include" --reread_libs --diag_wrap=off --display_error_number --warn_sections --xml_link_info="testUart_linkInfo.xml" --rom_model -o "testUart.out" "./main.obj" "./tm4c123gh6pm_startup_ccs.obj" "../tm4c123gh6pm.cmd"  -llibc.a 
<Linking>
Finished building target: "testUart.out"
 

**** Build Finished ****

**** Build of configuration Debug for project testUart ****

/home/dell/ti/ccs9/ccs/utils/bin/gmake -k -j 8 all -O 
 
Building file: "../main.c"
Invoking: ARM Compiler
"/home/dell/ti/ccs9/ccs/tools/compiler/ti-cgt-arm_18.12.2.LTS/bin/armcl" -mv7M4 --code_state=16 --float_support=FPv4SPD16 -me --include_path="/home/dell/Documents/work/ccs_workspace/testUart" --include_path="/home/dell/ti/ccs9/ccs/tools/compiler/ti-cgt-arm_18.12.2.LTS/include" --define=ccs="ccs" --define=PART_TM4C123GH6PM -g --gcc --diag_warning=225 --diag_wrap=off --display_error_number --abi=eabi --preproc_with_compile --preproc_dependency="main.d_raw"  "../main.c"
 
>> Compilation failure
subdir_rules.mk:7: recipe for target 'main.obj' failed
"../main.c", line 4: fatal error #1965: cannot open source file "inc/hw_ints.h"
1 catastrophic error detected in the compilation of "../main.c".
Compilation terminated.
gmake: *** [main.obj] Error 1
gmake: Target 'all' not remade because of errors.

**** Build Finished ****
