
**** Build of configuration Debug for project test ****

/home/dell/ti/ccs9/ccs/utils/bin/gmake -k -j 8 all -O 
 
Building file: "../myApp.c"
Invoking: ARM Compiler
"/home/dell/ti/ccs9/ccs/tools/compiler/ti-cgt-arm_18.12.2.LTS/bin/armcl" -mv7M4 --code_state=16 --float_support=FPv4SPD16 -me --include_path="/home/dell/Documents/work/ccs_workspace/test" --include_path="/home/dell/ti/ccs9/ccs/tools/compiler/ti-cgt-arm_18.12.2.LTS/include" --define=ccs="ccs" --define=PART_TM4C123GH6PM -g --gcc --diag_warning=225 --diag_wrap=off --display_error_number --abi=eabi --preproc_with_compile --preproc_dependency="myApp.d_raw"  "../myApp.c"
 
>> Compilation failure
subdir_rules.mk:7: recipe for target 'myApp.obj' failed
"../myApp.c", line 37: fatal error #1965: cannot open source file "xdc/std.h"
1 catastrophic error detected in the compilation of "../myApp.c".
Compilation terminated.
gmake: *** [myApp.obj] Error 1
gmake: Target 'all' not remade because of errors.

**** Build Finished ****
