
**** Build of configuration Debug for project TM4C123G LaunchPad UART ****

/home/dell/ti/ccs9/ccs/utils/bin/gmake -k -j 8 all -O 
 
Building file: "../main.c"
Invoking: ARM Compiler
"/home/dell/ti/ccs9/ccs/tools/compiler/ti-cgt-arm_18.12.1.LTS/bin/armcl" -mv7M4 --code_state=16 --float_support=FPv4SPD16 -me --include_path="/home/dell/Documents/work/tmp/ARM-TM4C-CCS/TM4C123G LaunchPad UART" --include_path="/home/dell/ti/ccs9/ccs/tools/compiler/ti-cgt-arm_18.12.1.LTS/include" --include_path="C:/ti/TivaWare_C_Series-2.1.4.178" --define=ccs="ccs" --define=TARGET_IS_BLIZZARD_RB1 --define=PART_TM4C123GH6PM -g --gcc --diag_warning=225 --diag_wrap=off --display_error_number --abi=eabi --preproc_with_compile --preproc_dependency="main.d_raw"  "../main.c"
 
>> Compilation failure
subdir_rules.mk:7: recipe for target 'main.obj' failed
gmake: *** No rule to make target '/home/dell/ti/ccs9/ccs/eclipse/TIVAWARE_INSTALL/driverlib/ccs/Debug/driverlib.lib', needed by 'all'.
"../main.c", line 17: fatal error #1965: cannot open source file "inc/tm4c123gh6pm.h"
1 catastrophic error detected in the compilation of "../main.c".
Compilation terminated.
gmake: *** [main.obj] Error 1
gmake: Target 'all' not remade because of errors.

**** Build Finished ****
