
**** Build of configuration Debug for project uartconsole_EK_TM4C123GXL_TI ****

/home/dell/ti/ccs9/ccs/utils/bin/gmake -k -j 8 all -O 
 
making ../src/sysbios/sysbios.aem4f ...
gmake[1]: Nothing to be done for 'all'.
Building file: "../UARTUtils.c"
Invoking: ARM Compiler
"/home/dell/ti/ccs9/ccs/tools/compiler/ti-cgt-arm_18.12.2.LTS/bin/armcl" -mv7M4 --code_state=16 --float_support=FPv4SPD16 -me --include_path="/home/dell/Documents/work/ccs_workspace/uartconsole_EK_TM4C123GXL_TI" --include_path="/home/dell/Documents/work/ccs_workspace/uartconsole_EK_TM4C123GXL_TI" --include_path="/home/dell/ti/tirtos_tivac_2_16_00_08/products/TivaWare_C_Series-2.1.1.71b" --include_path="/home/dell/ti/tirtos_tivac_2_16_00_08/products/bios_6_45_01_29/packages/ti/sysbios/posix" --include_path="/home/dell/ti/ccs9/ccs/tools/compiler/ti-cgt-arm_18.12.2.LTS/include" --define=ccs="ccs" --define=PART_TM4C123GH6PM --define=ccs --define=TIVAWARE -g --gcc --diag_warning=225 --diag_warning=255 --diag_wrap=off --display_error_number --gen_func_subsections=on --abi=eabi --preproc_with_compile --preproc_dependency="UARTUtils.d_raw" --cmd_file="configPkg/compiler.opt" "../UARTUtils.c"
 
>> Compilation failure
subdir_rules.mk:7: recipe for target 'UARTUtils.obj' failed
"/home/dell/ti/ccs9/ccs/tools/compiler/ti-cgt-arm_18.12.2.LTS/include/file.h", line 101: error #41: expected an identifier
"/home/dell/ti/ccs9/ccs/tools/compiler/ti-cgt-arm_18.12.2.LTS/include/file.h", line 101: error #18: expected a ")"
"/home/dell/ti/ccs9/ccs/tools/compiler/ti-cgt-arm_18.12.2.LTS/include/file.h", line 102: error #41: expected an identifier
"/home/dell/ti/ccs9/ccs/tools/compiler/ti-cgt-arm_18.12.2.LTS/include/file.h", line 103: error #41: expected an identifier
"/home/dell/ti/ccs9/ccs/tools/compiler/ti-cgt-arm_18.12.2.LTS/include/file.h", line 103: error #80: expected a type specifier
"/home/dell/ti/ccs9/ccs/tools/compiler/ti-cgt-arm_18.12.2.LTS/include/file.h", line 103: error #91: function returning function is not allowed
"/home/dell/ti/ccs9/ccs/tools/compiler/ti-cgt-arm_18.12.2.LTS/include/file.h", line 104: error #41: expected an identifier
"/home/dell/ti/ccs9/ccs/tools/compiler/ti-cgt-arm_18.12.2.LTS/include/file.h", line 104: error #80: expected a type specifier
"/home/dell/ti/ccs9/ccs/tools/compiler/ti-cgt-arm_18.12.2.LTS/include/file.h", line 104: error #91: function returning function is not allowed
"/home/dell/ti/ccs9/ccs/tools/compiler/ti-cgt-arm_18.12.2.LTS/include/file.h", line 105: error #41: expected an identifier
"/home/dell/ti/ccs9/ccs/tools/compiler/ti-cgt-arm_18.12.2.LTS/include/file.h", line 105: error #80: expected a type specifier
"/home/dell/ti/ccs9/ccs/tools/compiler/ti-cgt-arm_18.12.2.LTS/include/file.h", line 105: error #91: function returning function is not allowed
"/home/dell/ti/ccs9/ccs/tools/compiler/ti-cgt-arm_18.12.2.LTS/include/file.h", line 106: error #41: expected an identifier
"/home/dell/ti/ccs9/ccs/tools/compiler/ti-cgt-arm_18.12.2.LTS/include/file.h", line 106: error #80: expected a type specifier
"/home/dell/ti/ccs9/ccs/tools/compiler/ti-cgt-arm_18.12.2.LTS/include/file.h", line 106: error #91: function returning function is not allowed
"/home/dell/ti/ccs9/ccs/tools/compiler/ti-cgt-arm_18.12.2.LTS/include/file.h", line 107: error #80: expected a type specifier
"/home/dell/ti/ccs9/ccs/tools/compiler/ti-cgt-arm_18.12.2.LTS/include/file.h", line 107: error #91: function returning function is not allowed
"/home/dell/ti/ccs9/ccs/tools/compiler/ti-cgt-arm_18.12.2.LTS/include/file.h", line 107: error #102: "off_t" has already been declared in the current scope
"/home/dell/ti/ccs9/ccs/tools/compiler/ti-cgt-arm_18.12.2.LTS/include/file.h", line 108: error #41: expected an identifier
"/home/dell/ti/ccs9/ccs/tools/compiler/ti-cgt-arm_18.12.2.LTS/include/file.h", line 108: error #80: expected a type specifier
"/home/dell/ti/ccs9/ccs/tools/compiler/ti-cgt-arm_18.12.2.LTS/include/file.h", line 108: error #91: function returning function is not allowed
"/home/dell/ti/ccs9/ccs/tools/compiler/ti-cgt-arm_18.12.2.LTS/include/file.h", line 109: error #41: expected an identifier
"/home/dell/ti/ccs9/ccs/tools/compiler/ti-cgt-arm_18.12.2.LTS/include/file.h", line 109: error #80: expected a type specifier
"/home/dell/ti/ccs9/ccs/tools/compiler/ti-cgt-arm_18.12.2.LTS/include/file.h", line 109: error #91: function returning function is not allowed
"/home/dell/ti/ccs9/ccs/tools/compiler/ti-cgt-arm_18.12.2.LTS/include/file.h", line 109: error #66: expected a ";"
"../UARTUtils.h", line 104: error #760: function "off_t" is not a type name
"../UARTUtils.h", line 104: error #760: function "off_t" is not a type name
"../UARTUtils.c", line 190: error #760: function "off_t" is not a type name
"../UARTUtils.c", line 190: error #760: function "off_t" is not a type name
29 errors detected in the compilation of "../UARTUtils.c".
gmake: *** [UARTUtils.obj] Error 1
"/home/dell/ti/ccs9/ccs/tools/compiler/ti-cgt-arm_18.12.2.LTS/include/file.h", line 101: error #41: expected an identifier
"/home/dell/ti/ccs9/ccs/tools/compiler/ti-cgt-arm_18.12.2.LTS/include/file.h", line 101: error #18: expected a ")"
"/home/dell/ti/ccs9/ccs/tools/compiler/ti-cgt-arm_18.12.2.LTS/include/file.h", line 102: error #41: expected an identifier
"/home/dell/ti/ccs9/ccs/tools/compiler/ti-cgt-arm_18.12.2.LTS/include/file.h", line 103: error #41: expected an identifier
"/home/dell/ti/ccs9/ccs/tools/compiler/ti-cgt-arm_18.12.2.LTS/include/file.h", line 103: error #80: expected a type specifier
"/home/dell/ti/ccs9/ccs/tools/compiler/ti-cgt-arm_18.12.2.LTS/include/file.h", line 103: error #91: function returning function is not allowed
"/home/dell/ti/ccs9/ccs/tools/compiler/ti-cgt-arm_18.12.2.LTS/include/file.h", line 104: error #41: expected an identifier
"/home/dell/ti/ccs9/ccs/tools/compiler/ti-cgt-arm_18.12.2.LTS/include/file.h", line 104: error #80: expected a type specifier
"/home/dell/ti/ccs9/ccs/tools/compiler/ti-cgt-arm_18.12.2.LTS/include/file.h", line 104: error #91: function returning function is not allowed
"/home/dell/ti/ccs9/ccs/tools/compiler/ti-cgt-arm_18.12.2.LTS/include/file.h", line 105: error #41: expected an identifier
"/home/dell/ti/ccs9/ccs/tools/compiler/ti-cgt-arm_18.12.2.LTS/include/file.h", line 105: error #80: expected a type specifier
"/home/dell/ti/ccs9/ccs/tools/compiler/ti-cgt-arm_18.12.2.LTS/include/file.h", line 105: error #91: function returning function is not allowed
"/home/dell/ti/ccs9/ccs/tools/compiler/ti-cgt-arm_18.12.2.LTS/include/file.h", line 106: error #41: expected an identifier
"/home/dell/ti/ccs9/ccs/tools/compiler/ti-cgt-arm_18.12.2.LTS/include/file.h", line 106: error #80: expected a type specifier
"/home/dell/ti/ccs9/ccs/tools/compiler/ti-cgt-arm_18.12.2.LTS/include/file.h", line 106: error #91: function returning function is not allowed
"/home/dell/ti/ccs9/ccs/tools/compiler/ti-cgt-arm_18.12.2.LTS/include/file.h", line 107: error #80: expected a type specifier
"/home/dell/ti/ccs9/ccs/tools/compiler/ti-cgt-arm_18.12.2.LTS/include/file.h", line 107: error #91: function returning function is not allowed
"/home/dell/ti/ccs9/ccs/tools/compiler/ti-cgt-arm_18.12.2.LTS/include/file.h", line 107: error #102: "off_t" has already been declared in the current scope
"/home/dell/ti/ccs9/ccs/tools/compiler/ti-cgt-arm_18.12.2.LTS/include/file.h", line 108: error #41: expected an identifier
"/home/dell/ti/ccs9/ccs/tools/compiler/ti-cgt-arm_18.12.2.LTS/include/file.h", line 108: error #80: expected a type specifier
"/home/dell/ti/ccs9/ccs/tools/compiler/ti-cgt-arm_18.12.2.LTS/include/file.h", line 108: error #91: function returning function is not allowed
"/home/dell/ti/ccs9/ccs/tools/compiler/ti-cgt-arm_18.12.2.LTS/include/file.h", line 109: error #41: expected an identifier
"/home/dell/ti/ccs9/ccs/tools/compiler/ti-cgt-arm_18.12.2.LTS/include/file.h", line 109: error #80: expected a type specifier
"/home/dell/ti/ccs9/ccs/tools/compiler/ti-cgt-arm_18.12.2.LTS/include/file.h", line 109: error #91: function returning function is not allowed
"/home/dell/ti/ccs9/ccs/tools/compiler/ti-cgt-arm_18.12.2.LTS/include/file.h", line 109: error #66: expected a ";"
"../UARTUtils.h", line 104: error #760: function "off_t" is not a type name
"../UARTUtils.h", line 104: error #760: function "off_t" is not a type name
"../uartconsole.c", line 159: warning #225-D: function "add_device" declared implicitly
27 errors detected in the compilation of "../uartconsole.c".
gmake: *** [uartconsole.obj] Error 1
Building file: "../uartconsole.c"
Invoking: ARM Compiler
"/home/dell/ti/ccs9/ccs/tools/compiler/ti-cgt-arm_18.12.2.LTS/bin/armcl" -mv7M4 --code_state=16 --float_support=FPv4SPD16 -me --include_path="/home/dell/Documents/work/ccs_workspace/uartconsole_EK_TM4C123GXL_TI" --include_path="/home/dell/Documents/work/ccs_workspace/uartconsole_EK_TM4C123GXL_TI" --include_path="/home/dell/ti/tirtos_tivac_2_16_00_08/products/TivaWare_C_Series-2.1.1.71b" --include_path="/home/dell/ti/tirtos_tivac_2_16_00_08/products/bios_6_45_01_29/packages/ti/sysbios/posix" --include_path="/home/dell/ti/ccs9/ccs/tools/compiler/ti-cgt-arm_18.12.2.LTS/include" --define=ccs="ccs" --define=PART_TM4C123GH6PM --define=ccs --define=TIVAWARE -g --gcc --diag_warning=225 --diag_warning=255 --diag_wrap=off --display_error_number --gen_func_subsections=on --abi=eabi --preproc_with_compile --preproc_dependency="uartconsole.d_raw" --cmd_file="configPkg/compiler.opt" "../uartconsole.c"
 
>> Compilation failure
subdir_rules.mk:7: recipe for target 'uartconsole.obj' failed
gmake: Target 'all' not remade because of errors.

**** Build Finished ****
